#                                                                                                                     --- full sequence ---- --- best 1 domain ---- --- domain number estimation ----
# target name        accession  query name                                                                 accession    E-value  score  bias   E-value  score  bias   exp reg clu  ov env dom rep inc description of target
#------------------- ----------                                                       -------------------- ---------- --------- ------ ----- --------- ------ -----   --- --- --- --- --- --- --- --- ---------------------
IcmL                 PF11393.3  GCF_900474925.1.gbff.1.gbk_GCF_900474925.1.gbff.1.gbk_NZ_LS483334.1_30852_32049 -            0.00018   13.9   0.6   0.00018   13.9   0.4   2.3   2   1   0   2   2   2   1 Macrophage killing protein with similarity to conjugation protein
Pfam-B_3022          PB003022   GCF_900474925.1.gbff.1.gbk_GCF_900474925.1.gbff.1.gbk_NZ_LS483334.1_87717_88437 -            7.5e-06   16.8   0.0   1.2e-05   16.0   0.0   1.3   1   0   0   1   1   1   1 -
T2SSE                PF00437.16 GCF_900474925.1.gbff.1.gbk_GCF_900474925.1.gbff.1.gbk_NZ_LS483334.1_101550_102489 -            4.8e-43  139.3   0.0   1.1e-42  138.1   0.0   1.4   1   1   0   1   1   1   1 Type II/IV secretion system protein
traP_typeI           -          GCF_900474925.1.gbff.1.gbk_GCF_900474925.1.gbff.1.gbk_NZ_LS483334.1_152515_153520 -                1.6    0.4  42.4     0.033    5.9   3.3   3.8   1   1   3   4   4   4   0 -
Pfam-B_3022          PB003022   GCF_900474925.1.gbff.1.gbk_GCF_900474925.1.gbff.1.gbk_NZ_LS483334.1_173587_174784 -            5.6e-07   20.5   0.1   8.6e-07   19.9   0.0   1.2   1   0   0   1   1   1   1 -
AAA_10               PF12846.2  GCF_900474925.1.gbff.1.gbk_GCF_900474925.1.gbff.1.gbk_NZ_LS483334.1_173587_174784 -              3e-05   15.7   6.3   0.00051   11.7   0.5   3.1   1   1   1   3   3   3   2 AAA-like domain
FtsK_SpoIIIE         PF01580.13 GCF_900474925.1.gbff.1.gbk_GCF_900474925.1.gbff.1.gbk_NZ_LS483334.1_196050_197757 -            0.00024   13.0   0.1     0.001   11.0   0.0   2.1   3   0   0   3   3   3   1 FtsK/SpoIIIE family
Pfam-B_3022          PB003022   GCF_900474925.1.gbff.1.gbk_GCF_900474925.1.gbff.1.gbk_NZ_LS483334.1_196050_197757 -            0.00039   11.1   0.1   0.00053   10.7   0.1   1.1   1   0   0   1   1   1   1 -
T2SSE                PF00437.16 GCF_900474925.1.gbff.1.gbk_GCF_900474925.1.gbff.1.gbk_NZ_LS483334.1_197759_199544 -              2e-05   15.9   0.4   5.7e-05   14.4   0.0   1.9   3   0   0   3   3   3   1 Type II/IV secretion system protein
AAA_10               PF12846.2  GCF_900474925.1.gbff.1.gbk_GCF_900474925.1.gbff.1.gbk_NZ_LS483334.1_197759_199544 -            8.7e-05   14.2   2.3   0.00014   13.6   0.1   2.3   2   1   0   2   2   2   1 AAA-like domain
FtsK_SpoIIIE         PF01580.13 GCF_900474925.1.gbff.1.gbk_GCF_900474925.1.gbff.1.gbk_NZ_LS483334.1_197759_199544 -            0.00043   12.2   0.1    0.0011   10.9   0.0   1.6   1   0   0   1   1   1   1 FtsK/SpoIIIE family
AAA_10               PF12846.2  GCF_900474925.1.gbff.1.gbk_GCF_900474925.1.gbff.1.gbk_NZ_LS483334.1_223289_224162 -            0.00011   13.9   0.0   0.00021   12.9   0.0   1.4   1   0   0   1   1   1   1 AAA-like domain
TraI_2               PF07514.6  GCF_900474925.1.gbff.1.gbk_GCF_900474925.1.gbff.1.gbk_NZ_LS483334.1_226721_227660 -              8e-05   13.9   0.8   0.00014   13.1   0.0   1.8   3   0   0   3   3   3   1 Putative helicase
AAA_10               PF12846.2  GCF_900474925.1.gbff.1.gbk_GCF_900474925.1.gbff.1.gbk_NZ_LS483334.1_236892_237633 -            5.4e-06   18.2   0.4   1.2e-05   17.0   0.3   1.6   1   1   0   1   1   1   1 AAA-like domain
FtsK_SpoIIIE         PF01580.13 GCF_900474925.1.gbff.1.gbk_GCF_900474925.1.gbff.1.gbk_NZ_LS483334.1_236892_237633 -             0.0004   12.3   0.1   0.00075   11.4   0.1   1.4   1   0   0   1   1   1   1 FtsK/SpoIIIE family
AAA_10               PF12846.2  GCF_900474925.1.gbff.1.gbk_GCF_900474925.1.gbff.1.gbk_NZ_LS483334.1_257223_258294 -            4.3e-06   18.5   1.9   0.00015   13.4   0.5   2.4   1   1   1   3   3   3   2 AAA-like domain
T2SSE                PF00437.16 GCF_900474925.1.gbff.1.gbk_GCF_900474925.1.gbff.1.gbk_NZ_LS483334.1_312499_314953 -            1.9e-05   16.0   0.1   6.5e-05   14.2   0.0   2.0   3   0   0   3   3   3   1 Type II/IV secretion system protein
TraF                 PF13728.2  GCF_900474925.1.gbff.1.gbk_GCF_900474925.1.gbff.1.gbk_NZ_LS483334.1_320584_320917 -            9.7e-06   17.6   0.0   1.3e-05   17.1   0.0   1.2   1   0   0   1   1   1   1 F plasmid transfer operon protein
TrbC_Ftype           PF09673.5  GCF_900474925.1.gbff.1.gbk_GCF_900474925.1.gbff.1.gbk_NZ_LS483334.1_320584_320917 -            4.1e-05   15.6   0.0   4.9e-05   15.4   0.0   1.2   1   0   0   1   1   1   1 Type-F conjugative transfer system pilin assembly protein
AAA_10               PF12846.2  GCF_900474925.1.gbff.1.gbk_GCF_900474925.1.gbff.1.gbk_NZ_LS483334.1_326694_329523 -            6.3e-07   21.3   3.4     3e-05   15.7   0.1   2.6   2   1   0   2   2   2   2 AAA-like domain
T2SSE                PF00437.16 GCF_900474925.1.gbff.1.gbk_GCF_900474925.1.gbff.1.gbk_NZ_LS483334.1_326694_329523 -            5.3e-06   17.8   0.6   0.00058   11.1   0.0   2.7   3   0   0   3   3   3   2 Type II/IV secretion system protein
FtsK_SpoIIIE         PF01580.13 GCF_900474925.1.gbff.1.gbk_GCF_900474925.1.gbff.1.gbk_NZ_LS483334.1_326694_329523 -            7.4e-05   14.7   0.3   0.00077   11.3   0.0   2.2   2   0   0   2   2   2   1 FtsK/SpoIIIE family
FtsK_SpoIIIE         PF01580.13 GCF_900474925.1.gbff.1.gbk_GCF_900474925.1.gbff.1.gbk_NZ_LS483334.1_355846_356683 -             0.0002   13.2   0.0   0.00039   12.3   0.0   1.5   1   0   0   1   1   1   1 FtsK/SpoIIIE family
T2SSE                PF00437.16 GCF_900474925.1.gbff.1.gbk_GCF_900474925.1.gbff.1.gbk_NZ_LS483334.1_358435_360106 -            0.00022   12.5   0.0   0.00039   11.7   0.0   1.3   1   0   0   1   1   1   1 Type II/IV secretion system protein
AAA_10               PF12846.2  GCF_900474925.1.gbff.1.gbk_GCF_900474925.1.gbff.1.gbk_NZ_LS483334.1_358435_360106 -            0.00036   12.2   0.1   0.00095   10.8   0.0   1.8   2   0   0   2   2   2   1 AAA-like domain
T2SSE                PF00437.16 GCF_900474925.1.gbff.1.gbk_GCF_900474925.1.gbff.1.gbk_NZ_LS483334.1_361309_362764 -            2.4e-05   15.6   0.0   0.00022   12.5   0.0   2.2   2   0   0   2   2   2   1 Type II/IV secretion system protein
AAA_10               PF12846.2  GCF_900474925.1.gbff.1.gbk_GCF_900474925.1.gbff.1.gbk_NZ_LS483334.1_361309_362764 -             0.0001   14.0   0.3   0.00072   11.2   0.0   2.2   2   0   0   2   2   2   1 AAA-like domain
Pfam-B_3022          PB003022   GCF_900474925.1.gbff.1.gbk_GCF_900474925.1.gbff.1.gbk_NZ_LS483334.1_361309_362764 -            0.00018   12.2   0.1   0.00062   10.4   0.0   1.7   2   0   0   2   2   2   1 -
Pfam-B_3022          PB003022   GCF_900474925.1.gbff.1.gbk_GCF_900474925.1.gbff.1.gbk_NZ_LS483334.1_365445_366351 -            0.00056   10.6   0.1    0.0008   10.1   0.1   1.2   1   0   0   1   1   1   1 -
AAA_10               PF12846.2  GCF_900474925.1.gbff.1.gbk_GCF_900474925.1.gbff.1.gbk_NZ_LS483334.1_405094_405556 -            0.00052   11.7   0.1   0.00083   11.0   0.1   1.2   1   0   0   1   1   1   1 AAA-like domain
Pfam-B_706           PB000706   GCF_900474925.1.gbff.1.gbk_GCF_900474925.1.gbff.1.gbk_NZ_LS483334.1_431543_432266 -            6.9e-05   13.5   4.2   7.3e-05   13.4   2.9   1.1   1   0   0   1   1   1   1 -
AAA_10               PF12846.2  GCF_900474925.1.gbff.1.gbk_GCF_900474925.1.gbff.1.gbk_NZ_LS483334.1_464557_465301 -              1e-05   17.3   0.0   1.6e-05   16.6   0.0   1.4   1   1   0   1   1   1   1 AAA-like domain
FtsK_SpoIIIE         PF01580.13 GCF_900474925.1.gbff.1.gbk_GCF_900474925.1.gbff.1.gbk_NZ_LS483334.1_464557_465301 -            5.5e-05   15.1   0.0   0.00011   14.0   0.0   1.5   1   0   0   1   1   1   1 FtsK/SpoIIIE family
VirB3                PF05101.8  GCF_900474925.1.gbff.1.gbk_GCF_900474925.1.gbff.1.gbk_NZ_LS483334.1_465404_465629 -               0.43    3.1  10.1     0.088    5.3   0.2   2.0   1   1   1   2   2   2   0 Type IV secretory pathway, VirB3-like protein
TrwB_AAD_bind        PF10412.4  GCF_900474925.1.gbff.1.gbk_GCF_900474925.1.gbff.1.gbk_NZ_LS483334.1_488899_491284 -            3.6e-05   14.9   0.0   6.4e-05   14.0   0.0   1.3   1   0   0   1   1   1   1 Type IV secretion-system coupling protein DNA-binding domain
T2SSE                PF00437.16 GCF_900474925.1.gbff.1.gbk_GCF_900474925.1.gbff.1.gbk_NZ_LS483334.1_488899_491284 -            4.5e-05   14.7   0.0   0.00012   13.3   0.0   1.7   2   0   0   2   2   2   1 Type II/IV secretion system protein
Pfam-B_706           PB000706   GCF_900474925.1.gbff.1.gbk_GCF_900474925.1.gbff.1.gbk_NZ_LS483334.1_583737_584886 -              0.051    4.0   7.8     0.033    4.6   0.1   2.1   2   0   0   2   2   2   0 -
AAA_10               PF12846.2  GCF_900474925.1.gbff.1.gbk_GCF_900474925.1.gbff.1.gbk_NZ_LS483334.1_595239_597522 -            6.9e-07   21.1   4.8    0.0001   14.0   0.0   4.1   4   1   0   4   4   4   2 AAA-like domain
TrwB_AAD_bind        PF10412.4  GCF_900474925.1.gbff.1.gbk_GCF_900474925.1.gbff.1.gbk_NZ_LS483334.1_595239_597522 -            0.00059   10.8   0.7      0.04    4.8   0.0   2.8   3   0   0   3   3   3   2 Type IV secretion-system coupling protein DNA-binding domain
AAA_10               PF12846.2  GCF_900474925.1.gbff.1.gbk_GCF_900474925.1.gbff.1.gbk_NZ_LS483334.1_598862_599597 -            2.8e-07   22.4   0.3   2.8e-06   19.1   0.1   1.9   1   1   0   2   2   2   1 AAA-like domain
FtsK_SpoIIIE         PF01580.13 GCF_900474925.1.gbff.1.gbk_GCF_900474925.1.gbff.1.gbk_NZ_LS483334.1_598862_599597 -            1.8e-05   16.7   0.0   3.1e-05   15.9   0.0   1.4   1   0   0   1   1   1   1 FtsK/SpoIIIE family
T2SSE                PF00437.16 GCF_900474925.1.gbff.1.gbk_GCF_900474925.1.gbff.1.gbk_NZ_LS483334.1_598862_599597 -            0.00045   11.5   0.3   0.00082   10.6   0.0   1.5   2   0   0   2   2   2   1 Type II/IV secretion system protein
AAA_10               PF12846.2  GCF_900474925.1.gbff.1.gbk_GCF_900474925.1.gbff.1.gbk_NZ_LS483334.1_607945_609607 -             0.0063    8.1   9.3    0.0061    8.2   0.0   3.1   3   1   1   4   4   4   2 AAA-like domain
TrbC_Ftype           PF09673.5  GCF_900474925.1.gbff.1.gbk_GCF_900474925.1.gbff.1.gbk_NZ_LS483334.1_610944_611796 -            0.00014   13.9   0.0    0.0006   11.9   0.0   2.0   2   0   0   2   2   2   1 Type-F conjugative transfer system pilin assembly protein
T2SSE                PF00437.16 GCF_900474925.1.gbff.1.gbk_GCF_900474925.1.gbff.1.gbk_NZ_LS483334.1_667652_668279 -            0.00025   12.3   0.5   0.00076   10.7   0.0   2.0   3   0   0   3   3   3   1 Type II/IV secretion system protein
T4SS-DNA_transf      PF02534.9  GCF_900474925.1.gbff.1.gbk_GCF_900474925.1.gbff.1.gbk_NZ_LS483334.1_691765_693550 -            4.7e-58  189.2   0.5   6.3e-58  188.8   0.4   1.1   1   0   0   1   1   1   1 Type IV secretory system Conjugative DNA transfer
TraG-D_C             PF12696.2  GCF_900474925.1.gbff.1.gbk_GCF_900474925.1.gbff.1.gbk_NZ_LS483334.1_691765_693550 -            1.2e-36  117.8   0.4   2.5e-36  116.8   0.3   1.6   1   0   0   1   1   1   1 TraM recognition site of TraD and TraG
TrwB_AAD_bind        PF10412.4  GCF_900474925.1.gbff.1.gbk_GCF_900474925.1.gbff.1.gbk_NZ_LS483334.1_691765_693550 -            3.2e-24   77.6   0.0   3.6e-17   54.4   0.0   2.1   2   0   0   2   2   2   2 Type IV secretion-system coupling protein DNA-binding domain
AAA_10               PF12846.2  GCF_900474925.1.gbff.1.gbk_GCF_900474925.1.gbff.1.gbk_NZ_LS483334.1_691765_693550 -            1.9e-10   32.8   0.1   2.8e-10   32.3   0.0   1.2   1   0   0   1   1   1   1 AAA-like domain
FtsK_SpoIIIE         PF01580.13 GCF_900474925.1.gbff.1.gbk_GCF_900474925.1.gbff.1.gbk_NZ_LS483334.1_691765_693550 -            7.5e-05   14.6   0.0   0.00027   12.9   0.0   1.8   2   0   0   2   2   2   1 FtsK/SpoIIIE family
DUF2976              PF11190.4  GCF_900474925.1.gbff.1.gbk_GCF_900474925.1.gbff.1.gbk_NZ_LS483334.1_694263_695130 -             0.0079    8.2  12.1     0.016    7.2   1.1   3.2   2   2   1   3   3   3   2 Protein of unknown function (DUF2976)
TrbL                 PF04610.9  GCF_900474925.1.gbff.1.gbk_GCF_900474925.1.gbff.1.gbk_NZ_LS483334.1_694263_695130 -              0.018    7.1  29.9    0.0035    9.4  14.9   2.8   1   1   1   2   2   2   0 TrbL/VirB6 plasmid conjugal transfer protein
AAA_10               PF12846.2  GCF_900474925.1.gbff.1.gbk_GCF_900474925.1.gbff.1.gbk_NZ_LS483334.1_695717_698144 -            3.9e-57  186.3   0.0   6.7e-57  185.5   0.0   1.4   1   0   0   1   1   1   1 AAA-like domain
TrwB_AAD_bind        PF10412.4  GCF_900474925.1.gbff.1.gbk_GCF_900474925.1.gbff.1.gbk_NZ_LS483334.1_695717_698144 -            1.9e-06   19.1   0.0     6e-06   17.4   0.0   1.7   2   0   0   2   2   2   1 Type IV secretion-system coupling protein DNA-binding domain
TraC_F_IV            PF11130.4  GCF_900474925.1.gbff.1.gbk_GCF_900474925.1.gbff.1.gbk_NZ_LS483334.1_695717_698144 -            3.9e-06   18.7   0.1   1.4e-05   16.8   0.0   1.9   2   0   0   2   2   2   1 F pilus assembly Type-IV secretion system for plasmid transfer
FtsK_SpoIIIE         PF01580.13 GCF_900474925.1.gbff.1.gbk_GCF_900474925.1.gbff.1.gbk_NZ_LS483334.1_695717_698144 -            5.4e-05   15.1   0.0   0.00011   14.1   0.0   1.4   1   0   0   1   1   1   1 FtsK/SpoIIIE family
FtsK_SpoIIIE         PF01580.13 GCF_900474925.1.gbff.1.gbk_GCF_900474925.1.gbff.1.gbk_NZ_LS483334.1_726118_727828 -            1.4e-05   17.0   0.0   2.8e-05   16.0   0.0   1.4   1   0   0   1   1   1   1 FtsK/SpoIIIE family
T2SSE                PF00437.16 GCF_900474925.1.gbff.1.gbk_GCF_900474925.1.gbff.1.gbk_NZ_LS483334.1_726118_727828 -            2.1e-05   15.8   0.0   3.5e-05   15.1   0.0   1.3   1   0   0   1   1   1   1 Type II/IV secretion system protein
AAA_10               PF12846.2  GCF_900474925.1.gbff.1.gbk_GCF_900474925.1.gbff.1.gbk_NZ_LS483334.1_726118_727828 -             0.0003   12.4   0.4   0.00062   11.4   0.3   1.7   1   1   0   1   1   1   1 AAA-like domain
T2SSE                PF00437.16 GCF_900474925.1.gbff.1.gbk_GCF_900474925.1.gbff.1.gbk_NZ_LS483334.1_727830_728661 -            2.9e-07   21.9   1.0   5.2e-07   21.1   0.4   1.6   2   0   0   2   2   2   1 Type II/IV secretion system protein
AAA_10               PF12846.2  GCF_900474925.1.gbff.1.gbk_GCF_900474925.1.gbff.1.gbk_NZ_LS483334.1_727830_728661 -            0.00042   12.0   0.5   0.00096   10.8   0.1   1.7   2   0   0   2   2   2   1 AAA-like domain
Pfam-B_3022          PB003022   GCF_900474925.1.gbff.1.gbk_GCF_900474925.1.gbff.1.gbk_NZ_LS483334.1_727830_728661 -            0.00055   10.6   0.6    0.0011    9.6   0.1   1.5   2   0   0   2   2   2   1 -
AAA_10               PF12846.2  GCF_900474925.1.gbff.1.gbk_GCF_900474925.1.gbff.1.gbk_NZ_LS483334.1_755171_755912 -            1.7e-07   23.1   0.0   2.1e-07   22.8   0.0   1.2   1   0   0   1   1   1   1 AAA-like domain
FtsK_SpoIIIE         PF01580.13 GCF_900474925.1.gbff.1.gbk_GCF_900474925.1.gbff.1.gbk_NZ_LS483334.1_755171_755912 -            6.4e-05   14.9   0.0   0.00011   14.1   0.0   1.4   1   0   0   1   1   1   1 FtsK/SpoIIIE family
AAA_10               PF12846.2  GCF_900474925.1.gbff.1.gbk_GCF_900474925.1.gbff.1.gbk_NZ_LS483334.1_779720_780419 -            8.4e-05   14.3   0.7    0.0018    9.9   0.2   2.3   2   1   0   2   2   2   1 AAA-like domain
Pfam-B_3022          PB003022   GCF_900474925.1.gbff.1.gbk_GCF_900474925.1.gbff.1.gbk_NZ_LS483334.1_779720_780419 -            0.00015   12.5   0.0   0.00022   11.9   0.0   1.1   1   0   0   1   1   1   1 -
AAA_10               PF12846.2  GCF_900474925.1.gbff.1.gbk_GCF_900474925.1.gbff.1.gbk_NZ_LS483334.1_790796_791426 -            1.9e-06   19.7   1.7   0.00057   11.5   0.2   2.8   2   1   1   3   3   3   2 AAA-like domain
AAA_10               PF12846.2  GCF_900474925.1.gbff.1.gbk_GCF_900474925.1.gbff.1.gbk_NZ_LS483334.1_803670_804372 -            1.1e-06   20.5   0.1     0.001   10.7   0.0   2.1   2   0   0   2   2   2   2 AAA-like domain
FtsK_SpoIIIE         PF01580.13 GCF_900474925.1.gbff.1.gbk_GCF_900474925.1.gbff.1.gbk_NZ_LS483334.1_803670_804372 -            6.2e-06   18.2   0.0   1.2e-05   17.2   0.0   1.5   1   0   0   1   1   1   1 FtsK/SpoIIIE family
AAA_10               PF12846.2  GCF_900474925.1.gbff.1.gbk_GCF_900474925.1.gbff.1.gbk_NZ_LS483334.1_817737_818541 -             0.0003   12.5   0.0   0.00065   11.4   0.0   1.5   1   0   0   1   1   1   1 AAA-like domain
AAA_10               PF12846.2  GCF_900474925.1.gbff.1.gbk_GCF_900474925.1.gbff.1.gbk_NZ_LS483334.1_818553_819312 -            5.5e-06   18.2   0.0     1e-05   17.3   0.0   1.4   1   0   0   1   1   1   1 AAA-like domain
AAA_10               PF12846.2  GCF_900474925.1.gbff.1.gbk_GCF_900474925.1.gbff.1.gbk_NZ_LS483334.1_829631_831164 -            1.3e-06   20.2   0.1   0.00044   11.9   0.0   2.3   2   0   0   2   2   2   2 AAA-like domain
Pfam-B_3022          PB003022   GCF_900474925.1.gbff.1.gbk_GCF_900474925.1.gbff.1.gbk_NZ_LS483334.1_829631_831164 -            5.1e-06   17.3   0.0   7.1e-06   16.8   0.0   1.1   1   0   0   1   1   1   1 -
FtsK_SpoIIIE         PF01580.13 GCF_900474925.1.gbff.1.gbk_GCF_900474925.1.gbff.1.gbk_NZ_LS483334.1_850986_852531 -            3.1e-07   22.4   0.7   0.00072   11.4   0.0   2.8   3   0   0   3   3   3   2 FtsK/SpoIIIE family
TrwB_AAD_bind        PF10412.4  GCF_900474925.1.gbff.1.gbk_GCF_900474925.1.gbff.1.gbk_NZ_LS483334.1_850986_852531 -            1.1e-05   16.6   0.1   0.00077   10.5   0.0   2.3   2   0   0   2   2   2   2 Type IV secretion-system coupling protein DNA-binding domain
T2SSE                PF00437.16 GCF_900474925.1.gbff.1.gbk_GCF_900474925.1.gbff.1.gbk_NZ_LS483334.1_850986_852531 -            4.7e-05   14.7   0.4   0.00017   12.8   0.0   2.1   2   1   0   2   2   2   1 Type II/IV secretion system protein
AAA_10               PF12846.2  GCF_900474925.1.gbff.1.gbk_GCF_900474925.1.gbff.1.gbk_NZ_LS483334.1_850986_852531 -               0.01    7.4  10.6    0.0035    9.0   0.0   3.8   2   1   1   4   4   4   0 AAA-like domain
AAA_10               PF12846.2  GCF_900474925.1.gbff.1.gbk_GCF_900474925.1.gbff.1.gbk_NZ_LS483334.1_858548_860111 -            5.3e-05   14.9   1.0   0.00017   13.3   0.1   2.1   1   1   1   2   2   2   1 AAA-like domain
AAA_10               PF12846.2  GCF_900474925.1.gbff.1.gbk_GCF_900474925.1.gbff.1.gbk_NZ_LS483334.1_884250_885099 -            0.00011   13.9   2.0   0.00024   12.8   0.1   2.0   1   1   1   2   2   2   1 AAA-like domain
AAA_10               PF12846.2  GCF_900474925.1.gbff.1.gbk_GCF_900474925.1.gbff.1.gbk_NZ_LS483334.1_895160_896888 -            4.6e-06   18.4   0.1    0.0002   13.1   0.0   2.3   2   0   0   2   2   2   2 AAA-like domain
T2SSE                PF00437.16 GCF_900474925.1.gbff.1.gbk_GCF_900474925.1.gbff.1.gbk_NZ_LS483334.1_895160_896888 -            0.00032   12.0   0.0   0.00077   10.7   0.0   1.6   1   0   0   1   1   1   1 Type II/IV secretion system protein
Pfam-B_3022          PB003022   GCF_900474925.1.gbff.1.gbk_GCF_900474925.1.gbff.1.gbk_NZ_LS483334.1_911341_912070 -            3.3e-07   21.3   0.0   4.3e-07   20.9   0.0   1.1   1   0   0   1   1   1   1 -
AAA_10               PF12846.2  GCF_900474925.1.gbff.1.gbk_GCF_900474925.1.gbff.1.gbk_NZ_LS483334.1_911341_912070 -              5e-06   18.3   0.6     3e-05   15.8   0.0   2.1   2   1   0   2   2   2   1 AAA-like domain
T2SSE                PF00437.16 GCF_900474925.1.gbff.1.gbk_GCF_900474925.1.gbff.1.gbk_NZ_LS483334.1_911341_912070 -            3.6e-05   15.1   0.0     6e-05   14.3   0.0   1.3   1   0   0   1   1   1   1 Type II/IV secretion system protein
Pfam-B_3022          PB003022   GCF_900474925.1.gbff.1.gbk_GCF_900474925.1.gbff.1.gbk_NZ_LS483334.1_936676_937831 -             0.0008   10.1   0.0    0.0011    9.6   0.0   1.2   1   0   0   1   1   1   1 -
traP_typeI           -          GCF_900474925.1.gbff.1.gbk_GCF_900474925.1.gbff.1.gbk_NZ_LS483334.1_955639_957289 -            0.00096   11.0   4.0    0.0017   10.2   2.8   1.3   1   0   0   1   1   1   1 -
T2SSE                PF00437.16 GCF_900474925.1.gbff.1.gbk_GCF_900474925.1.gbff.1.gbk_NZ_LS483334.1_1000090_1001998 -              5e-06   17.9   0.4    0.0036    8.5   0.1   2.4   2   0   0   2   2   2   2 Type II/IV secretion system protein
AAA_10               PF12846.2  GCF_900474925.1.gbff.1.gbk_GCF_900474925.1.gbff.1.gbk_NZ_LS483334.1_1000090_1001998 -              6e-06   18.0   6.1    0.0016   10.1   0.0   3.2   4   0   0   4   4   4   2 AAA-like domain
FtsK_SpoIIIE         PF01580.13 GCF_900474925.1.gbff.1.gbk_GCF_900474925.1.gbff.1.gbk_NZ_LS483334.1_1000090_1001998 -             0.0012   10.7   4.8     0.018    6.8   0.0   3.0   4   0   0   4   4   4   2 FtsK/SpoIIIE family
AAA_10               PF12846.2  GCF_900474925.1.gbff.1.gbk_GCF_900474925.1.gbff.1.gbk_NZ_LS483334.1_1005182_1005941 -            8.8e-07   20.8   0.5   3.2e-05   15.7   0.1   2.2   2   0   0   2   2   2   2 AAA-like domain
AAA_10               PF12846.2  GCF_900474925.1.gbff.1.gbk_GCF_900474925.1.gbff.1.gbk_NZ_LS483334.1_1041786_1044060 -             0.0029    9.2   5.8      0.12    3.9   0.0   4.3   3   2   1   4   4   4   2 AAA-like domain
AAA_10               PF12846.2  GCF_900474925.1.gbff.1.gbk_GCF_900474925.1.gbff.1.gbk_NZ_LS483334.1_1098321_1100421 -              7e-06   17.8   7.8   2.1e-05   16.3   0.0   3.1   2   1   1   3   3   3   2 AAA-like domain
T2SSE                PF00437.16 GCF_900474925.1.gbff.1.gbk_GCF_900474925.1.gbff.1.gbk_NZ_LS483334.1_1101978_1103208 -            1.4e-05   16.4   0.0   2.8e-05   15.4   0.0   1.5   1   0   0   1   1   1   1 Type II/IV secretion system protein
AAA_10               PF12846.2  GCF_900474925.1.gbff.1.gbk_GCF_900474925.1.gbff.1.gbk_NZ_LS483334.1_1101978_1103208 -            3.9e-05   15.4   0.9   0.00011   13.9   0.0   2.1   3   1   1   4   4   4   1 AAA-like domain
FtsK_SpoIIIE         PF01580.13 GCF_900474925.1.gbff.1.gbk_GCF_900474925.1.gbff.1.gbk_NZ_LS483334.1_1101978_1103208 -             0.0003   12.7   0.0   0.00054   11.8   0.0   1.4   1   0   0   1   1   1   1 FtsK/SpoIIIE family
AAA_10               PF12846.2  GCF_900474925.1.gbff.1.gbk_GCF_900474925.1.gbff.1.gbk_NZ_LS483334.1_1145319_1146030 -            3.7e-07   22.0   0.1   1.1e-05   17.2   0.0   2.1   2   0   0   2   2   2   1 AAA-like domain
T2SSE                PF00437.16 GCF_900474925.1.gbff.1.gbk_GCF_900474925.1.gbff.1.gbk_NZ_LS483334.1_1145319_1146030 -            2.1e-05   15.9   1.1   0.00076   10.7   0.0   2.1   2   0   0   2   2   2   2 Type II/IV secretion system protein
Pfam-B_3022          PB003022   GCF_900474925.1.gbff.1.gbk_GCF_900474925.1.gbff.1.gbk_NZ_LS483334.1_1145319_1146030 -             0.0002   12.0   0.0   0.00033   11.4   0.0   1.3   1   0   0   1   1   1   1 -
traP_typeI           -          GCF_900474925.1.gbff.1.gbk_GCF_900474925.1.gbff.1.gbk_NZ_LS483334.1_1166369_1166711 -            0.00084   11.1   3.8   0.00096   10.9   2.6   1.2   1   0   0   1   1   1   1 -
T2SSE                PF00437.16 GCF_900474925.1.gbff.1.gbk_GCF_900474925.1.gbff.1.gbk_NZ_LS483334.1_1186302_1187508 -            0.00024   12.4   0.2     0.012    6.8   0.0   2.2   2   0   0   2   2   2   2 Type II/IV secretion system protein
AAA_10               PF12846.2  GCF_900474925.1.gbff.1.gbk_GCF_900474925.1.gbff.1.gbk_NZ_LS483334.1_1204911_1205580 -            0.00019   13.1   1.1   0.00044   11.9   0.1   1.8   2   0   0   2   2   2   1 AAA-like domain
FtsK_SpoIIIE         PF01580.13 GCF_900474925.1.gbff.1.gbk_GCF_900474925.1.gbff.1.gbk_NZ_LS483334.1_1204911_1205580 -            0.00046   12.1   0.2    0.0016   10.3   0.0   1.8   2   0   0   2   2   2   1 FtsK/SpoIIIE family
T4SS-DNA_transf      PF02534.9  GCF_900474925.1.gbff.1.gbk_GCF_900474925.1.gbff.1.gbk_NZ_LS483334.1_1204911_1205580 -            0.00049   11.1   0.1   0.00072   10.5   0.0   1.2   1   0   0   1   1   1   1 Type IV secretory system Conjugative DNA transfer
AAA_10               PF12846.2  GCF_900474925.1.gbff.1.gbk_GCF_900474925.1.gbff.1.gbk_NZ_LS483334.1_1230493_1231417 -              7e-08   24.4   0.0   0.00041   12.0   0.0   2.2   2   0   0   2   2   2   2 AAA-like domain
AAA_10               PF12846.2  GCF_900474925.1.gbff.1.gbk_GCF_900474925.1.gbff.1.gbk_NZ_LS483334.1_1276289_1276982 -            0.00016   13.4   0.2    0.0007   11.2   0.1   1.8   1   1   1   2   2   2   1 AAA-like domain
traP_typeI           -          GCF_900474925.1.gbff.1.gbk_GCF_900474925.1.gbff.1.gbk_NZ_LS483334.1_1323458_1323920 -            0.00043   12.1   4.7   9.5e-05   14.2   1.1   1.4   2   0   0   2   2   2   1 -
VirB3                PF05101.8  GCF_900474925.1.gbff.1.gbk_GCF_900474925.1.gbff.1.gbk_NZ_LS483334.1_1345080_1345644 -                1.8    1.1  15.3     0.029    6.9   3.2   3.0   1   1   1   3   3   3   0 Type IV secretory pathway, VirB3-like protein
AAA_10               PF12846.2  GCF_900474925.1.gbff.1.gbk_GCF_900474925.1.gbff.1.gbk_NZ_LS483334.1_1367677_1369141 -             0.0002   13.1   2.7   0.00056   11.6   0.0   2.2   2   0   0   2   2   2   1 AAA-like domain
Pfam-B_3022          PB003022   GCF_900474925.1.gbff.1.gbk_GCF_900474925.1.gbff.1.gbk_NZ_LS483334.1_1405032_1406025 -            2.6e-05   15.0   0.0   4.2e-05   14.3   0.0   1.2   1   0   0   1   1   1   1 -
AAA_10               PF12846.2  GCF_900474925.1.gbff.1.gbk_GCF_900474925.1.gbff.1.gbk_NZ_LS483334.1_1423425_1424928 -            8.8e-22   70.1   0.1   7.3e-21   67.1   0.0   2.3   1   1   0   1   1   1   1 AAA-like domain
FtsK_SpoIIIE         PF01580.13 GCF_900474925.1.gbff.1.gbk_GCF_900474925.1.gbff.1.gbk_NZ_LS483334.1_1423425_1424928 -            2.9e-11   35.6   0.1   1.7e-08   26.6   0.2   2.6   2   0   0   2   2   2   2 FtsK/SpoIIIE family
TrwB_AAD_bind        PF10412.4  GCF_900474925.1.gbff.1.gbk_GCF_900474925.1.gbff.1.gbk_NZ_LS483334.1_1423425_1424928 -            8.5e-07   20.2   0.0   3.9e-06   18.0   0.0   2.0   2   0   0   2   2   2   1 Type IV secretion-system coupling protein DNA-binding domain
T2SSE                PF00437.16 GCF_900474925.1.gbff.1.gbk_GCF_900474925.1.gbff.1.gbk_NZ_LS483334.1_1423425_1424928 -            0.00011   13.4   0.1   0.00023   12.4   0.1   1.4   1   0   0   1   1   1   1 Type II/IV secretion system protein
T2SSE                PF00437.16 GCF_900474925.1.gbff.1.gbk_GCF_900474925.1.gbff.1.gbk_NZ_LS483334.1_1433213_1435367 -            8.7e-06   17.1   0.2   3.3e-05   15.2   0.0   1.8   1   1   1   2   2   2   1 Type II/IV secretion system protein
Pfam-B_3022          PB003022   GCF_900474925.1.gbff.1.gbk_GCF_900474925.1.gbff.1.gbk_NZ_LS483334.1_1433213_1435367 -             0.0013    9.3   0.0     0.002    8.8   0.0   1.2   1   0   0   1   1   1   1 -
AAA_10               PF12846.2  GCF_900474925.1.gbff.1.gbk_GCF_900474925.1.gbff.1.gbk_NZ_LS483334.1_1448179_1449076 -            0.00025   12.7   0.1   0.00098   10.8   0.1   1.9   1   1   1   2   2   2   1 AAA-like domain
AAA_10               PF12846.2  GCF_900474925.1.gbff.1.gbk_GCF_900474925.1.gbff.1.gbk_NZ_LS483334.1_1450860_1451913 -            0.00015   13.4   0.2    0.0028    9.3   0.0   2.2   2   0   0   2   2   2   2 AAA-like domain
FtsK_SpoIIIE         PF01580.13 GCF_900474925.1.gbff.1.gbk_GCF_900474925.1.gbff.1.gbk_NZ_LS483334.1_1460776_1463182 -            2.7e-63  205.5   2.1   9.8e-63  203.7   0.0   2.3   2   0   0   2   2   2   1 FtsK/SpoIIIE family
AAA_10               PF12846.2  GCF_900474925.1.gbff.1.gbk_GCF_900474925.1.gbff.1.gbk_NZ_LS483334.1_1460776_1463182 -            7.9e-10   30.8   3.2   1.4e-05   16.8   0.1   2.6   3   0   0   3   3   3   2 AAA-like domain
T2SSE                PF00437.16 GCF_900474925.1.gbff.1.gbk_GCF_900474925.1.gbff.1.gbk_NZ_LS483334.1_1460776_1463182 -            2.7e-05   15.5   0.0   5.1e-05   14.6   0.0   1.4   1   0   0   1   1   1   1 Type II/IV secretion system protein
TrwB_AAD_bind        PF10412.4  GCF_900474925.1.gbff.1.gbk_GCF_900474925.1.gbff.1.gbk_NZ_LS483334.1_1460776_1463182 -            4.9e-05   14.4   0.0   0.00027   12.0   0.0   2.1   2   0   0   2   2   2   1 Type IV secretion-system coupling protein DNA-binding domain
AAA_10               PF12846.2  GCF_900474925.1.gbff.1.gbk_GCF_900474925.1.gbff.1.gbk_NZ_LS483334.1_1465207_1465933 -            9.2e-05   14.1   0.0   0.00014   13.5   0.0   1.2   1   0   0   1   1   1   1 AAA-like domain
Pfam-B_3022          PB003022   GCF_900474925.1.gbff.1.gbk_GCF_900474925.1.gbff.1.gbk_NZ_LS483334.1_1465207_1465933 -             0.0004   11.1   0.0   0.00056   10.6   0.0   1.1   1   0   0   1   1   1   1 -
T2SSE                PF00437.16 GCF_900474925.1.gbff.1.gbk_GCF_900474925.1.gbff.1.gbk_NZ_LS483334.1_1465207_1465933 -             0.0005   11.3   0.1   0.00074   10.8   0.1   1.2   1   0   0   1   1   1   1 Type II/IV secretion system protein
DUF2976              PF11190.4  GCF_900474925.1.gbff.1.gbk_GCF_900474925.1.gbff.1.gbk_NZ_LS483334.1_1479079_1479331 -              0.022    6.8   5.8    0.0085    8.1   1.5   2.0   1   1   2   3   3   3   0 Protein of unknown function (DUF2976)
DUF3487              PF11990.4  GCF_900474925.1.gbff.1.gbk_GCF_900474925.1.gbff.1.gbk_NZ_LS483334.1_1488175_1488883 -             0.0015   10.7   3.2    0.0016   10.5   0.2   2.3   2   0   0   2   2   2   1 Protein of unknown function (DUF3487)
T2SSE                PF00437.16 GCF_900474925.1.gbff.1.gbk_GCF_900474925.1.gbff.1.gbk_NZ_LS483334.1_1501701_1502337 -            0.00034   11.8   0.1   0.00064   10.9   0.1   1.4   1   0   0   1   1   1   1 Type II/IV secretion system protein
DUF3487              PF11990.4  GCF_900474925.1.gbff.1.gbk_GCF_900474925.1.gbff.1.gbk_NZ_LS483334.1_1526830_1527520 -               0.32    3.1  14.1     0.022    6.8   1.4   2.9   1   1   1   2   2   2   0 Protein of unknown function (DUF3487)
AAA_10               PF12846.2  GCF_900474925.1.gbff.1.gbk_GCF_900474925.1.gbff.1.gbk_NZ_LS483334.1_1539267_1540578 -              2e-05   16.3   0.0   0.00096   10.8   0.0   2.5   2   0   0   2   2   2   2 AAA-like domain
T4SS                 PF07996.7  GCF_900474925.1.gbff.1.gbk_GCF_900474925.1.gbff.1.gbk_NZ_LS483334.1_1547581_1548139 -            0.00021   13.8   4.5    0.0029   10.1   0.2   2.2   1   1   1   2   2   2   2 Type IV secretion system proteins
AAA_10               PF12846.2  GCF_900474925.1.gbff.1.gbk_GCF_900474925.1.gbff.1.gbk_NZ_LS483334.1_1554765_1555830 -            2.1e-09   29.4   0.9   2.3e-05   16.1   0.0   2.2   1   1   1   2   2   2   2 AAA-like domain
T2SSE                PF00437.16 GCF_900474925.1.gbff.1.gbk_GCF_900474925.1.gbff.1.gbk_NZ_LS483334.1_1563646_1564765 -            0.00036   11.8   0.1   0.00063   11.0   0.0   1.3   1   0   0   1   1   1   1 Type II/IV secretion system protein
T2SSE                PF00437.16 GCF_900474925.1.gbff.1.gbk_GCF_900474925.1.gbff.1.gbk_NZ_LS483334.1_1585357_1586095 -            5.7e-05   14.4   0.0   0.00015   13.0   0.0   1.7   2   0   0   2   2   2   1 Type II/IV secretion system protein
FtsK_SpoIIIE         PF01580.13 GCF_900474925.1.gbff.1.gbk_GCF_900474925.1.gbff.1.gbk_NZ_LS483334.1_1585357_1586095 -            0.00032   12.6   0.0   0.00056   11.8   0.0   1.3   1   0   0   1   1   1   1 FtsK/SpoIIIE family
AAA_10               PF12846.2  GCF_900474925.1.gbff.1.gbk_GCF_900474925.1.gbff.1.gbk_NZ_LS483334.1_1585357_1586095 -            0.00069   11.3   0.7    0.0015   10.2   0.3   1.7   1   1   1   2   2   2   1 AAA-like domain
Pfam-B_6973          PB006973   GCF_900474925.1.gbff.1.gbk_GCF_900474925.1.gbff.1.gbk_NZ_LS483334.1_1618031_1618460 -            0.00028   12.8   0.1   0.00034   12.6   0.0   1.2   1   0   0   1   1   1   1 -
TraF                 PF13728.2  GCF_900474925.1.gbff.1.gbk_GCF_900474925.1.gbff.1.gbk_NZ_LS483334.1_1628862_1629246 -            2.2e-06   19.7   0.0   3.4e-06   19.1   0.0   1.3   1   0   0   1   1   1   1 F plasmid transfer operon protein
Pfam-B_3022          PB003022   GCF_900474925.1.gbff.1.gbk_GCF_900474925.1.gbff.1.gbk_NZ_LS483334.1_1639499_1640633 -            0.00016   12.4   0.0   0.00026   11.7   0.0   1.3   1   0   0   1   1   1   1 -
AAA_10               PF12846.2  GCF_900474925.1.gbff.1.gbk_GCF_900474925.1.gbff.1.gbk_NZ_LS483334.1_1639499_1640633 -            0.00021   13.0   0.4   0.00039   12.1   0.2   1.6   1   1   0   1   1   1   1 AAA-like domain
FtsK_SpoIIIE         PF01580.13 GCF_900474925.1.gbff.1.gbk_GCF_900474925.1.gbff.1.gbk_NZ_LS483334.1_1666178_1666982 -            0.00022   13.1   0.0   0.00037   12.4   0.0   1.3   1   0   0   1   1   1   1 FtsK/SpoIIIE family
T2SSE                PF00437.16 GCF_900474925.1.gbff.1.gbk_GCF_900474925.1.gbff.1.gbk_NZ_LS483334.1_1666178_1666982 -            0.00046   11.4   0.3   0.00099   10.3   0.0   1.6   2   0   0   2   2   2   1 Type II/IV secretion system protein
AAA_10               PF12846.2  GCF_900474925.1.gbff.1.gbk_GCF_900474925.1.gbff.1.gbk_NZ_LS483334.1_1666965_1667592 -            0.00011   13.9   0.4      0.02    6.5   0.1   2.1   2   0   0   2   2   2   2 AAA-like domain
Pfam-B_3022          PB003022   GCF_900474925.1.gbff.1.gbk_GCF_900474925.1.gbff.1.gbk_NZ_LS483334.1_1666965_1667592 -            0.00074   10.2   0.1     0.001    9.7   0.1   1.1   1   0   0   1   1   1   1 -
T4SS                 PF07996.7  GCF_900474925.1.gbff.1.gbk_GCF_900474925.1.gbff.1.gbk_NZ_LS483334.1_1678115_1679402 -               0.59    2.6  37.4   0.00046   12.7  10.3   3.0   1   1   2   3   3   3   0 Type IV secretion system proteins
traP_typeI           -          GCF_900474925.1.gbff.1.gbk_GCF_900474925.1.gbff.1.gbk_NZ_LS483334.1_1678115_1679402 -                2.3   -0.1  43.2      0.13    3.9   3.3   4.4   1   1   2   4   4   4   0 -
traP_typeI           -          GCF_900474925.1.gbff.1.gbk_GCF_900474925.1.gbff.1.gbk_NZ_LS483334.1_1679624_1680686 -            7.5e-07   21.1  46.4   4.9e-05   15.2  11.2   3.8   1   1   3   4   4   4   4 -
AAA_10               PF12846.2  GCF_900474925.1.gbff.1.gbk_GCF_900474925.1.gbff.1.gbk_NZ_LS483334.1_1688570_1689245 -              7e-06   17.8   0.1   1.4e-05   16.8   0.1   1.5   1   0   0   1   1   1   1 AAA-like domain
AAA_10               PF12846.2  GCF_900474925.1.gbff.1.gbk_GCF_900474925.1.gbff.1.gbk_NZ_LS483334.1_1720257_1722702 -            5.1e-06   18.3   3.2   8.3e-05   14.3   0.0   3.3   5   0   0   5   5   5   2 AAA-like domain
Pfam-B_6973          PB006973   GCF_900474925.1.gbff.1.gbk_GCF_900474925.1.gbff.1.gbk_NZ_LS483334.1_1787976_1788303 -            2.5e-07   22.8   0.2   2.8e-07   22.6   0.1   1.0   1   0   0   1   1   1   1 -
Replic_Relax         PF13814.1  GCF_900474925.1.gbff.1.gbk_GCF_900474925.1.gbff.1.gbk_NZ_LS483334.1_1787976_1788303 -            0.00031   13.0   0.0   0.00035   12.8   0.0   1.1   1   0   0   1   1   1   1 Replication-relaxation
AAA_10               PF12846.2  GCF_900474925.1.gbff.1.gbk_GCF_900474925.1.gbff.1.gbk_NZ_LS483334.1_1806875_1807718 -            6.7e-05   14.6   0.1   0.00069   11.3   0.1   2.1   2   0   0   2   2   2   1 AAA-like domain
Pfam-B_3022          PB003022   GCF_900474925.1.gbff.1.gbk_GCF_900474925.1.gbff.1.gbk_NZ_LS483334.1_1807693_1808533 -              6e-05   13.8   0.0   0.00012   12.8   0.0   1.4   1   0   0   1   1   1   1 -
AAA_10               PF12846.2  GCF_900474925.1.gbff.1.gbk_GCF_900474925.1.gbff.1.gbk_NZ_LS483334.1_1807693_1808533 -            0.00036   12.2   0.5     0.033    5.8   0.0   2.1   1   1   1   2   2   2   2 AAA-like domain
TrbL                 PF04610.9  GCF_900474925.1.gbff.1.gbk_GCF_900474925.1.gbff.1.gbk_NZ_LS483334.1_1827850_1830028 -            3.4e-05   16.0  13.4   3.4e-05   16.0   9.3   3.5   3   1   1   4   4   4   2 TrbL/VirB6 plasmid conjugal transfer protein
AAA_10               PF12846.2  GCF_900474925.1.gbff.1.gbk_GCF_900474925.1.gbff.1.gbk_NZ_LS483334.1_1830030_1832478 -            6.9e-36  116.4   1.3     1e-35  115.9   0.2   1.7   2   0   0   2   2   2   1 AAA-like domain
TrbC                 PF04956.9  GCF_900474925.1.gbff.1.gbk_GCF_900474925.1.gbff.1.gbk_NZ_LS483334.1_1833556_1833778 -            0.00012   14.5   2.6   0.00017   14.1   1.8   1.2   1   0   0   1   1   1   1 TrbC/VIRB2 family
Rep_trans            PF02486.14 GCF_900474925.1.gbff.1.gbk_GCF_900474925.1.gbff.1.gbk_NZ_LS483334.1_1833820_1835026 -            8.7e-49  157.8   1.9   1.3e-48  157.3   1.3   1.2   1   0   0   1   1   1   1 Replication initiation factor
FtsK_SpoIIIE         PF01580.13 GCF_900474925.1.gbff.1.gbk_GCF_900474925.1.gbff.1.gbk_NZ_LS483334.1_1835203_1836589 -            7.8e-44  142.0   0.0     1e-43  141.6   0.0   1.1   1   0   0   1   1   1   1 FtsK/SpoIIIE family
AAA_10               PF12846.2  GCF_900474925.1.gbff.1.gbk_GCF_900474925.1.gbff.1.gbk_NZ_LS483334.1_1835203_1836589 -            2.2e-08   26.0   0.1   7.3e-07   21.0   0.0   2.2   1   1   0   2   2   2   1 AAA-like domain
TrwB_AAD_bind        PF10412.4  GCF_900474925.1.gbff.1.gbk_GCF_900474925.1.gbff.1.gbk_NZ_LS483334.1_1835203_1836589 -            6.8e-06   17.2   0.0   1.2e-05   16.5   0.0   1.3   1   0   0   1   1   1   1 Type IV secretion-system coupling protein DNA-binding domain
T2SSE                PF00437.16 GCF_900474925.1.gbff.1.gbk_GCF_900474925.1.gbff.1.gbk_NZ_LS483334.1_1835203_1836589 -            0.00012   13.3   0.0    0.0002   12.6   0.0   1.3   1   0   0   1   1   1   1 Type II/IV secretion system protein
VirB3                PF05101.8  GCF_900474925.1.gbff.1.gbk_GCF_900474925.1.gbff.1.gbk_NZ_LS483334.1_1840957_1841830 -              0.014    7.8   6.3     0.004    9.6   0.2   2.8   3   0   0   3   3   3   0 Type IV secretory pathway, VirB3-like protein
Relaxase             PF03432.9  NZ_LS483334.1_722547_723819 -            1.9e-48  157.3   9.5   1.9e-48  157.3   6.6   2.5   2   1   1   3   3   3   1 Relaxase/Mobilisation nuclease domain
T4SS                 PF07996.7  NZ_LS483334.1_722547_723819 -            0.00071   12.1   8.0    0.0019   10.7   4.1   2.5   1   1   1   2   2   2   1 Type IV secretion system proteins
DUF2976              PF11190.4  NZ_LS483334.1_1443801_1444029 -            0.00075   11.5   1.1   0.00085   11.4   0.8   1.1   1   0   0   1   1   1   1 Protein of unknown function (DUF2976)
