AAA_10	PF12846.2	GCF_000152425.1.gbff.25.gbk_GCF_000152425.1.gbff.25.gbk_NZ_DS990138.1_10530_13353	-	1.4e-05	16.8	2.9	0.0012	10.5	0.0	2.8	2	1	0	2	2	2	2	AAA-like	domain
T2SSE	PF00437.16	GCF_000152425.1.gbff.25.gbk_GCF_000152425.1.gbff.25.gbk_NZ_DS990138.1_10530_13353	-	0.0001	13.5	0.7	0.013	6.7	0.0	2.6	2	0	0	2	2	2	2	Type	II/IV	secretion	system	protein
T2SSE	PF00437.16	GCF_000152425.1.gbff.25.gbk_GCF_000152425.1.gbff.25.gbk_NZ_DS990138.1_24249_25977	-	2.3e-77	251.9	2.2	3.2e-77	251.4	1.6	1.2	1	0	0	1	1	1	1	Type	II/IV	secretion	system	protein
TrwB_AAD_bind	PF10412.4	GCF_000152425.1.gbff.25.gbk_GCF_000152425.1.gbff.25.gbk_NZ_DS990138.1_24249_25977	-	0.00024	12.2	0.1	0.00074	10.5	0.0	1.8	2	0	0	2	2	2	1	Type	IV	secretion-system	coupling	protein	DNA-binding	domain
T2SSE	PF00437.16	GCF_000152425.1.gbff.25.gbk_GCF_000152425.1.gbff.25.gbk_NZ_DS990138.1_84170_85208	-	7.7e-47	151.7	0.1	1.3e-46	151.0	0.1	1.3	1	0	0	1	1	1	1	Type	II/IV	secretion	system	protein
AAA_10	PF12846.2	GCF_000152425.1.gbff.25.gbk_GCF_000152425.1.gbff.25.gbk_NZ_DS990138.1_84170_85208	-	4.9e-07	21.6	0.0	8.5e-07	20.8	0.0	1.7	1	1	0	1	1	1	1	AAA-like	domain
FtsK_SpoIIIE	PF01580.13	GCF_000152425.1.gbff.25.gbk_GCF_000152425.1.gbff.25.gbk_NZ_DS990138.1_84170_85208	-	3.5e-05	15.7	0.0	6.3e-05	14.9	0.0	1.4	1	0	0	1	1	1	1	FtsK/SpoIIIE	family
TrwB_AAD_bind	PF10412.4	GCF_000152425.1.gbff.25.gbk_GCF_000152425.1.gbff.25.gbk_NZ_DS990138.1_84170_85208	-	4.4e-05	14.6	0.0	8.3e-05	13.7	0.0	1.4	1	0	0	1	1	1	1	Type	IV	secretion-system	coupling	protein	DNA-binding	domain
Pfam-B_3022	PB003022	GCF_000152425.1.gbff.25.gbk_GCF_000152425.1.gbff.25.gbk_NZ_DS990138.1_84170_85208	-	0.00032	11.4	0.0	0.00056	10.6	0.0	1.3	1	0	0	1	1	1	1	-
T2SSE	PF00437.16	GCF_000152425.1.gbff.25.gbk_GCF_000152425.1.gbff.25.gbk_NZ_DS990138.1_85222_86329	-	1e-40	131.6	1.2	1.7e-40	130.9	0.9	1.4	1	0	0	1	1	1	1	Type	II/IV	secretion	system	protein
FtsK_SpoIIIE	PF01580.13	GCF_000152425.1.gbff.25.gbk_GCF_000152425.1.gbff.25.gbk_NZ_DS990138.1_85222_86329	-	6.9e-06	18.0	0.1	1.6e-05	16.8	0.0	1.7	2	0	0	2	2	2	1	FtsK/SpoIIIE	family
AAA_10	PF12846.2	GCF_000152425.1.gbff.25.gbk_GCF_000152425.1.gbff.25.gbk_NZ_DS990138.1_85222_86329	-	2e-05	16.4	0.1	4.2e-05	15.3	0.0	1.6	2	0	0	2	2	2	1	AAA-like	domain
TrwC	PF08751.6	GCF_000152425.1.gbff.25.gbk_GCF_000152425.1.gbff.25.gbk_NZ_DS990138.1_148038_149058	-	0.00069	11.4	0.0	0.00071	11.4	0.0	1.2	1	0	0	1	1	1	1	TrwC	relaxase
AAA_10	PF12846.2	GCF_000152425.1.gbff.25.gbk_GCF_000152425.1.gbff.25.gbk_NZ_DS990138.1_165634_166765	-	0.00028	12.6	0.3	0.00053	11.7	0.2	1.5	1	1	0	1	1	1	1	AAA-like	domain
T2SSE	PF00437.16	GCF_000152425.1.gbff.25.gbk_GCF_000152425.1.gbff.25.gbk_NZ_DS990138.1_187540_188926	-	5.9e-05	14.4	1.2	8.7e-05	13.8	0.0	1.9	2	0	0	2	2	2	1	Type	II/IV	secretion	system	protein
AAA_10	PF12846.2	GCF_000152425.1.gbff.25.gbk_GCF_000152425.1.gbff.25.gbk_NZ_DS990138.1_209802_210720	-	8e-05	14.3	0.6	0.0028	9.2	0.1	2.4	1	1	1	2	2	2	2	AAA-like	domain
AAA_10	PF12846.2	GCF_000152425.1.gbff.25.gbk_GCF_000152425.1.gbff.25.gbk_NZ_DS990138.1_234530_235380	-	0.00026	12.7	1.5	0.0016	10.0	0.3	2.1	1	1	1	2	2	2	1	AAA-like	domain
T2SSE	PF00437.16	GCF_000152425.1.gbff.25.gbk_GCF_000152425.1.gbff.25.gbk_NZ_DS990138.1_234530_235380	-	0.0006	11.0	0.0	0.0013	10.0	0.0	1.5	1	0	0	1	1	1	1	Type	II/IV	secretion	system	protein
Pfam-B_3022	PB003022	GCF_000152425.1.gbff.25.gbk_GCF_000152425.1.gbff.25.gbk_NZ_DS990138.1_244343_245339	-	4.9e-06	17.4	0.0	7.5e-06	16.8	0.0	1.1	1	0	0	1	1	1	1	-
AAA_10	PF12846.2	GCF_000152425.1.gbff.25.gbk_GCF_000152425.1.gbff.25.gbk_NZ_DS990138.1_244343_245339	-	7.9e-05	14.4	0.1	0.00013	13.7	0.0	1.3	1	0	0	1	1	1	1	AAA-like	domain
Replic_Relax	PF13814.1	GCF_000152425.1.gbff.25.gbk_GCF_000152425.1.gbff.25.gbk_NZ_DS990138.1_286398_286806	-	0.00014	14.1	0.3	0.00022	13.5	0.1	1.4	2	0	0	2	2	2	1	Replication-relaxation
TraI_2	PF07514.6	GCF_000152425.1.gbff.25.gbk_GCF_000152425.1.gbff.25.gbk_NZ_DS990138.1_341989_344140	-	1.3e-120	394.4	0.1	1.8e-120	394.0	0.1	1.2	1	0	0	1	1	1	1	Putative	helicase
AAA_10	PF12846.2	GCF_000152425.1.gbff.25.gbk_GCF_000152425.1.gbff.25.gbk_NZ_DS990138.1_344188_346009	-	1e-21	69.9	0.1	1.4e-21	69.4	0.0	1.2	1	0	0	1	1	1	1	AAA-like	domain
TrwB_AAD_bind	PF10412.4	GCF_000152425.1.gbff.25.gbk_GCF_000152425.1.gbff.25.gbk_NZ_DS990138.1_344188_346009	-	1.1e-21	69.2	0.0	2e-12	38.8	0.0	2.3	2	0	0	2	2	2	2	Type	IV	secretion-system	coupling	protein	DNA-binding	domain
TraG-D_C	PF12696.2	GCF_000152425.1.gbff.25.gbk_GCF_000152425.1.gbff.25.gbk_NZ_DS990138.1_344188_346009	-	3e-16	51.9	0.0	6.1e-16	50.9	0.0	1.6	1	0	0	1	1	1	1	TraM	recognition	site	of	TraD	and	TraG
FtsK_SpoIIIE	PF01580.13	GCF_000152425.1.gbff.25.gbk_GCF_000152425.1.gbff.25.gbk_NZ_DS990138.1_344188_346009	-	2.1e-10	32.8	0.1	6.9e-09	27.8	0.0	2.7	2	1	1	3	3	3	1	FtsK/SpoIIIE	family
T4SS-DNA_transf	PF02534.9	GCF_000152425.1.gbff.25.gbk_GCF_000152425.1.gbff.25.gbk_NZ_DS990138.1_344188_346009	-	7.8e-08	23.6	0.0	2.5e-06	18.6	0.0	2.0	2	0	0	2	2	2	2	Type	IV	secretory	system	Conjugative	DNA	transfer
DUF4400	PF14348.2	GCF_000152425.1.gbff.25.gbk_GCF_000152425.1.gbff.25.gbk_NZ_DS990138.1_346565_347201	-	1.6e-27	88.5	1.4	2.4e-27	87.9	1.0	1.2	1	0	0	1	1	1	1	Domain	of	unknown	function	(DUF4400)
TraL	PF07178.6	GCF_000152425.1.gbff.25.gbk_GCF_000152425.1.gbff.25.gbk_NZ_DS990138.1_348005_348287	-	7.2e-19	60.1	0.0	7.8e-19	60.0	0.0	1.0	1	0	0	1	1	1	1	TraL	protein
DUF3487	PF11990.4	GCF_000152425.1.gbff.25.gbk_GCF_000152425.1.gbff.25.gbk_NZ_DS990138.1_348005_348287	-	7.8e-05	14.7	0.0	9.2e-05	14.5	0.0	1.2	1	0	0	1	1	1	1	Protein	of	unknown	function	(DUF3487)
TraE	PF05309.6	GCF_000152425.1.gbff.25.gbk_GCF_000152425.1.gbff.25.gbk_NZ_DS990138.1_348283_348910	-	7.7e-19	59.9	0.1	9.4e-19	59.7	0.0	1.1	1	0	0	1	1	1	1	TraE	protein
TraK	PF06586.6	GCF_000152425.1.gbff.25.gbk_GCF_000152425.1.gbff.25.gbk_NZ_DS990138.1_348893_349790	-	4.4e-20	64.2	0.0	5.2e-20	63.9	0.0	1.1	1	0	0	1	1	1	1	TraK	protein
TrbI	PF03743.10	GCF_000152425.1.gbff.25.gbk_GCF_000152425.1.gbff.25.gbk_NZ_DS990138.1_349792_351082	-	3.3e-42	136.6	0.1	4.6e-42	136.2	0.0	1.2	1	0	0	1	1	1	1	Bacterial	conjugation	TrbI-like	protein
TraV	PF09676.5	GCF_000152425.1.gbff.25.gbk_GCF_000152425.1.gbff.25.gbk_NZ_DS990138.1_351156_351729	-	5.3e-23	74.4	0.1	1.9e-22	72.7	0.1	1.9	1	1	0	1	1	1	1	Type	IV	conjugative	transfer	system	lipoprotein	(TraV)
TrbC	PF04956.9	GCF_000152425.1.gbff.25.gbk_GCF_000152425.1.gbff.25.gbk_NZ_DS990138.1_351725_352112	-	4.7e-08	25.4	4.1	4.7e-08	25.4	2.8	1.4	1	1	1	2	2	2	1	TrbC/VIRB2	family
TraF	PF13728.2	GCF_000152425.1.gbff.25.gbk_GCF_000152425.1.gbff.25.gbk_NZ_DS990138.1_354186_354879	-	0.00018	13.4	0.0	0.0003	12.7	0.0	1.3	1	0	0	1	1	1	1	F	plasmid	transfer	operon	protein
AAA_10	PF12846.2	GCF_000152425.1.gbff.25.gbk_GCF_000152425.1.gbff.25.gbk_NZ_DS990138.1_354878_357278	-	1.4e-59	194.3	0.0	2.3e-59	193.6	0.0	1.3	1	0	0	1	1	1	1	AAA-like	domain
TraC_F_IV	PF11130.4	GCF_000152425.1.gbff.25.gbk_GCF_000152425.1.gbff.25.gbk_NZ_DS990138.1_354878_357278	-	1.1e-54	177.5	0.2	2.1e-54	176.7	0.1	1.4	1	0	0	1	1	1	1	F	pilus	assembly	Type-IV	secretion	system	for	plasmid	transfer
TrwB_AAD_bind	PF10412.4	GCF_000152425.1.gbff.25.gbk_GCF_000152425.1.gbff.25.gbk_NZ_DS990138.1_354878_357278	-	2.4e-06	18.8	0.0	0.0028	8.6	0.0	2.8	2	1	0	2	2	2	2	Type	IV	secretion-system	coupling	protein	DNA-binding	domain
TraG-D_C	PF12696.2	GCF_000152425.1.gbff.25.gbk_GCF_000152425.1.gbff.25.gbk_NZ_DS990138.1_354878_357278	-	1e-05	17.8	0.0	2.8e-05	16.4	0.0	1.7	1	0	0	1	1	1	1	TraM	recognition	site	of	TraD	and	TraG
FtsK_SpoIIIE	PF01580.13	GCF_000152425.1.gbff.25.gbk_GCF_000152425.1.gbff.25.gbk_NZ_DS990138.1_354878_357278	-	0.00033	12.6	0.0	0.00088	11.2	0.0	1.8	1	1	0	1	1	1	1	FtsK/SpoIIIE	family
Pfam-B_1474	PB001474	GCF_000152425.1.gbff.25.gbk_GCF_000152425.1.gbff.25.gbk_NZ_DS990138.1_358124_359249	-	1.2e-32	105.4	0.1	2.5e-32	104.3	0.1	1.5	1	0	0	1	1	1	1	-
TrbC_Ftype	PF09673.5	GCF_000152425.1.gbff.25.gbk_GCF_000152425.1.gbff.25.gbk_NZ_DS990138.1_358124_359249	-	2.9e-25	80.5	0.0	1.3e-23	75.2	0.0	2.8	3	0	0	3	3	3	1	Type-F	conjugative	transfer	system	pilin	assembly	protein
TraU	PF06834.6	GCF_000152425.1.gbff.25.gbk_GCF_000152425.1.gbff.25.gbk_NZ_DS990138.1_359232_360261	-	8.1e-72	234.0	0.0	9.9e-72	233.7	0.0	1.0	1	0	0	1	1	1	1	TraU	protein
TraN	PF06986.6	GCF_000152425.1.gbff.25.gbk_GCF_000152425.1.gbff.25.gbk_NZ_DS990138.1_360263_363962	-	3.4e-90	294.1	41.3	1.8e-65	213.1	8.8	4.5	3	2	2	5	5	5	3	Type-1V	conjugative	transfer	system	mating	pair	stabilisation
T2SSE	PF00437.16	GCF_000152425.1.gbff.25.gbk_GCF_000152425.1.gbff.25.gbk_NZ_DS990138.1_371968_372928	-	5.5e-05	14.5	0.0	9.3e-05	13.7	0.0	1.3	1	0	0	1	1	1	1	Type	II/IV	secretion	system	protein
TraF	PF13728.2	GCF_000152425.1.gbff.25.gbk_GCF_000152425.1.gbff.25.gbk_NZ_DS990138.1_385595_386540	-	6.6e-77	250.2	0.0	8.8e-77	249.8	0.0	1.2	1	0	0	1	1	1	1	F	plasmid	transfer	operon	protein
TraH	PF06122.6	GCF_000152425.1.gbff.25.gbk_GCF_000152425.1.gbff.25.gbk_NZ_DS990138.1_386542_387931	-	4e-105	343.9	7.2	5.1e-105	343.5	5.0	1.1	1	0	0	1	1	1	1	Conjugative	relaxosome	accessory	transposon	protein
TraG_N	PF07916.7	GCF_000152425.1.gbff.25.gbk_GCF_000152425.1.gbff.25.gbk_NZ_DS990138.1_387934_391504	-	2.6e-105	345.1	21.9	2.6e-105	345.1	15.1	3.5	4	1	1	5	5	5	1	TraG-like	protein,	N-terminal	region
TraL	PF07178.6	GCF_000152425.1.gbff.25.gbk_GCF_000152425.1.gbff.25.gbk_NZ_DS990138.1_391536_391968	-	0.011	8.2	5.7	0.0075	8.8	1.2	2.4	1	1	2	3	3	3	0	TraL	protein
AAA_10	PF12846.2	GCF_000152425.1.gbff.25.gbk_GCF_000152425.1.gbff.25.gbk_NZ_DS990138.1_438730_440398	-	6.1e-06	18.0	1.7	0.00087	10.9	0.0	3.0	3	0	0	3	3	3	2	AAA-like	domain
AAA_10	PF12846.2	GCF_000152425.1.gbff.25.gbk_GCF_000152425.1.gbff.25.gbk_NZ_DS990138.1_452049_454623	-	4.8e-07	21.6	5.9	0.0011	10.6	0.0	4.6	4	1	1	5	5	5	2	AAA-like	domain
ICEM_orf8.txt	-	GCF_000152425.1.gbff.25.gbk_GCF_000152425.1.gbff.25.gbk_NZ_DS990138.1_15489_16023	-	8.1e-07	23.6	0.0	1.2e-06	23.0	0.0	1.2	1	0	0	1	1	1	1	-
ICEF_I_II_orf13.txt	-	GCF_000152425.1.gbff.25.gbk_GCF_000152425.1.gbff.25.gbk_NZ_DS990138.1_15489_16023	-	0.0043	11.8	0.0	0.0061	11.3	0.0	1.2	1	0	0	1	1	1	1	-
PAPI_1_orf34.txt	-	GCF_000152425.1.gbff.25.gbk_GCF_000152425.1.gbff.25.gbk_NZ_DS990138.1_20582_22262	-	7.8e-16	52.1	14.5	1.1e-15	51.7	14.5	1.1	1	0	0	1	1	1	1	-
SPI_7_orf27.txt	-	GCF_000152425.1.gbff.25.gbk_GCF_000152425.1.gbff.25.gbk_NZ_DS990138.1_24249_25977	-	1e-37	124.2	0.3	1.4e-37	123.8	0.3	1.1	1	0	0	1	1	1	1	-
PAPI_1_orf37.txt	-	GCF_000152425.1.gbff.25.gbk_GCF_000152425.1.gbff.25.gbk_NZ_DS990138.1_24249_25977	-	7.8e-35	114.8	0.4	1.1e-34	114.3	0.4	1.2	1	0	0	1	1	1	1	-
PAPI_1_orf40.txt	-	GCF_000152425.1.gbff.25.gbk_GCF_000152425.1.gbff.25.gbk_NZ_DS990138.1_24249_25977	-	2.2e-14	47.8	0.1	3.5e-14	47.1	0.1	1.3	1	0	0	1	1	1	1	-
tripartite_orf37.txt	-	GCF_000152425.1.gbff.25.gbk_GCF_000152425.1.gbff.25.gbk_NZ_DS990138.1_24249_25977	-	5.6e-12	40.0	0.2	1.1e-11	39.1	0.2	1.3	1	0	0	1	1	1	1	-
Tn4371_orf44.txt	-	GCF_000152425.1.gbff.25.gbk_GCF_000152425.1.gbff.25.gbk_NZ_DS990138.1_24249_25977	-	1.7e-11	38.2	0.4	3.1e-11	37.4	0.4	1.3	1	0	0	1	1	1	1	-
tripartite_orf105.txt	-	GCF_000152425.1.gbff.25.gbk_GCF_000152425.1.gbff.25.gbk_NZ_DS990138.1_24249_25977	-	2.4e-10	34.4	0.0	3.8e-10	33.7	0.0	1.2	1	0	0	1	1	1	1	-
PAPI_1_orf38.txt	-	GCF_000152425.1.gbff.25.gbk_GCF_000152425.1.gbff.25.gbk_NZ_DS990138.1_25985_27209	-	2.3e-09	31.3	3.1	3.4e-09	30.7	3.1	1.2	1	0	0	1	1	1	1	-
tripartite_orf43.txt	-	GCF_000152425.1.gbff.25.gbk_GCF_000152425.1.gbff.25.gbk_NZ_DS990138.1_74557_75685	-	1.3e-08	29.3	0.0	2e-08	28.7	0.0	1.2	1	0	0	1	1	1	1	-
SPI_7_orf27.txt	-	GCF_000152425.1.gbff.25.gbk_GCF_000152425.1.gbff.25.gbk_NZ_DS990138.1_84170_85208	-	5e-24	79.0	0.0	7e-24	78.6	0.0	1.1	1	0	0	1	1	1	1	-
PAPI_1_orf37.txt	-	GCF_000152425.1.gbff.25.gbk_GCF_000152425.1.gbff.25.gbk_NZ_DS990138.1_84170_85208	-	6.7e-20	65.5	0.0	7.5e-20	65.4	0.0	1.1	1	0	0	1	1	1	1	-
PAPI_1_orf40.txt	-	GCF_000152425.1.gbff.25.gbk_GCF_000152425.1.gbff.25.gbk_NZ_DS990138.1_84170_85208	-	1.3e-15	51.8	0.0	1.4e-15	51.7	0.0	1.1	1	0	0	1	1	1	1	-
tripartite_orf37.txt	-	GCF_000152425.1.gbff.25.gbk_GCF_000152425.1.gbff.25.gbk_NZ_DS990138.1_84170_85208	-	3.4e-13	44.0	0.0	6.1e-13	43.2	0.0	1.4	1	0	0	1	1	1	1	-
Tn4371_orf44.txt	-	GCF_000152425.1.gbff.25.gbk_GCF_000152425.1.gbff.25.gbk_NZ_DS990138.1_84170_85208	-	1.2e-09	32.1	0.1	1.6e-09	31.7	0.1	1.2	1	0	0	1	1	1	1	-
tripartite_orf105.txt	-	GCF_000152425.1.gbff.25.gbk_GCF_000152425.1.gbff.25.gbk_NZ_DS990138.1_84170_85208	-	8.9e-09	29.2	0.0	1.1e-08	28.9	0.0	1.1	1	0	0	1	1	1	1	-
ICEKp1_orf50.txt	-	GCF_000152425.1.gbff.25.gbk_GCF_000152425.1.gbff.25.gbk_NZ_DS990138.1_84170_85208	-	1e-08	29.3	0.0	1.7e-08	28.6	0.0	1.2	1	0	0	1	1	1	1	-
ICEHin1056_orf45.txt	-	GCF_000152425.1.gbff.25.gbk_GCF_000152425.1.gbff.25.gbk_NZ_DS990138.1_84170_85208	-	0.00085	11.5	0.0	0.0012	11.0	0.0	1.1	1	0	0	1	1	1	1	-
ICEclc_orf61.txt	-	GCF_000152425.1.gbff.25.gbk_GCF_000152425.1.gbff.25.gbk_NZ_DS990138.1_84170_85208	-	0.00085	11.6	0.0	0.0012	11.1	0.0	1.1	1	0	0	1	1	1	1	-
ICEYe1_orf57.txt	-	GCF_000152425.1.gbff.25.gbk_GCF_000152425.1.gbff.25.gbk_NZ_DS990138.1_84170_85208	-	0.0014	10.9	0.0	0.0024	10.2	0.0	1.3	1	1	0	1	1	1	1	-
PAPI_1_orf40.txt	-	GCF_000152425.1.gbff.25.gbk_GCF_000152425.1.gbff.25.gbk_NZ_DS990138.1_85222_86329	-	8e-24	78.8	0.7	1.1e-23	78.4	0.7	1.1	1	0	0	1	1	1	1	-
SPI_7_orf27.txt	-	GCF_000152425.1.gbff.25.gbk_GCF_000152425.1.gbff.25.gbk_NZ_DS990138.1_85222_86329	-	3.1e-15	50.0	0.1	4.9e-15	49.3	0.1	1.3	1	1	0	1	1	1	1	-
PAPI_1_orf37.txt	-	GCF_000152425.1.gbff.25.gbk_GCF_000152425.1.gbff.25.gbk_NZ_DS990138.1_85222_86329	-	5.9e-14	45.9	0.1	2.1e-13	44.1	0.0	1.8	2	1	1	3	3	3	1	-
tripartite_orf37.txt	-	GCF_000152425.1.gbff.25.gbk_GCF_000152425.1.gbff.25.gbk_NZ_DS990138.1_85222_86329	-	7.3e-13	42.9	0.1	1.2e-12	42.2	0.1	1.3	1	0	0	1	1	1	1	-
tripartite_orf105.txt	-	GCF_000152425.1.gbff.25.gbk_GCF_000152425.1.gbff.25.gbk_NZ_DS990138.1_85222_86329	-	3.8e-11	37.0	0.0	5.2e-11	36.6	0.0	1.2	1	0	0	1	1	1	1	-
Tn4371_orf44.txt	-	GCF_000152425.1.gbff.25.gbk_GCF_000152425.1.gbff.25.gbk_NZ_DS990138.1_85222_86329	-	3.4e-10	33.9	0.2	5.2e-10	33.3	0.2	1.2	1	0	0	1	1	1	1	-
ICEKp1_orf50.txt	-	GCF_000152425.1.gbff.25.gbk_GCF_000152425.1.gbff.25.gbk_NZ_DS990138.1_85222_86329	-	6.8e-07	23.3	0.0	9.7e-07	22.8	0.0	1.2	1	0	0	1	1	1	1	-
CTnDOT_ERL_orf18.txt	-	GCF_000152425.1.gbff.25.gbk_GCF_000152425.1.gbff.25.gbk_NZ_DS990138.1_145256_147020	-	0.00023	15.0	0.0	0.012	9.4	0.0	2.4	2	0	0	2	2	2	2	-
SPAP_0892.txt	-	GCF_000152425.1.gbff.25.gbk_GCF_000152425.1.gbff.25.gbk_NZ_DS990138.1_205441_206053	-	8.3e-07	23.6	0.0	1.5e-06	22.8	0.0	1.3	1	1	0	1	1	1	1	-
ICEclc_orf50.txt	-	GCF_000152425.1.gbff.25.gbk_GCF_000152425.1.gbff.25.gbk_NZ_DS990138.1_341989_344140	-	3.5e-26	86.0	0.5	6.4e-26	85.2	0.5	1.3	1	0	0	1	1	1	1	-
PAPI_1_orf114.txt	-	GCF_000152425.1.gbff.25.gbk_GCF_000152425.1.gbff.25.gbk_NZ_DS990138.1_341989_344140	-	6e-24	78.6	0.2	6e-24	78.6	0.2	1.6	2	0	0	2	2	2	1	-
ICEHin1056_orf62.txt	-	GCF_000152425.1.gbff.25.gbk_GCF_000152425.1.gbff.25.gbk_NZ_DS990138.1_341989_344140	-	2e-21	70.3	0.0	2.8e-21	69.8	0.0	1.1	1	0	0	1	1	1	1	-
ICEYe1_orf75.txt	-	GCF_000152425.1.gbff.25.gbk_GCF_000152425.1.gbff.25.gbk_NZ_DS990138.1_341989_344140	-	0.00069	13.2	0.0	0.00098	12.6	0.0	1.2	1	0	0	1	1	1	1	-
traD.protein.15	-	GCF_000152425.1.gbff.25.gbk_GCF_000152425.1.gbff.25.gbk_NZ_DS990138.1_344188_346009	-	0	1467.1	0.0	0	1467.0	0.0	1.0	1	0	0	1	1	1	1	-
ICEYe1_orf44.txt	-	GCF_000152425.1.gbff.25.gbk_GCF_000152425.1.gbff.25.gbk_NZ_DS990138.1_344188_346009	-	1.4e-84	279.1	0.0	2e-80	265.3	0.0	2.0	1	1	1	2	2	2	2	-
ICEHin1056_orf35.txt	-	GCF_000152425.1.gbff.25.gbk_GCF_000152425.1.gbff.25.gbk_NZ_DS990138.1_344188_346009	-	3.9e-82	271.1	0.2	1.9e-77	255.6	0.0	2.3	1	1	1	2	2	2	2	-
ICEclc_orf72.txt	-	GCF_000152425.1.gbff.25.gbk_GCF_000152425.1.gbff.25.gbk_NZ_DS990138.1_344188_346009	-	2.9e-78	258.3	0.1	3e-77	255.0	0.0	2.1	2	1	0	2	2	2	1	-
SPI_7_orf42.txt	-	GCF_000152425.1.gbff.25.gbk_GCF_000152425.1.gbff.25.gbk_NZ_DS990138.1_344188_346009	-	5.5e-76	250.8	0.1	7.3e-73	240.4	0.0	2.8	1	1	1	2	2	2	2	-
PAPI_1_orf72.txt	-	GCF_000152425.1.gbff.25.gbk_GCF_000152425.1.gbff.25.gbk_NZ_DS990138.1_344188_346009	-	2.4e-70	231.9	0.2	7.4e-59	193.9	0.0	3.4	2	1	1	3	3	3	3	-
ICEKp1_orf55.txt	-	GCF_000152425.1.gbff.25.gbk_GCF_000152425.1.gbff.25.gbk_NZ_DS990138.1_344188_346009	-	9.9e-12	38.6	0.1	7.7e-09	29.0	0.0	2.1	2	0	0	2	2	2	2	-
traB.protein.12	-	GCF_000152425.1.gbff.25.gbk_GCF_000152425.1.gbff.25.gbk_NZ_DS990138.1_349792_351082	-	4.8e-305	1005.6	2.6	5.4e-305	1005.4	2.6	1.0	1	0	0	1	1	1	1	-
traA.protein.5	-	GCF_000152425.1.gbff.25.gbk_GCF_000152425.1.gbff.25.gbk_NZ_DS990138.1_351725_352112	-	3.5e-85	277.3	13.6	3.8e-85	277.1	13.6	1.0	1	0	0	1	1	1	1	-
traC.protein.18	-	GCF_000152425.1.gbff.25.gbk_GCF_000152425.1.gbff.25.gbk_NZ_DS990138.1_354878_357278	-	0	1930.2	0.0	0	1930.0	0.0	1.0	1	0	0	1	1	1	1	-
CTnDOT_ERL_orf9.txt	-	GCF_000152425.1.gbff.25.gbk_GCF_000152425.1.gbff.25.gbk_NZ_DS990138.1_354878_357278	-	5.4e-22	71.9	0.0	1e-13	44.5	0.0	2.1	2	0	0	2	2	2	2	-
Tn5253_orf17.protein.4	-	GCF_000152425.1.gbff.25.gbk_GCF_000152425.1.gbff.25.gbk_NZ_DS990138.1_354878_357278	-	2.8e-12	39.9	0.0	4.3e-12	39.3	0.0	1.2	1	0	0	1	1	1	1	-
SPAP_0880.txt	-	GCF_000152425.1.gbff.25.gbk_GCF_000152425.1.gbff.25.gbk_NZ_DS990138.1_354878_357278	-	6.7e-12	38.8	0.2	2.7e-11	36.8	0.2	1.7	1	1	0	1	1	1	1	-
ICEF_III_orf24.txt	-	GCF_000152425.1.gbff.25.gbk_GCF_000152425.1.gbff.25.gbk_NZ_DS990138.1_354878_357278	-	9.8e-11	34.8	0.0	3e-05	16.6	0.0	2.1	2	0	0	2	2	2	2	-
Sa2603_summary_46.txt	-	GCF_000152425.1.gbff.25.gbk_GCF_000152425.1.gbff.25.gbk_NZ_DS990138.1_354878_357278	-	1.8e-10	33.9	0.0	2.7e-10	33.4	0.0	1.1	1	0	0	1	1	1	1	-
ICEAPG2_orf11.txt	-	GCF_000152425.1.gbff.25.gbk_GCF_000152425.1.gbff.25.gbk_NZ_DS990138.1_354878_357278	-	2e-08	27.4	0.0	0.00055	12.7	0.0	2.1	2	0	0	2	2	2	2	-
ICEF_I_II_orf18.txt	-	GCF_000152425.1.gbff.25.gbk_GCF_000152425.1.gbff.25.gbk_NZ_DS990138.1_354878_357278	-	3.1e-08	26.6	0.0	8.6e-07	21.8	0.0	2.2	2	0	0	2	2	2	1	-
Tn4371_orf46.txt	-	GCF_000152425.1.gbff.25.gbk_GCF_000152425.1.gbff.25.gbk_NZ_DS990138.1_354878_357278	-	4.2e-08	26.0	0.0	7.4e-06	18.6	0.0	2.1	2	0	0	2	2	2	2	-
SPI_7_orf52.txt	-	GCF_000152425.1.gbff.25.gbk_GCF_000152425.1.gbff.25.gbk_NZ_DS990138.1_354878_357278	-	2.4e-07	23.7	0.1	5.5e-05	15.9	0.0	2.1	2	0	0	2	2	2	2	-
tripartite_orf34.txt	-	GCF_000152425.1.gbff.25.gbk_GCF_000152425.1.gbff.25.gbk_NZ_DS990138.1_354878_357278	-	3.1e-07	23.4	0.0	9.8e-07	21.7	0.0	1.7	1	1	0	1	1	1	1	-
ICEHin1056_orf45.txt	-	GCF_000152425.1.gbff.25.gbk_GCF_000152425.1.gbff.25.gbk_NZ_DS990138.1_354878_357278	-	3.2e-07	22.8	0.0	0.0016	10.6	0.0	2.1	2	0	0	2	2	2	2	-
ICEYe1_orf57.txt	-	GCF_000152425.1.gbff.25.gbk_GCF_000152425.1.gbff.25.gbk_NZ_DS990138.1_354878_357278	-	2.1e-06	20.3	0.1	0.00049	12.5	0.0	2.1	2	0	0	2	2	2	2	-
ICEM_orf16.txt	-	GCF_000152425.1.gbff.25.gbk_GCF_000152425.1.gbff.25.gbk_NZ_DS990138.1_354878_357278	-	2.5e-06	20.4	0.0	6.4e-05	15.8	0.0	2.0	2	0	0	2	2	2	1	-
ICEA5632_orf12.txt	-	GCF_000152425.1.gbff.25.gbk_GCF_000152425.1.gbff.25.gbk_NZ_DS990138.1_354878_357278	-	1.8e-05	17.4	0.0	3.5e-05	16.5	0.0	1.3	1	0	0	1	1	1	1	-
ICE6013_orf14.txt	-	GCF_000152425.1.gbff.25.gbk_GCF_000152425.1.gbff.25.gbk_NZ_DS990138.1_354878_357278	-	2.7e-05	16.9	0.1	6.7e-05	15.5	0.1	1.5	1	1	0	1	1	1	1	-
ICEBs1_orf21.txt	-	GCF_000152425.1.gbff.25.gbk_GCF_000152425.1.gbff.25.gbk_NZ_DS990138.1_354878_357278	-	0.00047	12.9	0.0	0.00088	12.1	0.0	1.3	1	0	0	1	1	1	1	-
PAPI_1_orf95.txt	-	GCF_000152425.1.gbff.25.gbk_GCF_000152425.1.gbff.25.gbk_NZ_DS990138.1_354878_357278	-	0.0009	11.4	0.0	0.0016	10.6	0.0	1.3	1	0	0	1	1	1	1	-
tripartite_orf44.txt	-	GCF_000152425.1.gbff.25.gbk_GCF_000152425.1.gbff.25.gbk_NZ_DS990138.1_357601_358114	-	3.5e-09	31.1	0.0	7.3e-09	30.1	0.0	1.5	2	0	0	2	2	2	1	-
Tn4371_orf27.txt	-	GCF_000152425.1.gbff.25.gbk_GCF_000152425.1.gbff.25.gbk_NZ_DS990138.1_357601_358114	-	1.1e-08	29.4	0.0	1.9e-08	28.6	0.0	1.4	2	0	0	2	2	2	1	-
traW.protein.14	-	GCF_000152425.1.gbff.25.gbk_GCF_000152425.1.gbff.25.gbk_NZ_DS990138.1_358124_359249	-	5.3e-264	869.0	0.6	5.9e-264	868.9	0.6	1.0	1	0	0	1	1	1	1	-
ICE10270_RD.1_orf13.txt	-	GCF_000152425.1.gbff.25.gbk_GCF_000152425.1.gbff.25.gbk_NZ_DS990138.1_381054_384861	-	0.00094	12.6	0.3	0.0025	11.2	0.3	1.7	1	1	0	1	1	1	1	-
ICEclc_orf74.txt	-	GCF_000152425.1.gbff.25.gbk_GCF_000152425.1.gbff.25.gbk_NZ_DS990138.1_392848_393397	-	4.3e-26	86.5	0.2	5.3e-26	86.2	0.2	1.0	1	0	0	1	1	1	1	-
PAPI_1_orf69.txt	-	GCF_000152425.1.gbff.25.gbk_GCF_000152425.1.gbff.25.gbk_NZ_DS990138.1_392848_393397	-	1.5e-17	58.5	0.1	1.6e-17	58.4	0.1	1.1	1	0	0	1	1	1	1	-
SPI_7_orf39.txt	-	GCF_000152425.1.gbff.25.gbk_GCF_000152425.1.gbff.25.gbk_NZ_DS990138.1_392848_393397	-	5.6e-16	53.6	0.0	7e-16	53.3	0.0	1.1	1	0	0	1	1	1	1	-
ICEYe1_orf42.txt	-	GCF_000152425.1.gbff.25.gbk_GCF_000152425.1.gbff.25.gbk_NZ_DS990138.1_392848_393397	-	2.5e-15	51.1	0.0	4.5e-15	50.3	0.0	1.4	1	1	0	1	1	1	1	-
ICEKp1_orf41.txt	-	GCF_000152425.1.gbff.25.gbk_GCF_000152425.1.gbff.25.gbk_NZ_DS990138.1_392848_393397	-	5.1e-09	30.5	0.0	1.3e-08	29.2	0.0	1.7	1	1	0	1	1	1	1	-
Tn916.orf17.protein.9	-	GCF_000152425.1.gbff.25.gbk_GCF_000152425.1.gbff.25.gbk_NZ_DS990138.1_426172_427657	-	0.0015	13.1	1.1	0.0059	11.2	1.1	2.0	1	0	0	1	1	1	1	-
tripartite_orf43.txt	-	GCF_000152425.1.gbff.25.gbk_GCF_000152425.1.gbff.25.gbk_NZ_DS990138.1_440759_442706	-	2.8e-11	38.0	0.5	6.7e-11	36.7	0.0	1.8	2	0	0	2	2	2	1	-
