IcmL	PF11393.3	GCF_900474925.1.gbff.1.gbk_GCF_900474925.1.gbff.1.gbk_NZ_LS483334.1_30852_32049	-	0.00018	13.9	0.6	0.00018	13.9	0.4	2.3	2	1	0	2	2	2	1	Macrophage	killing	protein	with	similarity	to	conjugation	protein
Pfam-B_3022	PB003022	GCF_900474925.1.gbff.1.gbk_GCF_900474925.1.gbff.1.gbk_NZ_LS483334.1_87717_88437	-	7.5e-06	16.8	0.0	1.2e-05	16.0	0.0	1.3	1	0	0	1	1	1	1	-
T2SSE	PF00437.16	GCF_900474925.1.gbff.1.gbk_GCF_900474925.1.gbff.1.gbk_NZ_LS483334.1_101550_102489	-	4.8e-43	139.3	0.0	1.1e-42	138.1	0.0	1.4	1	1	0	1	1	1	1	Type	II/IV	secretion	system	protein
traP_typeI	-	GCF_900474925.1.gbff.1.gbk_GCF_900474925.1.gbff.1.gbk_NZ_LS483334.1_152515_153520	-	1.6	0.4	42.4	0.033	5.9	3.3	3.8	1	1	3	4	4	4	0	-
Pfam-B_3022	PB003022	GCF_900474925.1.gbff.1.gbk_GCF_900474925.1.gbff.1.gbk_NZ_LS483334.1_173587_174784	-	5.6e-07	20.5	0.1	8.6e-07	19.9	0.0	1.2	1	0	0	1	1	1	1	-
AAA_10	PF12846.2	GCF_900474925.1.gbff.1.gbk_GCF_900474925.1.gbff.1.gbk_NZ_LS483334.1_173587_174784	-	3e-05	15.7	6.3	0.00051	11.7	0.5	3.1	1	1	1	3	3	3	2	AAA-like	domain
FtsK_SpoIIIE	PF01580.13	GCF_900474925.1.gbff.1.gbk_GCF_900474925.1.gbff.1.gbk_NZ_LS483334.1_196050_197757	-	0.00024	13.0	0.1	0.001	11.0	0.0	2.1	3	0	0	3	3	3	1	FtsK/SpoIIIE	family
Pfam-B_3022	PB003022	GCF_900474925.1.gbff.1.gbk_GCF_900474925.1.gbff.1.gbk_NZ_LS483334.1_196050_197757	-	0.00039	11.1	0.1	0.00053	10.7	0.1	1.1	1	0	0	1	1	1	1	-
T2SSE	PF00437.16	GCF_900474925.1.gbff.1.gbk_GCF_900474925.1.gbff.1.gbk_NZ_LS483334.1_197759_199544	-	2e-05	15.9	0.4	5.7e-05	14.4	0.0	1.9	3	0	0	3	3	3	1	Type	II/IV	secretion	system	protein
AAA_10	PF12846.2	GCF_900474925.1.gbff.1.gbk_GCF_900474925.1.gbff.1.gbk_NZ_LS483334.1_197759_199544	-	8.7e-05	14.2	2.3	0.00014	13.6	0.1	2.3	2	1	0	2	2	2	1	AAA-like	domain
FtsK_SpoIIIE	PF01580.13	GCF_900474925.1.gbff.1.gbk_GCF_900474925.1.gbff.1.gbk_NZ_LS483334.1_197759_199544	-	0.00043	12.2	0.1	0.0011	10.9	0.0	1.6	1	0	0	1	1	1	1	FtsK/SpoIIIE	family
AAA_10	PF12846.2	GCF_900474925.1.gbff.1.gbk_GCF_900474925.1.gbff.1.gbk_NZ_LS483334.1_223289_224162	-	0.00011	13.9	0.0	0.00021	12.9	0.0	1.4	1	0	0	1	1	1	1	AAA-like	domain
TraI_2	PF07514.6	GCF_900474925.1.gbff.1.gbk_GCF_900474925.1.gbff.1.gbk_NZ_LS483334.1_226721_227660	-	8e-05	13.9	0.8	0.00014	13.1	0.0	1.8	3	0	0	3	3	3	1	Putative	helicase
AAA_10	PF12846.2	GCF_900474925.1.gbff.1.gbk_GCF_900474925.1.gbff.1.gbk_NZ_LS483334.1_236892_237633	-	5.4e-06	18.2	0.4	1.2e-05	17.0	0.3	1.6	1	1	0	1	1	1	1	AAA-like	domain
FtsK_SpoIIIE	PF01580.13	GCF_900474925.1.gbff.1.gbk_GCF_900474925.1.gbff.1.gbk_NZ_LS483334.1_236892_237633	-	0.0004	12.3	0.1	0.00075	11.4	0.1	1.4	1	0	0	1	1	1	1	FtsK/SpoIIIE	family
AAA_10	PF12846.2	GCF_900474925.1.gbff.1.gbk_GCF_900474925.1.gbff.1.gbk_NZ_LS483334.1_257223_258294	-	4.3e-06	18.5	1.9	0.00015	13.4	0.5	2.4	1	1	1	3	3	3	2	AAA-like	domain
T2SSE	PF00437.16	GCF_900474925.1.gbff.1.gbk_GCF_900474925.1.gbff.1.gbk_NZ_LS483334.1_312499_314953	-	1.9e-05	16.0	0.1	6.5e-05	14.2	0.0	2.0	3	0	0	3	3	3	1	Type	II/IV	secretion	system	protein
TraF	PF13728.2	GCF_900474925.1.gbff.1.gbk_GCF_900474925.1.gbff.1.gbk_NZ_LS483334.1_320584_320917	-	9.7e-06	17.6	0.0	1.3e-05	17.1	0.0	1.2	1	0	0	1	1	1	1	F	plasmid	transfer	operon	protein
TrbC_Ftype	PF09673.5	GCF_900474925.1.gbff.1.gbk_GCF_900474925.1.gbff.1.gbk_NZ_LS483334.1_320584_320917	-	4.1e-05	15.6	0.0	4.9e-05	15.4	0.0	1.2	1	0	0	1	1	1	1	Type-F	conjugative	transfer	system	pilin	assembly	protein
AAA_10	PF12846.2	GCF_900474925.1.gbff.1.gbk_GCF_900474925.1.gbff.1.gbk_NZ_LS483334.1_326694_329523	-	6.3e-07	21.3	3.4	3e-05	15.7	0.1	2.6	2	1	0	2	2	2	2	AAA-like	domain
T2SSE	PF00437.16	GCF_900474925.1.gbff.1.gbk_GCF_900474925.1.gbff.1.gbk_NZ_LS483334.1_326694_329523	-	5.3e-06	17.8	0.6	0.00058	11.1	0.0	2.7	3	0	0	3	3	3	2	Type	II/IV	secretion	system	protein
FtsK_SpoIIIE	PF01580.13	GCF_900474925.1.gbff.1.gbk_GCF_900474925.1.gbff.1.gbk_NZ_LS483334.1_326694_329523	-	7.4e-05	14.7	0.3	0.00077	11.3	0.0	2.2	2	0	0	2	2	2	1	FtsK/SpoIIIE	family
FtsK_SpoIIIE	PF01580.13	GCF_900474925.1.gbff.1.gbk_GCF_900474925.1.gbff.1.gbk_NZ_LS483334.1_355846_356683	-	0.0002	13.2	0.0	0.00039	12.3	0.0	1.5	1	0	0	1	1	1	1	FtsK/SpoIIIE	family
T2SSE	PF00437.16	GCF_900474925.1.gbff.1.gbk_GCF_900474925.1.gbff.1.gbk_NZ_LS483334.1_358435_360106	-	0.00022	12.5	0.0	0.00039	11.7	0.0	1.3	1	0	0	1	1	1	1	Type	II/IV	secretion	system	protein
AAA_10	PF12846.2	GCF_900474925.1.gbff.1.gbk_GCF_900474925.1.gbff.1.gbk_NZ_LS483334.1_358435_360106	-	0.00036	12.2	0.1	0.00095	10.8	0.0	1.8	2	0	0	2	2	2	1	AAA-like	domain
T2SSE	PF00437.16	GCF_900474925.1.gbff.1.gbk_GCF_900474925.1.gbff.1.gbk_NZ_LS483334.1_361309_362764	-	2.4e-05	15.6	0.0	0.00022	12.5	0.0	2.2	2	0	0	2	2	2	1	Type	II/IV	secretion	system	protein
AAA_10	PF12846.2	GCF_900474925.1.gbff.1.gbk_GCF_900474925.1.gbff.1.gbk_NZ_LS483334.1_361309_362764	-	0.0001	14.0	0.3	0.00072	11.2	0.0	2.2	2	0	0	2	2	2	1	AAA-like	domain
Pfam-B_3022	PB003022	GCF_900474925.1.gbff.1.gbk_GCF_900474925.1.gbff.1.gbk_NZ_LS483334.1_361309_362764	-	0.00018	12.2	0.1	0.00062	10.4	0.0	1.7	2	0	0	2	2	2	1	-
Pfam-B_3022	PB003022	GCF_900474925.1.gbff.1.gbk_GCF_900474925.1.gbff.1.gbk_NZ_LS483334.1_365445_366351	-	0.00056	10.6	0.1	0.0008	10.1	0.1	1.2	1	0	0	1	1	1	1	-
AAA_10	PF12846.2	GCF_900474925.1.gbff.1.gbk_GCF_900474925.1.gbff.1.gbk_NZ_LS483334.1_405094_405556	-	0.00052	11.7	0.1	0.00083	11.0	0.1	1.2	1	0	0	1	1	1	1	AAA-like	domain
Pfam-B_706	PB000706	GCF_900474925.1.gbff.1.gbk_GCF_900474925.1.gbff.1.gbk_NZ_LS483334.1_431543_432266	-	6.9e-05	13.5	4.2	7.3e-05	13.4	2.9	1.1	1	0	0	1	1	1	1	-
AAA_10	PF12846.2	GCF_900474925.1.gbff.1.gbk_GCF_900474925.1.gbff.1.gbk_NZ_LS483334.1_464557_465301	-	1e-05	17.3	0.0	1.6e-05	16.6	0.0	1.4	1	1	0	1	1	1	1	AAA-like	domain
FtsK_SpoIIIE	PF01580.13	GCF_900474925.1.gbff.1.gbk_GCF_900474925.1.gbff.1.gbk_NZ_LS483334.1_464557_465301	-	5.5e-05	15.1	0.0	0.00011	14.0	0.0	1.5	1	0	0	1	1	1	1	FtsK/SpoIIIE	family
VirB3	PF05101.8	GCF_900474925.1.gbff.1.gbk_GCF_900474925.1.gbff.1.gbk_NZ_LS483334.1_465404_465629	-	0.43	3.1	10.1	0.088	5.3	0.2	2.0	1	1	1	2	2	2	0	Type	IV	secretory	pathway,	VirB3-like	protein
TrwB_AAD_bind	PF10412.4	GCF_900474925.1.gbff.1.gbk_GCF_900474925.1.gbff.1.gbk_NZ_LS483334.1_488899_491284	-	3.6e-05	14.9	0.0	6.4e-05	14.0	0.0	1.3	1	0	0	1	1	1	1	Type	IV	secretion-system	coupling	protein	DNA-binding	domain
T2SSE	PF00437.16	GCF_900474925.1.gbff.1.gbk_GCF_900474925.1.gbff.1.gbk_NZ_LS483334.1_488899_491284	-	4.5e-05	14.7	0.0	0.00012	13.3	0.0	1.7	2	0	0	2	2	2	1	Type	II/IV	secretion	system	protein
Pfam-B_706	PB000706	GCF_900474925.1.gbff.1.gbk_GCF_900474925.1.gbff.1.gbk_NZ_LS483334.1_583737_584886	-	0.051	4.0	7.8	0.033	4.6	0.1	2.1	2	0	0	2	2	2	0	-
AAA_10	PF12846.2	GCF_900474925.1.gbff.1.gbk_GCF_900474925.1.gbff.1.gbk_NZ_LS483334.1_595239_597522	-	6.9e-07	21.1	4.8	0.0001	14.0	0.0	4.1	4	1	0	4	4	4	2	AAA-like	domain
TrwB_AAD_bind	PF10412.4	GCF_900474925.1.gbff.1.gbk_GCF_900474925.1.gbff.1.gbk_NZ_LS483334.1_595239_597522	-	0.00059	10.8	0.7	0.04	4.8	0.0	2.8	3	0	0	3	3	3	2	Type	IV	secretion-system	coupling	protein	DNA-binding	domain
AAA_10	PF12846.2	GCF_900474925.1.gbff.1.gbk_GCF_900474925.1.gbff.1.gbk_NZ_LS483334.1_598862_599597	-	2.8e-07	22.4	0.3	2.8e-06	19.1	0.1	1.9	1	1	0	2	2	2	1	AAA-like	domain
FtsK_SpoIIIE	PF01580.13	GCF_900474925.1.gbff.1.gbk_GCF_900474925.1.gbff.1.gbk_NZ_LS483334.1_598862_599597	-	1.8e-05	16.7	0.0	3.1e-05	15.9	0.0	1.4	1	0	0	1	1	1	1	FtsK/SpoIIIE	family
T2SSE	PF00437.16	GCF_900474925.1.gbff.1.gbk_GCF_900474925.1.gbff.1.gbk_NZ_LS483334.1_598862_599597	-	0.00045	11.5	0.3	0.00082	10.6	0.0	1.5	2	0	0	2	2	2	1	Type	II/IV	secretion	system	protein
AAA_10	PF12846.2	GCF_900474925.1.gbff.1.gbk_GCF_900474925.1.gbff.1.gbk_NZ_LS483334.1_607945_609607	-	0.0063	8.1	9.3	0.0061	8.2	0.0	3.1	3	1	1	4	4	4	2	AAA-like	domain
TrbC_Ftype	PF09673.5	GCF_900474925.1.gbff.1.gbk_GCF_900474925.1.gbff.1.gbk_NZ_LS483334.1_610944_611796	-	0.00014	13.9	0.0	0.0006	11.9	0.0	2.0	2	0	0	2	2	2	1	Type-F	conjugative	transfer	system	pilin	assembly	protein
T2SSE	PF00437.16	GCF_900474925.1.gbff.1.gbk_GCF_900474925.1.gbff.1.gbk_NZ_LS483334.1_667652_668279	-	0.00025	12.3	0.5	0.00076	10.7	0.0	2.0	3	0	0	3	3	3	1	Type	II/IV	secretion	system	protein
T4SS-DNA_transf	PF02534.9	GCF_900474925.1.gbff.1.gbk_GCF_900474925.1.gbff.1.gbk_NZ_LS483334.1_691765_693550	-	4.7e-58	189.2	0.5	6.3e-58	188.8	0.4	1.1	1	0	0	1	1	1	1	Type	IV	secretory	system	Conjugative	DNA	transfer
TraG-D_C	PF12696.2	GCF_900474925.1.gbff.1.gbk_GCF_900474925.1.gbff.1.gbk_NZ_LS483334.1_691765_693550	-	1.2e-36	117.8	0.4	2.5e-36	116.8	0.3	1.6	1	0	0	1	1	1	1	TraM	recognition	site	of	TraD	and	TraG
TrwB_AAD_bind	PF10412.4	GCF_900474925.1.gbff.1.gbk_GCF_900474925.1.gbff.1.gbk_NZ_LS483334.1_691765_693550	-	3.2e-24	77.6	0.0	3.6e-17	54.4	0.0	2.1	2	0	0	2	2	2	2	Type	IV	secretion-system	coupling	protein	DNA-binding	domain
AAA_10	PF12846.2	GCF_900474925.1.gbff.1.gbk_GCF_900474925.1.gbff.1.gbk_NZ_LS483334.1_691765_693550	-	1.9e-10	32.8	0.1	2.8e-10	32.3	0.0	1.2	1	0	0	1	1	1	1	AAA-like	domain
FtsK_SpoIIIE	PF01580.13	GCF_900474925.1.gbff.1.gbk_GCF_900474925.1.gbff.1.gbk_NZ_LS483334.1_691765_693550	-	7.5e-05	14.6	0.0	0.00027	12.9	0.0	1.8	2	0	0	2	2	2	1	FtsK/SpoIIIE	family
DUF2976	PF11190.4	GCF_900474925.1.gbff.1.gbk_GCF_900474925.1.gbff.1.gbk_NZ_LS483334.1_694263_695130	-	0.0079	8.2	12.1	0.016	7.2	1.1	3.2	2	2	1	3	3	3	2	Protein	of	unknown	function	(DUF2976)
TrbL	PF04610.9	GCF_900474925.1.gbff.1.gbk_GCF_900474925.1.gbff.1.gbk_NZ_LS483334.1_694263_695130	-	0.018	7.1	29.9	0.0035	9.4	14.9	2.8	1	1	1	2	2	2	0	TrbL/VirB6	plasmid	conjugal	transfer	protein
AAA_10	PF12846.2	GCF_900474925.1.gbff.1.gbk_GCF_900474925.1.gbff.1.gbk_NZ_LS483334.1_695717_698144	-	3.9e-57	186.3	0.0	6.7e-57	185.5	0.0	1.4	1	0	0	1	1	1	1	AAA-like	domain
TrwB_AAD_bind	PF10412.4	GCF_900474925.1.gbff.1.gbk_GCF_900474925.1.gbff.1.gbk_NZ_LS483334.1_695717_698144	-	1.9e-06	19.1	0.0	6e-06	17.4	0.0	1.7	2	0	0	2	2	2	1	Type	IV	secretion-system	coupling	protein	DNA-binding	domain
TraC_F_IV	PF11130.4	GCF_900474925.1.gbff.1.gbk_GCF_900474925.1.gbff.1.gbk_NZ_LS483334.1_695717_698144	-	3.9e-06	18.7	0.1	1.4e-05	16.8	0.0	1.9	2	0	0	2	2	2	1	F	pilus	assembly	Type-IV	secretion	system	for	plasmid	transfer
FtsK_SpoIIIE	PF01580.13	GCF_900474925.1.gbff.1.gbk_GCF_900474925.1.gbff.1.gbk_NZ_LS483334.1_695717_698144	-	5.4e-05	15.1	0.0	0.00011	14.1	0.0	1.4	1	0	0	1	1	1	1	FtsK/SpoIIIE	family
FtsK_SpoIIIE	PF01580.13	GCF_900474925.1.gbff.1.gbk_GCF_900474925.1.gbff.1.gbk_NZ_LS483334.1_726118_727828	-	1.4e-05	17.0	0.0	2.8e-05	16.0	0.0	1.4	1	0	0	1	1	1	1	FtsK/SpoIIIE	family
T2SSE	PF00437.16	GCF_900474925.1.gbff.1.gbk_GCF_900474925.1.gbff.1.gbk_NZ_LS483334.1_726118_727828	-	2.1e-05	15.8	0.0	3.5e-05	15.1	0.0	1.3	1	0	0	1	1	1	1	Type	II/IV	secretion	system	protein
AAA_10	PF12846.2	GCF_900474925.1.gbff.1.gbk_GCF_900474925.1.gbff.1.gbk_NZ_LS483334.1_726118_727828	-	0.0003	12.4	0.4	0.00062	11.4	0.3	1.7	1	1	0	1	1	1	1	AAA-like	domain
T2SSE	PF00437.16	GCF_900474925.1.gbff.1.gbk_GCF_900474925.1.gbff.1.gbk_NZ_LS483334.1_727830_728661	-	2.9e-07	21.9	1.0	5.2e-07	21.1	0.4	1.6	2	0	0	2	2	2	1	Type	II/IV	secretion	system	protein
AAA_10	PF12846.2	GCF_900474925.1.gbff.1.gbk_GCF_900474925.1.gbff.1.gbk_NZ_LS483334.1_727830_728661	-	0.00042	12.0	0.5	0.00096	10.8	0.1	1.7	2	0	0	2	2	2	1	AAA-like	domain
Pfam-B_3022	PB003022	GCF_900474925.1.gbff.1.gbk_GCF_900474925.1.gbff.1.gbk_NZ_LS483334.1_727830_728661	-	0.00055	10.6	0.6	0.0011	9.6	0.1	1.5	2	0	0	2	2	2	1	-
AAA_10	PF12846.2	GCF_900474925.1.gbff.1.gbk_GCF_900474925.1.gbff.1.gbk_NZ_LS483334.1_755171_755912	-	1.7e-07	23.1	0.0	2.1e-07	22.8	0.0	1.2	1	0	0	1	1	1	1	AAA-like	domain
FtsK_SpoIIIE	PF01580.13	GCF_900474925.1.gbff.1.gbk_GCF_900474925.1.gbff.1.gbk_NZ_LS483334.1_755171_755912	-	6.4e-05	14.9	0.0	0.00011	14.1	0.0	1.4	1	0	0	1	1	1	1	FtsK/SpoIIIE	family
AAA_10	PF12846.2	GCF_900474925.1.gbff.1.gbk_GCF_900474925.1.gbff.1.gbk_NZ_LS483334.1_779720_780419	-	8.4e-05	14.3	0.7	0.0018	9.9	0.2	2.3	2	1	0	2	2	2	1	AAA-like	domain
Pfam-B_3022	PB003022	GCF_900474925.1.gbff.1.gbk_GCF_900474925.1.gbff.1.gbk_NZ_LS483334.1_779720_780419	-	0.00015	12.5	0.0	0.00022	11.9	0.0	1.1	1	0	0	1	1	1	1	-
AAA_10	PF12846.2	GCF_900474925.1.gbff.1.gbk_GCF_900474925.1.gbff.1.gbk_NZ_LS483334.1_790796_791426	-	1.9e-06	19.7	1.7	0.00057	11.5	0.2	2.8	2	1	1	3	3	3	2	AAA-like	domain
AAA_10	PF12846.2	GCF_900474925.1.gbff.1.gbk_GCF_900474925.1.gbff.1.gbk_NZ_LS483334.1_803670_804372	-	1.1e-06	20.5	0.1	0.001	10.7	0.0	2.1	2	0	0	2	2	2	2	AAA-like	domain
FtsK_SpoIIIE	PF01580.13	GCF_900474925.1.gbff.1.gbk_GCF_900474925.1.gbff.1.gbk_NZ_LS483334.1_803670_804372	-	6.2e-06	18.2	0.0	1.2e-05	17.2	0.0	1.5	1	0	0	1	1	1	1	FtsK/SpoIIIE	family
AAA_10	PF12846.2	GCF_900474925.1.gbff.1.gbk_GCF_900474925.1.gbff.1.gbk_NZ_LS483334.1_817737_818541	-	0.0003	12.5	0.0	0.00065	11.4	0.0	1.5	1	0	0	1	1	1	1	AAA-like	domain
AAA_10	PF12846.2	GCF_900474925.1.gbff.1.gbk_GCF_900474925.1.gbff.1.gbk_NZ_LS483334.1_818553_819312	-	5.5e-06	18.2	0.0	1e-05	17.3	0.0	1.4	1	0	0	1	1	1	1	AAA-like	domain
AAA_10	PF12846.2	GCF_900474925.1.gbff.1.gbk_GCF_900474925.1.gbff.1.gbk_NZ_LS483334.1_829631_831164	-	1.3e-06	20.2	0.1	0.00044	11.9	0.0	2.3	2	0	0	2	2	2	2	AAA-like	domain
Pfam-B_3022	PB003022	GCF_900474925.1.gbff.1.gbk_GCF_900474925.1.gbff.1.gbk_NZ_LS483334.1_829631_831164	-	5.1e-06	17.3	0.0	7.1e-06	16.8	0.0	1.1	1	0	0	1	1	1	1	-
FtsK_SpoIIIE	PF01580.13	GCF_900474925.1.gbff.1.gbk_GCF_900474925.1.gbff.1.gbk_NZ_LS483334.1_850986_852531	-	3.1e-07	22.4	0.7	0.00072	11.4	0.0	2.8	3	0	0	3	3	3	2	FtsK/SpoIIIE	family
TrwB_AAD_bind	PF10412.4	GCF_900474925.1.gbff.1.gbk_GCF_900474925.1.gbff.1.gbk_NZ_LS483334.1_850986_852531	-	1.1e-05	16.6	0.1	0.00077	10.5	0.0	2.3	2	0	0	2	2	2	2	Type	IV	secretion-system	coupling	protein	DNA-binding	domain
T2SSE	PF00437.16	GCF_900474925.1.gbff.1.gbk_GCF_900474925.1.gbff.1.gbk_NZ_LS483334.1_850986_852531	-	4.7e-05	14.7	0.4	0.00017	12.8	0.0	2.1	2	1	0	2	2	2	1	Type	II/IV	secretion	system	protein
AAA_10	PF12846.2	GCF_900474925.1.gbff.1.gbk_GCF_900474925.1.gbff.1.gbk_NZ_LS483334.1_850986_852531	-	0.01	7.4	10.6	0.0035	9.0	0.0	3.8	2	1	1	4	4	4	0	AAA-like	domain
AAA_10	PF12846.2	GCF_900474925.1.gbff.1.gbk_GCF_900474925.1.gbff.1.gbk_NZ_LS483334.1_858548_860111	-	5.3e-05	14.9	1.0	0.00017	13.3	0.1	2.1	1	1	1	2	2	2	1	AAA-like	domain
AAA_10	PF12846.2	GCF_900474925.1.gbff.1.gbk_GCF_900474925.1.gbff.1.gbk_NZ_LS483334.1_884250_885099	-	0.00011	13.9	2.0	0.00024	12.8	0.1	2.0	1	1	1	2	2	2	1	AAA-like	domain
AAA_10	PF12846.2	GCF_900474925.1.gbff.1.gbk_GCF_900474925.1.gbff.1.gbk_NZ_LS483334.1_895160_896888	-	4.6e-06	18.4	0.1	0.0002	13.1	0.0	2.3	2	0	0	2	2	2	2	AAA-like	domain
T2SSE	PF00437.16	GCF_900474925.1.gbff.1.gbk_GCF_900474925.1.gbff.1.gbk_NZ_LS483334.1_895160_896888	-	0.00032	12.0	0.0	0.00077	10.7	0.0	1.6	1	0	0	1	1	1	1	Type	II/IV	secretion	system	protein
Pfam-B_3022	PB003022	GCF_900474925.1.gbff.1.gbk_GCF_900474925.1.gbff.1.gbk_NZ_LS483334.1_911341_912070	-	3.3e-07	21.3	0.0	4.3e-07	20.9	0.0	1.1	1	0	0	1	1	1	1	-
AAA_10	PF12846.2	GCF_900474925.1.gbff.1.gbk_GCF_900474925.1.gbff.1.gbk_NZ_LS483334.1_911341_912070	-	5e-06	18.3	0.6	3e-05	15.8	0.0	2.1	2	1	0	2	2	2	1	AAA-like	domain
T2SSE	PF00437.16	GCF_900474925.1.gbff.1.gbk_GCF_900474925.1.gbff.1.gbk_NZ_LS483334.1_911341_912070	-	3.6e-05	15.1	0.0	6e-05	14.3	0.0	1.3	1	0	0	1	1	1	1	Type	II/IV	secretion	system	protein
Pfam-B_3022	PB003022	GCF_900474925.1.gbff.1.gbk_GCF_900474925.1.gbff.1.gbk_NZ_LS483334.1_936676_937831	-	0.0008	10.1	0.0	0.0011	9.6	0.0	1.2	1	0	0	1	1	1	1	-
traP_typeI	-	GCF_900474925.1.gbff.1.gbk_GCF_900474925.1.gbff.1.gbk_NZ_LS483334.1_955639_957289	-	0.00096	11.0	4.0	0.0017	10.2	2.8	1.3	1	0	0	1	1	1	1	-
T2SSE	PF00437.16	GCF_900474925.1.gbff.1.gbk_GCF_900474925.1.gbff.1.gbk_NZ_LS483334.1_1000090_1001998	-	5e-06	17.9	0.4	0.0036	8.5	0.1	2.4	2	0	0	2	2	2	2	Type	II/IV	secretion	system	protein
AAA_10	PF12846.2	GCF_900474925.1.gbff.1.gbk_GCF_900474925.1.gbff.1.gbk_NZ_LS483334.1_1000090_1001998	-	6e-06	18.0	6.1	0.0016	10.1	0.0	3.2	4	0	0	4	4	4	2	AAA-like	domain
FtsK_SpoIIIE	PF01580.13	GCF_900474925.1.gbff.1.gbk_GCF_900474925.1.gbff.1.gbk_NZ_LS483334.1_1000090_1001998	-	0.0012	10.7	4.8	0.018	6.8	0.0	3.0	4	0	0	4	4	4	2	FtsK/SpoIIIE	family
AAA_10	PF12846.2	GCF_900474925.1.gbff.1.gbk_GCF_900474925.1.gbff.1.gbk_NZ_LS483334.1_1005182_1005941	-	8.8e-07	20.8	0.5	3.2e-05	15.7	0.1	2.2	2	0	0	2	2	2	2	AAA-like	domain
AAA_10	PF12846.2	GCF_900474925.1.gbff.1.gbk_GCF_900474925.1.gbff.1.gbk_NZ_LS483334.1_1041786_1044060	-	0.0029	9.2	5.8	0.12	3.9	0.0	4.3	3	2	1	4	4	4	2	AAA-like	domain
AAA_10	PF12846.2	GCF_900474925.1.gbff.1.gbk_GCF_900474925.1.gbff.1.gbk_NZ_LS483334.1_1098321_1100421	-	7e-06	17.8	7.8	2.1e-05	16.3	0.0	3.1	2	1	1	3	3	3	2	AAA-like	domain
T2SSE	PF00437.16	GCF_900474925.1.gbff.1.gbk_GCF_900474925.1.gbff.1.gbk_NZ_LS483334.1_1101978_1103208	-	1.4e-05	16.4	0.0	2.8e-05	15.4	0.0	1.5	1	0	0	1	1	1	1	Type	II/IV	secretion	system	protein
AAA_10	PF12846.2	GCF_900474925.1.gbff.1.gbk_GCF_900474925.1.gbff.1.gbk_NZ_LS483334.1_1101978_1103208	-	3.9e-05	15.4	0.9	0.00011	13.9	0.0	2.1	3	1	1	4	4	4	1	AAA-like	domain
FtsK_SpoIIIE	PF01580.13	GCF_900474925.1.gbff.1.gbk_GCF_900474925.1.gbff.1.gbk_NZ_LS483334.1_1101978_1103208	-	0.0003	12.7	0.0	0.00054	11.8	0.0	1.4	1	0	0	1	1	1	1	FtsK/SpoIIIE	family
AAA_10	PF12846.2	GCF_900474925.1.gbff.1.gbk_GCF_900474925.1.gbff.1.gbk_NZ_LS483334.1_1145319_1146030	-	3.7e-07	22.0	0.1	1.1e-05	17.2	0.0	2.1	2	0	0	2	2	2	1	AAA-like	domain
T2SSE	PF00437.16	GCF_900474925.1.gbff.1.gbk_GCF_900474925.1.gbff.1.gbk_NZ_LS483334.1_1145319_1146030	-	2.1e-05	15.9	1.1	0.00076	10.7	0.0	2.1	2	0	0	2	2	2	2	Type	II/IV	secretion	system	protein
Pfam-B_3022	PB003022	GCF_900474925.1.gbff.1.gbk_GCF_900474925.1.gbff.1.gbk_NZ_LS483334.1_1145319_1146030	-	0.0002	12.0	0.0	0.00033	11.4	0.0	1.3	1	0	0	1	1	1	1	-
traP_typeI	-	GCF_900474925.1.gbff.1.gbk_GCF_900474925.1.gbff.1.gbk_NZ_LS483334.1_1166369_1166711	-	0.00084	11.1	3.8	0.00096	10.9	2.6	1.2	1	0	0	1	1	1	1	-
T2SSE	PF00437.16	GCF_900474925.1.gbff.1.gbk_GCF_900474925.1.gbff.1.gbk_NZ_LS483334.1_1186302_1187508	-	0.00024	12.4	0.2	0.012	6.8	0.0	2.2	2	0	0	2	2	2	2	Type	II/IV	secretion	system	protein
AAA_10	PF12846.2	GCF_900474925.1.gbff.1.gbk_GCF_900474925.1.gbff.1.gbk_NZ_LS483334.1_1204911_1205580	-	0.00019	13.1	1.1	0.00044	11.9	0.1	1.8	2	0	0	2	2	2	1	AAA-like	domain
FtsK_SpoIIIE	PF01580.13	GCF_900474925.1.gbff.1.gbk_GCF_900474925.1.gbff.1.gbk_NZ_LS483334.1_1204911_1205580	-	0.00046	12.1	0.2	0.0016	10.3	0.0	1.8	2	0	0	2	2	2	1	FtsK/SpoIIIE	family
T4SS-DNA_transf	PF02534.9	GCF_900474925.1.gbff.1.gbk_GCF_900474925.1.gbff.1.gbk_NZ_LS483334.1_1204911_1205580	-	0.00049	11.1	0.1	0.00072	10.5	0.0	1.2	1	0	0	1	1	1	1	Type	IV	secretory	system	Conjugative	DNA	transfer
AAA_10	PF12846.2	GCF_900474925.1.gbff.1.gbk_GCF_900474925.1.gbff.1.gbk_NZ_LS483334.1_1230493_1231417	-	7e-08	24.4	0.0	0.00041	12.0	0.0	2.2	2	0	0	2	2	2	2	AAA-like	domain
AAA_10	PF12846.2	GCF_900474925.1.gbff.1.gbk_GCF_900474925.1.gbff.1.gbk_NZ_LS483334.1_1276289_1276982	-	0.00016	13.4	0.2	0.0007	11.2	0.1	1.8	1	1	1	2	2	2	1	AAA-like	domain
traP_typeI	-	GCF_900474925.1.gbff.1.gbk_GCF_900474925.1.gbff.1.gbk_NZ_LS483334.1_1323458_1323920	-	0.00043	12.1	4.7	9.5e-05	14.2	1.1	1.4	2	0	0	2	2	2	1	-
VirB3	PF05101.8	GCF_900474925.1.gbff.1.gbk_GCF_900474925.1.gbff.1.gbk_NZ_LS483334.1_1345080_1345644	-	1.8	1.1	15.3	0.029	6.9	3.2	3.0	1	1	1	3	3	3	0	Type	IV	secretory	pathway,	VirB3-like	protein
AAA_10	PF12846.2	GCF_900474925.1.gbff.1.gbk_GCF_900474925.1.gbff.1.gbk_NZ_LS483334.1_1367677_1369141	-	0.0002	13.1	2.7	0.00056	11.6	0.0	2.2	2	0	0	2	2	2	1	AAA-like	domain
Pfam-B_3022	PB003022	GCF_900474925.1.gbff.1.gbk_GCF_900474925.1.gbff.1.gbk_NZ_LS483334.1_1405032_1406025	-	2.6e-05	15.0	0.0	4.2e-05	14.3	0.0	1.2	1	0	0	1	1	1	1	-
AAA_10	PF12846.2	GCF_900474925.1.gbff.1.gbk_GCF_900474925.1.gbff.1.gbk_NZ_LS483334.1_1423425_1424928	-	8.8e-22	70.1	0.1	7.3e-21	67.1	0.0	2.3	1	1	0	1	1	1	1	AAA-like	domain
FtsK_SpoIIIE	PF01580.13	GCF_900474925.1.gbff.1.gbk_GCF_900474925.1.gbff.1.gbk_NZ_LS483334.1_1423425_1424928	-	2.9e-11	35.6	0.1	1.7e-08	26.6	0.2	2.6	2	0	0	2	2	2	2	FtsK/SpoIIIE	family
TrwB_AAD_bind	PF10412.4	GCF_900474925.1.gbff.1.gbk_GCF_900474925.1.gbff.1.gbk_NZ_LS483334.1_1423425_1424928	-	8.5e-07	20.2	0.0	3.9e-06	18.0	0.0	2.0	2	0	0	2	2	2	1	Type	IV	secretion-system	coupling	protein	DNA-binding	domain
T2SSE	PF00437.16	GCF_900474925.1.gbff.1.gbk_GCF_900474925.1.gbff.1.gbk_NZ_LS483334.1_1423425_1424928	-	0.00011	13.4	0.1	0.00023	12.4	0.1	1.4	1	0	0	1	1	1	1	Type	II/IV	secretion	system	protein
T2SSE	PF00437.16	GCF_900474925.1.gbff.1.gbk_GCF_900474925.1.gbff.1.gbk_NZ_LS483334.1_1433213_1435367	-	8.7e-06	17.1	0.2	3.3e-05	15.2	0.0	1.8	1	1	1	2	2	2	1	Type	II/IV	secretion	system	protein
Pfam-B_3022	PB003022	GCF_900474925.1.gbff.1.gbk_GCF_900474925.1.gbff.1.gbk_NZ_LS483334.1_1433213_1435367	-	0.0013	9.3	0.0	0.002	8.8	0.0	1.2	1	0	0	1	1	1	1	-
AAA_10	PF12846.2	GCF_900474925.1.gbff.1.gbk_GCF_900474925.1.gbff.1.gbk_NZ_LS483334.1_1448179_1449076	-	0.00025	12.7	0.1	0.00098	10.8	0.1	1.9	1	1	1	2	2	2	1	AAA-like	domain
AAA_10	PF12846.2	GCF_900474925.1.gbff.1.gbk_GCF_900474925.1.gbff.1.gbk_NZ_LS483334.1_1450860_1451913	-	0.00015	13.4	0.2	0.0028	9.3	0.0	2.2	2	0	0	2	2	2	2	AAA-like	domain
FtsK_SpoIIIE	PF01580.13	GCF_900474925.1.gbff.1.gbk_GCF_900474925.1.gbff.1.gbk_NZ_LS483334.1_1460776_1463182	-	2.7e-63	205.5	2.1	9.8e-63	203.7	0.0	2.3	2	0	0	2	2	2	1	FtsK/SpoIIIE	family
AAA_10	PF12846.2	GCF_900474925.1.gbff.1.gbk_GCF_900474925.1.gbff.1.gbk_NZ_LS483334.1_1460776_1463182	-	7.9e-10	30.8	3.2	1.4e-05	16.8	0.1	2.6	3	0	0	3	3	3	2	AAA-like	domain
T2SSE	PF00437.16	GCF_900474925.1.gbff.1.gbk_GCF_900474925.1.gbff.1.gbk_NZ_LS483334.1_1460776_1463182	-	2.7e-05	15.5	0.0	5.1e-05	14.6	0.0	1.4	1	0	0	1	1	1	1	Type	II/IV	secretion	system	protein
TrwB_AAD_bind	PF10412.4	GCF_900474925.1.gbff.1.gbk_GCF_900474925.1.gbff.1.gbk_NZ_LS483334.1_1460776_1463182	-	4.9e-05	14.4	0.0	0.00027	12.0	0.0	2.1	2	0	0	2	2	2	1	Type	IV	secretion-system	coupling	protein	DNA-binding	domain
AAA_10	PF12846.2	GCF_900474925.1.gbff.1.gbk_GCF_900474925.1.gbff.1.gbk_NZ_LS483334.1_1465207_1465933	-	9.2e-05	14.1	0.0	0.00014	13.5	0.0	1.2	1	0	0	1	1	1	1	AAA-like	domain
Pfam-B_3022	PB003022	GCF_900474925.1.gbff.1.gbk_GCF_900474925.1.gbff.1.gbk_NZ_LS483334.1_1465207_1465933	-	0.0004	11.1	0.0	0.00056	10.6	0.0	1.1	1	0	0	1	1	1	1	-
T2SSE	PF00437.16	GCF_900474925.1.gbff.1.gbk_GCF_900474925.1.gbff.1.gbk_NZ_LS483334.1_1465207_1465933	-	0.0005	11.3	0.1	0.00074	10.8	0.1	1.2	1	0	0	1	1	1	1	Type	II/IV	secretion	system	protein
DUF2976	PF11190.4	GCF_900474925.1.gbff.1.gbk_GCF_900474925.1.gbff.1.gbk_NZ_LS483334.1_1479079_1479331	-	0.022	6.8	5.8	0.0085	8.1	1.5	2.0	1	1	2	3	3	3	0	Protein	of	unknown	function	(DUF2976)
DUF3487	PF11990.4	GCF_900474925.1.gbff.1.gbk_GCF_900474925.1.gbff.1.gbk_NZ_LS483334.1_1488175_1488883	-	0.0015	10.7	3.2	0.0016	10.5	0.2	2.3	2	0	0	2	2	2	1	Protein	of	unknown	function	(DUF3487)
T2SSE	PF00437.16	GCF_900474925.1.gbff.1.gbk_GCF_900474925.1.gbff.1.gbk_NZ_LS483334.1_1501701_1502337	-	0.00034	11.8	0.1	0.00064	10.9	0.1	1.4	1	0	0	1	1	1	1	Type	II/IV	secretion	system	protein
DUF3487	PF11990.4	GCF_900474925.1.gbff.1.gbk_GCF_900474925.1.gbff.1.gbk_NZ_LS483334.1_1526830_1527520	-	0.32	3.1	14.1	0.022	6.8	1.4	2.9	1	1	1	2	2	2	0	Protein	of	unknown	function	(DUF3487)
AAA_10	PF12846.2	GCF_900474925.1.gbff.1.gbk_GCF_900474925.1.gbff.1.gbk_NZ_LS483334.1_1539267_1540578	-	2e-05	16.3	0.0	0.00096	10.8	0.0	2.5	2	0	0	2	2	2	2	AAA-like	domain
T4SS	PF07996.7	GCF_900474925.1.gbff.1.gbk_GCF_900474925.1.gbff.1.gbk_NZ_LS483334.1_1547581_1548139	-	0.00021	13.8	4.5	0.0029	10.1	0.2	2.2	1	1	1	2	2	2	2	Type	IV	secretion	system	proteins
AAA_10	PF12846.2	GCF_900474925.1.gbff.1.gbk_GCF_900474925.1.gbff.1.gbk_NZ_LS483334.1_1554765_1555830	-	2.1e-09	29.4	0.9	2.3e-05	16.1	0.0	2.2	1	1	1	2	2	2	2	AAA-like	domain
T2SSE	PF00437.16	GCF_900474925.1.gbff.1.gbk_GCF_900474925.1.gbff.1.gbk_NZ_LS483334.1_1563646_1564765	-	0.00036	11.8	0.1	0.00063	11.0	0.0	1.3	1	0	0	1	1	1	1	Type	II/IV	secretion	system	protein
T2SSE	PF00437.16	GCF_900474925.1.gbff.1.gbk_GCF_900474925.1.gbff.1.gbk_NZ_LS483334.1_1585357_1586095	-	5.7e-05	14.4	0.0	0.00015	13.0	0.0	1.7	2	0	0	2	2	2	1	Type	II/IV	secretion	system	protein
FtsK_SpoIIIE	PF01580.13	GCF_900474925.1.gbff.1.gbk_GCF_900474925.1.gbff.1.gbk_NZ_LS483334.1_1585357_1586095	-	0.00032	12.6	0.0	0.00056	11.8	0.0	1.3	1	0	0	1	1	1	1	FtsK/SpoIIIE	family
AAA_10	PF12846.2	GCF_900474925.1.gbff.1.gbk_GCF_900474925.1.gbff.1.gbk_NZ_LS483334.1_1585357_1586095	-	0.00069	11.3	0.7	0.0015	10.2	0.3	1.7	1	1	1	2	2	2	1	AAA-like	domain
Pfam-B_6973	PB006973	GCF_900474925.1.gbff.1.gbk_GCF_900474925.1.gbff.1.gbk_NZ_LS483334.1_1618031_1618460	-	0.00028	12.8	0.1	0.00034	12.6	0.0	1.2	1	0	0	1	1	1	1	-
TraF	PF13728.2	GCF_900474925.1.gbff.1.gbk_GCF_900474925.1.gbff.1.gbk_NZ_LS483334.1_1628862_1629246	-	2.2e-06	19.7	0.0	3.4e-06	19.1	0.0	1.3	1	0	0	1	1	1	1	F	plasmid	transfer	operon	protein
Pfam-B_3022	PB003022	GCF_900474925.1.gbff.1.gbk_GCF_900474925.1.gbff.1.gbk_NZ_LS483334.1_1639499_1640633	-	0.00016	12.4	0.0	0.00026	11.7	0.0	1.3	1	0	0	1	1	1	1	-
AAA_10	PF12846.2	GCF_900474925.1.gbff.1.gbk_GCF_900474925.1.gbff.1.gbk_NZ_LS483334.1_1639499_1640633	-	0.00021	13.0	0.4	0.00039	12.1	0.2	1.6	1	1	0	1	1	1	1	AAA-like	domain
FtsK_SpoIIIE	PF01580.13	GCF_900474925.1.gbff.1.gbk_GCF_900474925.1.gbff.1.gbk_NZ_LS483334.1_1666178_1666982	-	0.00022	13.1	0.0	0.00037	12.4	0.0	1.3	1	0	0	1	1	1	1	FtsK/SpoIIIE	family
T2SSE	PF00437.16	GCF_900474925.1.gbff.1.gbk_GCF_900474925.1.gbff.1.gbk_NZ_LS483334.1_1666178_1666982	-	0.00046	11.4	0.3	0.00099	10.3	0.0	1.6	2	0	0	2	2	2	1	Type	II/IV	secretion	system	protein
AAA_10	PF12846.2	GCF_900474925.1.gbff.1.gbk_GCF_900474925.1.gbff.1.gbk_NZ_LS483334.1_1666965_1667592	-	0.00011	13.9	0.4	0.02	6.5	0.1	2.1	2	0	0	2	2	2	2	AAA-like	domain
Pfam-B_3022	PB003022	GCF_900474925.1.gbff.1.gbk_GCF_900474925.1.gbff.1.gbk_NZ_LS483334.1_1666965_1667592	-	0.00074	10.2	0.1	0.001	9.7	0.1	1.1	1	0	0	1	1	1	1	-
T4SS	PF07996.7	GCF_900474925.1.gbff.1.gbk_GCF_900474925.1.gbff.1.gbk_NZ_LS483334.1_1678115_1679402	-	0.59	2.6	37.4	0.00046	12.7	10.3	3.0	1	1	2	3	3	3	0	Type	IV	secretion	system	proteins
traP_typeI	-	GCF_900474925.1.gbff.1.gbk_GCF_900474925.1.gbff.1.gbk_NZ_LS483334.1_1678115_1679402	-	2.3	-0.1	43.2	0.13	3.9	3.3	4.4	1	1	2	4	4	4	0	-
traP_typeI	-	GCF_900474925.1.gbff.1.gbk_GCF_900474925.1.gbff.1.gbk_NZ_LS483334.1_1679624_1680686	-	7.5e-07	21.1	46.4	4.9e-05	15.2	11.2	3.8	1	1	3	4	4	4	4	-
AAA_10	PF12846.2	GCF_900474925.1.gbff.1.gbk_GCF_900474925.1.gbff.1.gbk_NZ_LS483334.1_1688570_1689245	-	7e-06	17.8	0.1	1.4e-05	16.8	0.1	1.5	1	0	0	1	1	1	1	AAA-like	domain
AAA_10	PF12846.2	GCF_900474925.1.gbff.1.gbk_GCF_900474925.1.gbff.1.gbk_NZ_LS483334.1_1720257_1722702	-	5.1e-06	18.3	3.2	8.3e-05	14.3	0.0	3.3	5	0	0	5	5	5	2	AAA-like	domain
Pfam-B_6973	PB006973	GCF_900474925.1.gbff.1.gbk_GCF_900474925.1.gbff.1.gbk_NZ_LS483334.1_1787976_1788303	-	2.5e-07	22.8	0.2	2.8e-07	22.6	0.1	1.0	1	0	0	1	1	1	1	-
Replic_Relax	PF13814.1	GCF_900474925.1.gbff.1.gbk_GCF_900474925.1.gbff.1.gbk_NZ_LS483334.1_1787976_1788303	-	0.00031	13.0	0.0	0.00035	12.8	0.0	1.1	1	0	0	1	1	1	1	Replication-relaxation
AAA_10	PF12846.2	GCF_900474925.1.gbff.1.gbk_GCF_900474925.1.gbff.1.gbk_NZ_LS483334.1_1806875_1807718	-	6.7e-05	14.6	0.1	0.00069	11.3	0.1	2.1	2	0	0	2	2	2	1	AAA-like	domain
Pfam-B_3022	PB003022	GCF_900474925.1.gbff.1.gbk_GCF_900474925.1.gbff.1.gbk_NZ_LS483334.1_1807693_1808533	-	6e-05	13.8	0.0	0.00012	12.8	0.0	1.4	1	0	0	1	1	1	1	-
AAA_10	PF12846.2	GCF_900474925.1.gbff.1.gbk_GCF_900474925.1.gbff.1.gbk_NZ_LS483334.1_1807693_1808533	-	0.00036	12.2	0.5	0.033	5.8	0.0	2.1	1	1	1	2	2	2	2	AAA-like	domain
TrbL	PF04610.9	GCF_900474925.1.gbff.1.gbk_GCF_900474925.1.gbff.1.gbk_NZ_LS483334.1_1827850_1830028	-	3.4e-05	16.0	13.4	3.4e-05	16.0	9.3	3.5	3	1	1	4	4	4	2	TrbL/VirB6	plasmid	conjugal	transfer	protein
AAA_10	PF12846.2	GCF_900474925.1.gbff.1.gbk_GCF_900474925.1.gbff.1.gbk_NZ_LS483334.1_1830030_1832478	-	6.9e-36	116.4	1.3	1e-35	115.9	0.2	1.7	2	0	0	2	2	2	1	AAA-like	domain
TrbC	PF04956.9	GCF_900474925.1.gbff.1.gbk_GCF_900474925.1.gbff.1.gbk_NZ_LS483334.1_1833556_1833778	-	0.00012	14.5	2.6	0.00017	14.1	1.8	1.2	1	0	0	1	1	1	1	TrbC/VIRB2	family
Rep_trans	PF02486.14	GCF_900474925.1.gbff.1.gbk_GCF_900474925.1.gbff.1.gbk_NZ_LS483334.1_1833820_1835026	-	8.7e-49	157.8	1.9	1.3e-48	157.3	1.3	1.2	1	0	0	1	1	1	1	Replication	initiation	factor
FtsK_SpoIIIE	PF01580.13	GCF_900474925.1.gbff.1.gbk_GCF_900474925.1.gbff.1.gbk_NZ_LS483334.1_1835203_1836589	-	7.8e-44	142.0	0.0	1e-43	141.6	0.0	1.1	1	0	0	1	1	1	1	FtsK/SpoIIIE	family
AAA_10	PF12846.2	GCF_900474925.1.gbff.1.gbk_GCF_900474925.1.gbff.1.gbk_NZ_LS483334.1_1835203_1836589	-	2.2e-08	26.0	0.1	7.3e-07	21.0	0.0	2.2	1	1	0	2	2	2	1	AAA-like	domain
TrwB_AAD_bind	PF10412.4	GCF_900474925.1.gbff.1.gbk_GCF_900474925.1.gbff.1.gbk_NZ_LS483334.1_1835203_1836589	-	6.8e-06	17.2	0.0	1.2e-05	16.5	0.0	1.3	1	0	0	1	1	1	1	Type	IV	secretion-system	coupling	protein	DNA-binding	domain
T2SSE	PF00437.16	GCF_900474925.1.gbff.1.gbk_GCF_900474925.1.gbff.1.gbk_NZ_LS483334.1_1835203_1836589	-	0.00012	13.3	0.0	0.0002	12.6	0.0	1.3	1	0	0	1	1	1	1	Type	II/IV	secretion	system	protein
VirB3	PF05101.8	GCF_900474925.1.gbff.1.gbk_GCF_900474925.1.gbff.1.gbk_NZ_LS483334.1_1840957_1841830	-	0.014	7.8	6.3	0.004	9.6	0.2	2.8	3	0	0	3	3	3	0	Type	IV	secretory	pathway,	VirB3-like	protein
Relaxase	PF03432.9	NZ_LS483334.1_722547_723819	-	1.9e-48	157.3	9.5	1.9e-48	157.3	6.6	2.5	2	1	1	3	3	3	1	Relaxase/Mobilisation	nuclease	domain
T4SS	PF07996.7	NZ_LS483334.1_722547_723819	-	0.00071	12.1	8.0	0.0019	10.7	4.1	2.5	1	1	1	2	2	2	1	Type	IV	secretion	system	proteins
DUF2976	PF11190.4	NZ_LS483334.1_1443801_1444029	-	0.00075	11.5	1.1	0.00085	11.4	0.8	1.1	1	0	0	1	1	1	1	Protein	of	unknown	function	(DUF2976)
ICE6013_orf11.txt	-	GCF_900474925.1.gbff.1.gbk_GCF_900474925.1.gbff.1.gbk_NZ_LS483334.1_30852_32049	-	4.1e-09	30.5	1.2	4.1e-09	30.5	1.2	1.7	2	0	0	2	2	2	1	-
ICESt1_orf31.txt	-	GCF_900474925.1.gbff.1.gbk_GCF_900474925.1.gbff.1.gbk_NZ_LS483334.1_30852_32049	-	5.4e-09	30.3	5.5	5.4e-09	30.3	5.5	1.6	1	1	0	1	1	1	1	-
Tn5253_orf18.protein.13	-	GCF_900474925.1.gbff.1.gbk_GCF_900474925.1.gbff.1.gbk_NZ_LS483334.1_30852_32049	-	2.2e-06	20.5	4.7	2.2e-06	20.5	4.7	2.2	2	1	0	2	2	2	1	-
Sa2603_summary_45.txt	-	GCF_900474925.1.gbff.1.gbk_GCF_900474925.1.gbff.1.gbk_NZ_LS483334.1_30852_32049	-	1.5e-05	17.4	3.5	1.5e-05	17.4	3.5	2.4	2	1	0	2	2	2	1	-
ICE6013_orf11.txt	-	GCF_900474925.1.gbff.1.gbk_GCF_900474925.1.gbff.1.gbk_NZ_LS483334.1_45430_46555	-	7.1e-08	26.4	1.8	1.1e-07	25.8	1.8	1.3	1	0	0	1	1	1	1	-
Sa2603_summary_45.txt	-	GCF_900474925.1.gbff.1.gbk_GCF_900474925.1.gbff.1.gbk_NZ_LS483334.1_45430_46555	-	3.8e-06	19.4	0.1	4.9e-06	19.1	0.1	1.1	1	0	0	1	1	1	1	-
Tn5253_orf18.protein.13	-	GCF_900474925.1.gbff.1.gbk_GCF_900474925.1.gbff.1.gbk_NZ_LS483334.1_45430_46555	-	8e-06	18.6	0.2	1e-05	18.3	0.2	1.1	1	0	0	1	1	1	1	-
ICEF_III_orf15.txt	-	GCF_900474925.1.gbff.1.gbk_GCF_900474925.1.gbff.1.gbk_NZ_LS483334.1_53900_54899	-	2.2e-06	22.0	0.0	2.8e-06	21.7	0.0	1.1	1	0	0	1	1	1	1	-
ICEF_III_orf17.txt	-	GCF_900474925.1.gbff.1.gbk_GCF_900474925.1.gbff.1.gbk_NZ_LS483334.1_87270_87714	-	0.00038	14.9	0.0	0.00056	14.4	0.0	1.3	1	0	0	1	1	1	1	-
PAPI_1_orf40.txt	-	GCF_900474925.1.gbff.1.gbk_GCF_900474925.1.gbff.1.gbk_NZ_LS483334.1_101550_102489	-	3.6e-14	47.1	0.1	5e-14	46.6	0.1	1.2	1	0	0	1	1	1	1	-
tripartite_orf105.txt	-	GCF_900474925.1.gbff.1.gbk_GCF_900474925.1.gbff.1.gbk_NZ_LS483334.1_101550_102489	-	1.1e-13	45.4	0.0	1.5e-13	44.9	0.0	1.2	1	0	0	1	1	1	1	-
PAPI_1_orf37.txt	-	GCF_900474925.1.gbff.1.gbk_GCF_900474925.1.gbff.1.gbk_NZ_LS483334.1_101550_102489	-	3.2e-12	40.2	0.1	4.9e-12	39.6	0.1	1.2	1	0	0	1	1	1	1	-
Tn4371_orf44.txt	-	GCF_900474925.1.gbff.1.gbk_GCF_900474925.1.gbff.1.gbk_NZ_LS483334.1_101550_102489	-	1.4e-10	35.2	0.1	2.1e-10	34.6	0.1	1.1	1	0	0	1	1	1	1	-
tripartite_orf37.txt	-	GCF_900474925.1.gbff.1.gbk_GCF_900474925.1.gbff.1.gbk_NZ_LS483334.1_101550_102489	-	3.4e-10	34.2	0.0	5e-10	33.6	0.0	1.2	1	0	0	1	1	1	1	-
SPI_7_orf27.txt	-	GCF_900474925.1.gbff.1.gbk_GCF_900474925.1.gbff.1.gbk_NZ_LS483334.1_101550_102489	-	1.5e-09	31.3	0.1	2e-09	30.8	0.1	1.1	1	0	0	1	1	1	1	-
ICEF_I_II_orf4.txt	-	GCF_900474925.1.gbff.1.gbk_GCF_900474925.1.gbff.1.gbk_NZ_LS483334.1_108869_109937	-	0.004	10.8	0.0	0.0068	10.0	0.0	1.3	1	0	0	1	1	1	1	-
ICEF_I_II_orf13.txt	-	GCF_900474925.1.gbff.1.gbk_GCF_900474925.1.gbff.1.gbk_NZ_LS483334.1_111794_112190	-	4.3e-08	28.1	0.0	4.9e-08	27.9	0.0	1.0	1	0	0	1	1	1	1	-
ICEM_orf8.txt	-	GCF_900474925.1.gbff.1.gbk_GCF_900474925.1.gbff.1.gbk_NZ_LS483334.1_111794_112190	-	1.9e-07	25.6	0.0	2.5e-07	25.2	0.0	1.3	1	1	0	1	1	1	1	-
ICEAPG2_orf19.txt	-	GCF_900474925.1.gbff.1.gbk_GCF_900474925.1.gbff.1.gbk_NZ_LS483334.1_111794_112190	-	0.0001	17.0	0.0	0.00012	16.7	0.0	1.2	1	0	0	1	1	1	1	-
ICEA5632_orf23.txt	-	GCF_900474925.1.gbff.1.gbk_GCF_900474925.1.gbff.1.gbk_NZ_LS483334.1_111794_112190	-	0.0033	12.2	0.0	0.0042	11.8	0.0	1.2	1	0	0	1	1	1	1	-
tripartite_orf44.txt	-	GCF_900474925.1.gbff.1.gbk_GCF_900474925.1.gbff.1.gbk_NZ_LS483334.1_119273_119795	-	0.00064	14.0	0.0	0.0011	13.2	0.0	1.3	1	0	0	1	1	1	1	-
SPAP_0883.txt	-	GCF_900474925.1.gbff.1.gbk_GCF_900474925.1.gbff.1.gbk_NZ_LS483334.1_152515_153520	-	0.21	4.6	60.7	0.0029	10.7	37.9	2.4	1	1	1	2	2	2	0	-
Tn916.orf15.protein.17	-	GCF_900474925.1.gbff.1.gbk_GCF_900474925.1.gbff.1.gbk_NZ_LS483334.1_152515_153520	-	0.9	2.3	16.2	0.24	4.2	12.8	1.8	1	1	1	2	2	2	0	-
ICEF_III_orf4.txt	-	GCF_900474925.1.gbff.1.gbk_GCF_900474925.1.gbff.1.gbk_NZ_LS483334.1_152515_153520	-	1.3	2.6	9.1	0.091	6.4	1.6	2.1	2	0	0	2	2	2	0	-
PAPI_1_orf93.txt	-	GCF_900474925.1.gbff.1.gbk_GCF_900474925.1.gbff.1.gbk_NZ_LS483334.1_225460_226732	-	0.099	5.6	7.1	0.17	4.8	7.1	1.4	1	0	0	1	1	1	0	-
ICE10270_RD.2_orf23.txt	-	GCF_900474925.1.gbff.1.gbk_GCF_900474925.1.gbff.1.gbk_NZ_LS483334.1_298829_299051	-	8.8e-05	16.2	0.2	9.1e-05	16.1	0.2	1.1	1	0	0	1	1	1	1	-
ICEF_I_II_orf13.txt	-	GCF_900474925.1.gbff.1.gbk_GCF_900474925.1.gbff.1.gbk_NZ_LS483334.1_323731_324223	-	2.3e-12	42.0	0.0	3e-12	41.6	0.0	1.1	1	0	0	1	1	1	1	-
ICEM_orf8.txt	-	GCF_900474925.1.gbff.1.gbk_GCF_900474925.1.gbff.1.gbk_NZ_LS483334.1_323731_324223	-	1.5e-06	22.7	0.0	2e-06	22.3	0.0	1.3	1	1	0	1	1	1	1	-
ICEAPG2_orf19.txt	-	GCF_900474925.1.gbff.1.gbk_GCF_900474925.1.gbff.1.gbk_NZ_LS483334.1_323731_324223	-	0.00018	16.1	0.0	0.00022	15.8	0.0	1.2	1	0	0	1	1	1	1	-
ICESt1_orf31.txt	-	GCF_900474925.1.gbff.1.gbk_GCF_900474925.1.gbff.1.gbk_NZ_LS483334.1_347057_348569	-	7.2e-128	421.5	5.9	1.2e-127	420.8	5.9	1.3	1	0	0	1	1	1	1	-
Sa2603_summary_45.txt	-	GCF_900474925.1.gbff.1.gbk_GCF_900474925.1.gbff.1.gbk_NZ_LS483334.1_347057_348569	-	3.5e-15	49.3	1.1	6.1e-15	48.5	1.1	1.3	1	0	0	1	1	1	1	-
Tn5253_orf18.protein.13	-	GCF_900474925.1.gbff.1.gbk_GCF_900474925.1.gbff.1.gbk_NZ_LS483334.1_347057_348569	-	7.1e-15	48.6	1.5	1.2e-14	47.9	1.5	1.2	1	0	0	1	1	1	1	-
ICE6013_orf11.txt	-	GCF_900474925.1.gbff.1.gbk_GCF_900474925.1.gbff.1.gbk_NZ_LS483334.1_347057_348569	-	1.1e-11	38.9	0.5	1.1e-11	38.9	0.5	1.9	2	0	0	2	2	2	1	-
TnGBS1_gbs0404.txt	-	GCF_900474925.1.gbff.1.gbk_GCF_900474925.1.gbff.1.gbk_NZ_LS483334.1_347057_348569	-	3.4e-06	20.8	0.3	6.4e-06	19.9	0.3	1.4	1	0	0	1	1	1	1	-
tripartite_orf105.txt	-	GCF_900474925.1.gbff.1.gbk_GCF_900474925.1.gbff.1.gbk_NZ_LS483334.1_361309_362764	-	0.001	12.6	0.0	0.011	9.1	0.0	2.4	2	0	0	2	2	2	1	-
Tn916.orf20.protein.14	-	GCF_900474925.1.gbff.1.gbk_GCF_900474925.1.gbff.1.gbk_NZ_LS483334.1_652975_653191	-	0.0014	12.1	0.0	0.0014	12.1	0.0	1.0	1	0	0	1	1	1	1	-
CTnDOT_ERL_orf11.txt	-	GCF_900474925.1.gbff.1.gbk_GCF_900474925.1.gbff.1.gbk_NZ_LS483334.1_670125_671796	-	0.0016	12.9	0.0	0.0031	11.9	0.0	1.4	1	0	0	1	1	1	1	-
SPAP_0869.txt	-	GCF_900474925.1.gbff.1.gbk_GCF_900474925.1.gbff.1.gbk_NZ_LS483334.1_691765_693550	-	0	1186.2	16.2	0	1186.0	16.2	1.0	1	0	0	1	1	1	1	-
Tn5253_orf13.protein.11	-	GCF_900474925.1.gbff.1.gbk_GCF_900474925.1.gbff.1.gbk_NZ_LS483334.1_691765_693550	-	4.7e-105	346.7	6.6	1.1e-60	200.1	0.5	2.0	1	1	1	2	2	2	2	-
ICEA5632_orf18.txt	-	GCF_900474925.1.gbff.1.gbk_GCF_900474925.1.gbff.1.gbk_NZ_LS483334.1_691765_693550	-	5.9e-22	72.2	5.0	2.7e-14	46.9	1.5	2.1	2	0	0	2	2	2	2	-
ICEAPG2_orf24.txt	-	GCF_900474925.1.gbff.1.gbk_GCF_900474925.1.gbff.1.gbk_NZ_LS483334.1_691765_693550	-	1.4e-20	67.8	2.5	9.2e-15	48.6	0.4	2.1	2	0	0	2	2	2	2	-
ICEM_orf5.txt	-	GCF_900474925.1.gbff.1.gbk_GCF_900474925.1.gbff.1.gbk_NZ_LS483334.1_691765_693550	-	1.1e-17	58.2	1.8	3.2e-12	40.1	0.4	2.1	2	0	0	2	2	2	2	-
TnGBS1_gbs0396.txt	-	GCF_900474925.1.gbff.1.gbk_GCF_900474925.1.gbff.1.gbk_NZ_LS483334.1_691765_693550	-	2.4e-16	53.0	0.1	5.3e-11	35.4	0.0	2.1	2	0	0	2	2	2	2	-
Tn4371_orf42.txt	-	GCF_900474925.1.gbff.1.gbk_GCF_900474925.1.gbff.1.gbk_NZ_LS483334.1_691765_693550	-	1.2e-11	38.1	0.0	1.3e-07	24.8	0.0	2.1	2	0	0	2	2	2	2	-
tripartite_orf39.txt	-	GCF_900474925.1.gbff.1.gbk_GCF_900474925.1.gbff.1.gbk_NZ_LS483334.1_691765_693550	-	3.8e-11	36.5	0.0	2e-07	24.2	0.0	2.1	2	0	0	2	2	2	2	-
tripartite_orf119.txt	-	GCF_900474925.1.gbff.1.gbk_GCF_900474925.1.gbff.1.gbk_NZ_LS483334.1_691765_693550	-	7.6e-07	22.0	0.1	1.3e-06	21.2	0.1	1.3	1	0	0	1	1	1	1	-
CTnDOT_ERL_orf_mobC.txt	-	GCF_900474925.1.gbff.1.gbk_GCF_900474925.1.gbff.1.gbk_NZ_LS483334.1_691765_693550	-	9.9e-07	22.1	0.3	1.6e-06	21.4	0.3	1.3	1	0	0	1	1	1	1	-
SPAP_0891.txt	-	GCF_900474925.1.gbff.1.gbk_GCF_900474925.1.gbff.1.gbk_NZ_LS483334.1_693713_694025	-	2.9e-12	41.4	5.0	3e-12	41.4	5.0	1.0	1	0	0	1	1	1	1	-
ICEF_I_II_orf13.txt	-	GCF_900474925.1.gbff.1.gbk_GCF_900474925.1.gbff.1.gbk_NZ_LS483334.1_693713_694025	-	9e-05	17.2	3.6	0.00021	16.0	3.6	1.7	1	1	0	1	1	1	1	-
Sa2603_summary_48.txt	-	GCF_900474925.1.gbff.1.gbk_GCF_900474925.1.gbff.1.gbk_NZ_LS483334.1_694028_694244	-	0.00014	16.6	3.5	0.00018	16.2	3.4	1.3	1	1	0	1	1	1	1	-
Tn5253_orf15.protein.7	-	GCF_900474925.1.gbff.1.gbk_GCF_900474925.1.gbff.1.gbk_NZ_LS483334.1_694263_695130	-	1.3e-10	35.6	19.7	3.6e-10	34.1	18.3	1.8	1	1	1	2	2	2	2	-
Sa2603_summary_47.txt	-	GCF_900474925.1.gbff.1.gbk_GCF_900474925.1.gbff.1.gbk_NZ_LS483334.1_694263_695130	-	1.8e-09	31.9	21.6	5.2e-09	30.4	21.6	1.6	1	1	0	1	1	1	1	-
Tn5253_orf16.protein.5	-	GCF_900474925.1.gbff.1.gbk_GCF_900474925.1.gbff.1.gbk_NZ_LS483334.1_695416_695806	-	0.00021	16.2	3.4	0.00028	15.8	3.4	1.2	1	0	0	1	1	1	1	-
SPAP_0880.txt	-	GCF_900474925.1.gbff.1.gbk_GCF_900474925.1.gbff.1.gbk_NZ_LS483334.1_695717_698144	-	0	1537.3	27.6	0	1537.2	27.6	1.0	1	0	0	1	1	1	1	-
Sa2603_summary_46.txt	-	GCF_900474925.1.gbff.1.gbk_GCF_900474925.1.gbff.1.gbk_NZ_LS483334.1_695717_698144	-	7.8e-128	422.1	19.4	9.6e-128	421.8	19.4	1.0	1	0	0	1	1	1	1	-
Tn5253_orf17.protein.4	-	GCF_900474925.1.gbff.1.gbk_GCF_900474925.1.gbff.1.gbk_NZ_LS483334.1_695717_698144	-	5e-126	416.1	21.0	6.1e-126	415.8	21.0	1.0	1	0	0	1	1	1	1	-
traC.protein.18	-	GCF_900474925.1.gbff.1.gbk_GCF_900474925.1.gbff.1.gbk_NZ_LS483334.1_695717_698144	-	1e-12	41.6	0.1	1.6e-12	41.0	0.1	1.1	1	0	0	1	1	1	1	-
ICEclc_orf61.txt	-	GCF_900474925.1.gbff.1.gbk_GCF_900474925.1.gbff.1.gbk_NZ_LS483334.1_695717_698144	-	0.00089	11.6	0.0	0.0018	10.6	0.0	1.4	1	1	0	1	1	1	1	-
SPAP_0881.txt	-	GCF_900474925.1.gbff.1.gbk_GCF_900474925.1.gbff.1.gbk_NZ_LS483334.1_698147_700265	-	2.5e-132	437.4	46.2	1.7e-127	421.4	29.8	2.2	1	1	1	2	2	2	2	-
SPAP_0882.txt	-	GCF_900474925.1.gbff.1.gbk_GCF_900474925.1.gbff.1.gbk_NZ_LS483334.1_700277_700517	-	2.3e-07	25.6	16.5	2.7e-07	25.4	16.5	1.1	1	0	0	1	1	1	1	-
SPAP_0884.txt	-	GCF_900474925.1.gbff.1.gbk_GCF_900474925.1.gbff.1.gbk_NZ_LS483334.1_700491_701958	-	2.3e-43	142.8	9.7	2.3e-43	142.8	9.7	2.7	1	1	1	3	3	3	1	-
SPAP_0891.txt	-	GCF_900474925.1.gbff.1.gbk_GCF_900474925.1.gbff.1.gbk_NZ_LS483334.1_716800_717472	-	9.7e-85	278.4	27.1	1.1e-84	278.2	27.1	1.0	1	0	0	1	1	1	1	-
Sa2603_summary_40.txt	-	GCF_900474925.1.gbff.1.gbk_GCF_900474925.1.gbff.1.gbk_NZ_LS483334.1_716800_717472	-	8.4e-10	33.8	4.2	1e-09	33.5	3.4	1.6	2	0	0	2	2	2	1	-
ICEYe1_orf56.txt	-	GCF_900474925.1.gbff.1.gbk_GCF_900474925.1.gbff.1.gbk_NZ_LS483334.1_770145_771393	-	0.0021	12.7	0.1	0.027	9.1	0.0	2.3	2	0	0	2	2	2	1	-
PAPI_1_orf83.txt	-	GCF_900474925.1.gbff.1.gbk_GCF_900474925.1.gbff.1.gbk_NZ_LS483334.1_796996_799315	-	6.7e-09	29.4	0.4	5.7e-05	16.4	0.0	2.8	3	0	0	3	3	3	2	-
SPI_7_orf140.txt	-	GCF_900474925.1.gbff.1.gbk_GCF_900474925.1.gbff.1.gbk_NZ_LS483334.1_796996_799315	-	4.3e-07	23.2	0.4	0.0015	11.6	0.1	3.2	3	1	0	3	3	3	2	-
ICEA5632_orf8.txt	-	GCF_900474925.1.gbff.1.gbk_GCF_900474925.1.gbff.1.gbk_NZ_LS483334.1_808774_810115	-	6.7e-31	102.2	13.8	6.7e-31	102.2	13.8	2.1	1	1	1	2	2	2	1	-
Tn5801_SAV0397.txt	-	GCF_900474925.1.gbff.1.gbk_GCF_900474925.1.gbff.1.gbk_NZ_LS483334.1_860227_860926	-	0.00012	16.9	0.0	0.0002	16.2	0.0	1.4	1	0	0	1	1	1	1	-
Tn5801_SAV0408.txt	-	GCF_900474925.1.gbff.1.gbk_GCF_900474925.1.gbff.1.gbk_NZ_LS483334.1_860227_860926	-	0.0015	12.3	0.0	0.0019	11.9	0.0	1.1	1	0	0	1	1	1	1	-
Tn916.orf19.protein.1	-	GCF_900474925.1.gbff.1.gbk_GCF_900474925.1.gbff.1.gbk_NZ_LS483334.1_875444_876575	-	0.00038	15.4	6.1	0.014	10.4	2.3	2.8	2	0	0	2	2	2	2	-
Tn5801_SAV0407.txt	-	GCF_900474925.1.gbff.1.gbk_GCF_900474925.1.gbff.1.gbk_NZ_LS483334.1_875444_876575	-	0.016	10.3	9.7	0.022	9.8	2.2	2.9	3	0	0	3	3	3	0	-
SPAP_0887.txt	-	GCF_900474925.1.gbff.1.gbk_GCF_900474925.1.gbff.1.gbk_NZ_LS483334.1_880331_882461	-	5.3e-27	88.9	1.1	9.7e-27	88.0	1.1	1.4	1	0	0	1	1	1	1	-
Tn916.orf14.protein.9	-	GCF_900474925.1.gbff.1.gbk_GCF_900474925.1.gbff.1.gbk_NZ_LS483334.1_898618_899218	-	2.6e-26	87.0	2.9	3.3e-26	86.7	2.9	1.0	1	0	0	1	1	1	1	-
Tn5801_SAV0400.txt	-	GCF_900474925.1.gbff.1.gbk_GCF_900474925.1.gbff.1.gbk_NZ_LS483334.1_898618_899218	-	4.2e-24	79.8	2.4	5.2e-24	79.5	2.4	1.1	1	0	0	1	1	1	1	-
ICEBs1_orf24.txt	-	GCF_900474925.1.gbff.1.gbk_GCF_900474925.1.gbff.1.gbk_NZ_LS483334.1_898618_899218	-	8.4e-21	68.8	0.1	1e-20	68.5	0.1	1.1	1	0	0	1	1	1	1	-
ICEKp1_orf55.txt	-	GCF_900474925.1.gbff.1.gbk_GCF_900474925.1.gbff.1.gbk_NZ_LS483334.1_935125_935902	-	0.00028	14.0	0.5	0.00038	13.5	0.5	1.1	1	0	0	1	1	1	1	-
tripartite_orf34.txt	-	GCF_900474925.1.gbff.1.gbk_GCF_900474925.1.gbff.1.gbk_NZ_LS483334.1_1000090_1001998	-	0.0015	11.2	0.0	0.034	6.7	0.0	2.1	2	0	0	2	2	2	2	-
ICEAPG2_orf18.txt	-	GCF_900474925.1.gbff.1.gbk_GCF_900474925.1.gbff.1.gbk_NZ_LS483334.1_1059462_1060569	-	0.003	11.6	0.0	0.0052	10.8	0.0	1.3	1	0	0	1	1	1	1	-
ICE10270_RD.1_orf13.txt	-	GCF_900474925.1.gbff.1.gbk_GCF_900474925.1.gbff.1.gbk_NZ_LS483334.1_1111901_1113134	-	2.7e-05	17.7	0.5	5.9e-05	16.6	0.5	1.5	1	1	0	1	1	1	1	-
ICEBs1_orf23.txt	-	GCF_900474925.1.gbff.1.gbk_GCF_900474925.1.gbff.1.gbk_NZ_LS483334.1_1177084_1178581	-	0.11	5.0	7.8	0.26	3.8	7.8	1.6	1	0	0	1	1	1	0	-
CTnDOT_ERL_orf18.txt	-	GCF_900474925.1.gbff.1.gbk_GCF_900474925.1.gbff.1.gbk_NZ_LS483334.1_1193192_1195007	-	7.4e-09	29.7	0.0	9.1e-07	22.9	0.0	2.6	3	0	0	3	3	3	2	-
SPI_7_orf140.txt	-	GCF_900474925.1.gbff.1.gbk_GCF_900474925.1.gbff.1.gbk_NZ_LS483334.1_1196895_1200564	-	3e-06	20.5	0.9	6.3e-05	16.1	0.1	2.9	4	0	0	4	4	4	2	-
TnGBS1_gbs0404.txt	-	GCF_900474925.1.gbff.1.gbk_GCF_900474925.1.gbff.1.gbk_NZ_LS483334.1_1308834_1310037	-	0.00013	15.6	2.6	0.014	8.9	0.1	2.7	1	1	1	2	2	2	2	-
CTnDOT_ERL_orf7.txt	-	GCF_900474925.1.gbff.1.gbk_GCF_900474925.1.gbff.1.gbk_NZ_LS483334.1_1325725_1325992	-	0.0077	11.0	1.8	0.048	8.5	1.8	1.9	1	1	0	1	1	1	1	-
ICE10270_RD.2_orf23.txt	-	GCF_900474925.1.gbff.1.gbk_GCF_900474925.1.gbff.1.gbk_NZ_LS483334.1_1339129_1339342	-	0.00016	15.3	0.0	0.00017	15.2	0.0	1.0	1	0	0	1	1	1	1	-
tripartite_orf119.txt	-	GCF_900474925.1.gbff.1.gbk_GCF_900474925.1.gbff.1.gbk_NZ_LS483334.1_1339543_1340299	-	0.0032	10.1	0.0	0.0041	9.7	0.0	1.1	1	0	0	1	1	1	1	-
SPAP_0892.txt	-	GCF_900474925.1.gbff.1.gbk_GCF_900474925.1.gbff.1.gbk_NZ_LS483334.1_1401779_1402316	-	0.00016	16.2	1.6	0.00016	16.2	1.6	2.0	1	1	1	2	2	2	1	-
Tn5801_SAV0407.txt	-	GCF_900474925.1.gbff.1.gbk_GCF_900474925.1.gbff.1.gbk_NZ_LS483334.1_1416322_1417249	-	0.013	10.6	0.1	0.013	10.6	0.1	3.7	4	0	0	4	4	4	0	-
Tn4371_orf46.txt	-	GCF_900474925.1.gbff.1.gbk_GCF_900474925.1.gbff.1.gbk_NZ_LS483334.1_1423425_1424928	-	1.8e-05	17.3	1.5	0.002	10.5	0.0	2.5	3	0	0	3	3	3	2	-
ICEKp1_orf55.txt	-	GCF_900474925.1.gbff.1.gbk_GCF_900474925.1.gbff.1.gbk_NZ_LS483334.1_1423425_1424928	-	0.00042	13.3	0.0	0.00078	12.5	0.0	1.4	1	0	0	1	1	1	1	-
tripartite_orf105.txt	-	GCF_900474925.1.gbff.1.gbk_GCF_900474925.1.gbff.1.gbk_NZ_LS483334.1_1433213_1435367	-	0.0014	12.2	0.0	0.01	9.3	0.0	2.0	1	1	0	2	2	2	1	-
ICE6013_orf13.txt	-	GCF_900474925.1.gbff.1.gbk_GCF_900474925.1.gbff.1.gbk_NZ_LS483334.1_1460776_1463182	-	2.4e-13	44.4	0.0	4.3e-13	43.6	0.0	1.3	1	0	0	1	1	1	1	-
ICESt1_orf20.txt	-	GCF_900474925.1.gbff.1.gbk_GCF_900474925.1.gbff.1.gbk_NZ_LS483334.1_1460776_1463182	-	1.3e-11	38.3	0.0	2.1e-11	37.7	0.0	1.2	1	0	0	1	1	1	1	-
Tn5801_SAV0409.txt	-	GCF_900474925.1.gbff.1.gbk_GCF_900474925.1.gbff.1.gbk_NZ_LS483334.1_1460776_1463182	-	7.8e-11	36.2	0.0	1.3e-10	35.5	0.0	1.3	1	0	0	1	1	1	1	-
Tn916.orf21.protein.6	-	GCF_900474925.1.gbff.1.gbk_GCF_900474925.1.gbff.1.gbk_NZ_LS483334.1_1460776_1463182	-	2.5e-10	34.6	0.0	4.9e-10	33.6	0.0	1.4	1	0	0	1	1	1	1	-
ICE10270_RD.2_orf24.txt	-	GCF_900474925.1.gbff.1.gbk_GCF_900474925.1.gbff.1.gbk_NZ_LS483334.1_1460776_1463182	-	1.9e-08	28.1	0.0	4.4e-08	26.9	0.0	1.5	1	0	0	1	1	1	1	-
ICEBs1_orf13.txt	-	GCF_900474925.1.gbff.1.gbk_GCF_900474925.1.gbff.1.gbk_NZ_LS483334.1_1460776_1463182	-	2.6e-08	27.6	0.0	4e-08	26.9	0.0	1.2	1	0	0	1	1	1	1	-
ICESt1_orf28.txt	-	GCF_900474925.1.gbff.1.gbk_GCF_900474925.1.gbff.1.gbk_NZ_LS483334.1_1460776_1463182	-	0.0019	10.7	0.0	0.003	10.1	0.0	1.2	1	0	0	1	1	1	1	-
Tn4371_orf44.txt	-	GCF_900474925.1.gbff.1.gbk_GCF_900474925.1.gbff.1.gbk_NZ_LS483334.1_1563646_1564765	-	0.00029	14.4	0.1	0.00047	13.8	0.1	1.2	1	0	0	1	1	1	1	-
PAPI_1_orf114.txt	-	GCF_900474925.1.gbff.1.gbk_GCF_900474925.1.gbff.1.gbk_NZ_LS483334.1_1592170_1592488	-	0.0024	10.6	0.1	0.0028	10.4	0.1	1.1	1	0	0	1	1	1	1	-
Tn916.orf20.protein.14	-	GCF_900474925.1.gbff.1.gbk_GCF_900474925.1.gbff.1.gbk_NZ_LS483334.1_1600262_1600469	-	0.00021	14.9	0.0	0.00022	14.8	0.0	1.0	1	0	0	1	1	1	1	-
ICEF_III_orf15.txt	-	GCF_900474925.1.gbff.1.gbk_GCF_900474925.1.gbff.1.gbk_NZ_LS483334.1_1659360_1660629	-	0.0006	14.0	0.0	0.0011	13.2	0.0	1.3	1	0	0	1	1	1	1	-
ICESt1_orf31.txt	-	GCF_900474925.1.gbff.1.gbk_GCF_900474925.1.gbff.1.gbk_NZ_LS483334.1_1683481_1685107	-	1.2e-130	430.6	2.6	1.2e-130	430.6	2.6	1.5	2	0	0	2	2	2	1	-
Sa2603_summary_45.txt	-	GCF_900474925.1.gbff.1.gbk_GCF_900474925.1.gbff.1.gbk_NZ_LS483334.1_1683481_1685107	-	9.9e-17	54.4	1.1	1.4e-16	53.9	1.1	1.1	1	0	0	1	1	1	1	-
Tn5253_orf18.protein.13	-	GCF_900474925.1.gbff.1.gbk_GCF_900474925.1.gbff.1.gbk_NZ_LS483334.1_1683481_1685107	-	9.8e-16	51.4	0.7	1.4e-15	50.9	0.7	1.1	1	0	0	1	1	1	1	-
ICE6013_orf11.txt	-	GCF_900474925.1.gbff.1.gbk_GCF_900474925.1.gbff.1.gbk_NZ_LS483334.1_1683481_1685107	-	6.1e-12	39.8	0.2	1e-11	39.0	0.2	1.3	1	0	0	1	1	1	1	-
TnGBS1_gbs0404.txt	-	GCF_900474925.1.gbff.1.gbk_GCF_900474925.1.gbff.1.gbk_NZ_LS483334.1_1683481_1685107	-	0.00043	13.9	0.1	0.00043	13.9	0.1	2.1	2	0	0	2	2	2	1	-
ICEYe1_orf56.txt	-	GCF_900474925.1.gbff.1.gbk_GCF_900474925.1.gbff.1.gbk_NZ_LS483334.1_1690922_1691327	-	0.00051	14.7	0.0	0.00069	14.3	0.0	1.3	1	0	0	1	1	1	1	-
Sa2603_summary_35.txt	-	GCF_900474925.1.gbff.1.gbk_GCF_900474925.1.gbff.1.gbk_NZ_LS483334.1_1695584_1695755	-	0.003	11.3	0.0	0.003	11.3	0.0	1.0	1	0	0	1	1	1	1	-
ICE10270_RD.2_orf23.txt	-	GCF_900474925.1.gbff.1.gbk_GCF_900474925.1.gbff.1.gbk_NZ_LS483334.1_1717615_1717921	-	0.00086	12.9	0.0	0.0011	12.6	0.0	1.2	1	0	0	1	1	1	1	-
ICEF_III_orf13.txt	-	GCF_900474925.1.gbff.1.gbk_GCF_900474925.1.gbff.1.gbk_NZ_LS483334.1_1765034_1765631	-	9.3e-12	39.6	0.1	1.5e-11	39.0	0.1	1.3	1	0	0	1	1	1	1	-
Tn5801_SAV0397.txt	-	GCF_900474925.1.gbff.1.gbk_GCF_900474925.1.gbff.1.gbk_NZ_LS483334.1_1822928_1823282	-	8.9e-75	243.1	0.2	9.8e-75	243.0	0.2	1.0	1	0	0	1	1	1	1	-
Tn916.orf13.protein.11	-	GCF_900474925.1.gbff.1.gbk_GCF_900474925.1.gbff.1.gbk_NZ_LS483334.1_1825923_1826856	-	1.6e-217	715.3	15.1	1.8e-217	715.2	15.1	1.0	1	0	0	1	1	1	1	-
Tn5801_SAV0399.txt	-	GCF_900474925.1.gbff.1.gbk_GCF_900474925.1.gbff.1.gbk_NZ_LS483334.1_1825923_1826856	-	3.9e-108	355.8	14.8	4.7e-108	355.6	14.8	1.0	1	0	0	1	1	1	1	-
ICEBs1_orf18.txt	-	GCF_900474925.1.gbff.1.gbk_GCF_900474925.1.gbff.1.gbk_NZ_LS483334.1_1825923_1826856	-	2.1e-05	18.2	1.2	0.00013	15.6	0.3	2.1	2	0	0	2	2	2	1	-
Tn916.orf14.protein.9	-	GCF_900474925.1.gbff.1.gbk_GCF_900474925.1.gbff.1.gbk_NZ_LS483334.1_1826852_1827854	-	1.1e-236	778.6	7.2	1.2e-236	778.4	7.2	1.0	1	0	0	1	1	1	1	-
Tn5801_SAV0400.txt	-	GCF_900474925.1.gbff.1.gbk_GCF_900474925.1.gbff.1.gbk_NZ_LS483334.1_1826852_1827854	-	3.1e-169	556.9	5.8	3.4e-169	556.8	5.8	1.0	1	0	0	1	1	1	1	-
ICEBs1_orf24.txt	-	GCF_900474925.1.gbff.1.gbk_GCF_900474925.1.gbff.1.gbk_NZ_LS483334.1_1826852_1827854	-	3.8e-77	254.0	0.8	5.5e-77	253.4	0.8	1.2	1	0	0	1	1	1	1	-
SPAP_0881.txt	-	GCF_900474925.1.gbff.1.gbk_GCF_900474925.1.gbff.1.gbk_NZ_LS483334.1_1826852_1827854	-	2.3e-37	123.2	0.2	3e-37	122.9	0.2	1.1	1	0	0	1	1	1	1	-
Tn916.orf15.protein.17	-	GCF_900474925.1.gbff.1.gbk_GCF_900474925.1.gbff.1.gbk_NZ_LS483334.1_1827850_1830028	-	0	1701.0	17.4	0	1700.9	17.4	1.0	1	0	0	1	1	1	1	-
Tn5801_SAV0401.txt	-	GCF_900474925.1.gbff.1.gbk_GCF_900474925.1.gbff.1.gbk_NZ_LS483334.1_1827850_1830028	-	1.8e-272	900.1	15.9	1.8e-272	900.1	15.9	2.1	1	1	1	2	2	2	1	-
ICE6013_orf12.txt	-	GCF_900474925.1.gbff.1.gbk_GCF_900474925.1.gbff.1.gbk_NZ_LS483334.1_1827850_1830028	-	6.5e-16	52.8	18.2	6.5e-16	52.8	18.2	2.1	2	0	0	2	2	2	1	-
ICEBs1_orf23.txt	-	GCF_900474925.1.gbff.1.gbk_GCF_900474925.1.gbff.1.gbk_NZ_LS483334.1_1827850_1830028	-	1.5e-15	50.8	7.0	2.8e-15	50.0	6.9	1.5	1	1	0	1	1	1	1	-
ICE10270_RD.2_orf15.txt	-	GCF_900474925.1.gbff.1.gbk_GCF_900474925.1.gbff.1.gbk_NZ_LS483334.1_1827850_1830028	-	0.0016	13.1	0.1	0.0016	13.1	0.1	3.1	3	1	0	4	4	4	1	-
Tn916.orf16.protein.14	-	GCF_900474925.1.gbff.1.gbk_GCF_900474925.1.gbff.1.gbk_NZ_LS483334.1_1830030_1832478	-	0	1945.9	18.1	0	1945.7	18.1	1.0	1	0	0	1	1	1	1	-
Tn5801_SAV0402.txt	-	GCF_900474925.1.gbff.1.gbk_GCF_900474925.1.gbff.1.gbk_NZ_LS483334.1_1830030_1832478	-	0	1600.5	18.1	0	1600.3	18.1	1.0	1	0	0	1	1	1	1	-
ICE6013_orf14.txt	-	GCF_900474925.1.gbff.1.gbk_GCF_900474925.1.gbff.1.gbk_NZ_LS483334.1_1830030_1832478	-	1.6e-50	166.4	17.7	5e-50	164.8	17.7	1.8	1	1	0	1	1	1	1	-
ICEBs1_orf21.txt	-	GCF_900474925.1.gbff.1.gbk_GCF_900474925.1.gbff.1.gbk_NZ_LS483334.1_1830030_1832478	-	1.2e-41	137.2	6.8	3.2e-41	135.9	6.8	1.6	1	1	0	1	1	1	1	-
ICE10270_RD.2_orf14.txt	-	GCF_900474925.1.gbff.1.gbk_GCF_900474925.1.gbff.1.gbk_NZ_LS483334.1_1830030_1832478	-	7.7e-30	98.2	18.2	1.1e-28	94.3	18.2	2.2	1	1	0	1	1	1	1	-
ICESt1_orf28.txt	-	GCF_900474925.1.gbff.1.gbk_GCF_900474925.1.gbff.1.gbk_NZ_LS483334.1_1830030_1832478	-	1.3e-24	80.7	18.8	1.7e-23	77.0	18.8	2.2	1	1	0	1	1	1	1	-
Tn916.orf17.protein.9	-	GCF_900474925.1.gbff.1.gbk_GCF_900474925.1.gbff.1.gbk_NZ_LS483334.1_1832461_1832854	-	2e-93	304.4	3.4	2.3e-93	304.2	3.4	1.0	1	0	0	1	1	1	1	-
Tn5801_SAV0403.txt	-	GCF_900474925.1.gbff.1.gbk_GCF_900474925.1.gbff.1.gbk_NZ_LS483334.1_1832461_1832854	-	1.8e-65	213.7	1.0	1.9e-65	213.6	1.0	1.0	1	0	0	1	1	1	1	-
Tn916.orf18.protein.6	-	GCF_900474925.1.gbff.1.gbk_GCF_900474925.1.gbff.1.gbk_NZ_LS483334.1_1832942_1833440	-	6.2e-116	378.9	7.4	6.9e-116	378.7	7.4	1.0	1	0	0	1	1	1	1	-
Tn5801_SAV0405.txt	-	GCF_900474925.1.gbff.1.gbk_GCF_900474925.1.gbff.1.gbk_NZ_LS483334.1_1832942_1833440	-	6.5e-68	222.5	5.4	8e-68	222.2	5.4	1.0	1	0	0	1	1	1	1	-
ICE10270_RD.2_orf19.txt	-	GCF_900474925.1.gbff.1.gbk_GCF_900474925.1.gbff.1.gbk_NZ_LS483334.1_1832942_1833440	-	8.7e-06	20.7	0.1	1.9e-05	19.6	0.1	1.5	1	0	0	1	1	1	1	-
ICE10270_RD.2_orf20.txt	-	GCF_900474925.1.gbff.1.gbk_GCF_900474925.1.gbff.1.gbk_NZ_LS483334.1_1832942_1833440	-	0.0027	12.4	0.4	0.022	9.4	0.0	2.2	2	0	0	2	2	2	1	-
Tn916.orf19.protein.1	-	GCF_900474925.1.gbff.1.gbk_GCF_900474925.1.gbff.1.gbk_NZ_LS483334.1_1833556_1833778	-	4.8e-51	165.7	10.4	5.2e-51	165.5	10.4	1.0	1	0	0	1	1	1	1	-
Tn5801_SAV0407.txt	-	GCF_900474925.1.gbff.1.gbk_GCF_900474925.1.gbff.1.gbk_NZ_LS483334.1_1833556_1833778	-	2.5e-48	157.0	10.7	2.8e-48	156.9	10.7	1.0	1	0	0	1	1	1	1	-
Tn916.orf20.protein.14	-	GCF_900474925.1.gbff.1.gbk_GCF_900474925.1.gbff.1.gbk_NZ_LS483334.1_1833820_1835026	-	6.7e-291	958.5	7.8	7.5e-291	958.3	7.8	1.0	1	0	0	1	1	1	1	-
Tn5801_SAV0408.txt	-	GCF_900474925.1.gbff.1.gbk_GCF_900474925.1.gbff.1.gbk_NZ_LS483334.1_1833820_1835026	-	9.6e-197	648.3	5.2	1.1e-196	648.1	5.2	1.0	1	0	0	1	1	1	1	-
ICEBs1_orf14.txt	-	GCF_900474925.1.gbff.1.gbk_GCF_900474925.1.gbff.1.gbk_NZ_LS483334.1_1833820_1835026	-	5.7e-80	263.5	3.0	7.2e-80	263.2	3.0	1.0	1	0	0	1	1	1	1	-
ICE6013_orf18.txt	-	GCF_900474925.1.gbff.1.gbk_GCF_900474925.1.gbff.1.gbk_NZ_LS483334.1_1833820_1835026	-	4.5e-51	168.3	1.3	6.1e-51	167.8	1.3	1.0	1	0	0	1	1	1	1	-
ICESt1_orf21.txt	-	GCF_900474925.1.gbff.1.gbk_GCF_900474925.1.gbff.1.gbk_NZ_LS483334.1_1833820_1835026	-	8.6e-38	124.9	4.3	1.1e-37	124.6	4.3	1.0	1	0	0	1	1	1	1	-
ICE10270_RD.2_orf23.txt	-	GCF_900474925.1.gbff.1.gbk_GCF_900474925.1.gbff.1.gbk_NZ_LS483334.1_1833820_1835026	-	6.1e-32	105.6	1.5	3.8e-31	103.0	1.5	1.8	1	1	0	1	1	1	1	-
Tn916.orf21.protein.6	-	GCF_900474925.1.gbff.1.gbk_GCF_900474925.1.gbff.1.gbk_NZ_LS483334.1_1835203_1836589	-	0	1077.1	11.8	0	1076.9	11.8	1.0	1	0	0	1	1	1	1	-
Tn5801_SAV0409.txt	-	GCF_900474925.1.gbff.1.gbk_GCF_900474925.1.gbff.1.gbk_NZ_LS483334.1_1835203_1836589	-	3.3e-218	719.9	9.1	3.7e-218	719.8	9.1	1.0	1	0	0	1	1	1	1	-
ICEBs1_orf13.txt	-	GCF_900474925.1.gbff.1.gbk_GCF_900474925.1.gbff.1.gbk_NZ_LS483334.1_1835203_1836589	-	4.3e-149	491.8	9.2	4.8e-149	491.7	9.2	1.0	1	0	0	1	1	1	1	-
ICESt1_orf20.txt	-	GCF_900474925.1.gbff.1.gbk_GCF_900474925.1.gbff.1.gbk_NZ_LS483334.1_1835203_1836589	-	1.6e-64	213.0	7.0	2.1e-64	212.7	7.0	1.0	1	0	0	1	1	1	1	-
ICE6013_orf13.txt	-	GCF_900474925.1.gbff.1.gbk_GCF_900474925.1.gbff.1.gbk_NZ_LS483334.1_1835203_1836589	-	4e-57	188.8	12.3	5e-57	188.4	12.3	1.0	1	0	0	1	1	1	1	-
ICE10270_RD.2_orf24.txt	-	GCF_900474925.1.gbff.1.gbk_GCF_900474925.1.gbff.1.gbk_NZ_LS483334.1_1835203_1836589	-	1.8e-50	166.8	11.4	2.2e-50	166.6	11.4	1.0	1	0	0	1	1	1	1	-
Tn916.orf22.protein.6	-	GCF_900474925.1.gbff.1.gbk_GCF_900474925.1.gbff.1.gbk_NZ_LS483334.1_1836617_1837004	-	3.1e-89	290.6	0.5	3.4e-89	290.4	0.5	1.0	1	0	0	1	1	1	1	-
Tn916.orf23.protein.6	-	GCF_900474925.1.gbff.1.gbk_GCF_900474925.1.gbff.1.gbk_NZ_LS483334.1_1836617_1837004	-	1.1e-06	23.6	0.0	1.3e-06	23.3	0.0	1.2	1	0	0	1	1	1	1	-
Tn916.orf23.protein.6	-	GCF_900474925.1.gbff.1.gbk_GCF_900474925.1.gbff.1.gbk_NZ_LS483334.1_1837019_1837334	-	2.1e-72	234.7	0.1	2.4e-72	234.5	0.1	1.0	1	0	0	1	1	1	1	-
Tn916.orf22.protein.6	-	GCF_900474925.1.gbff.1.gbk_GCF_900474925.1.gbff.1.gbk_NZ_LS483334.1_1837019_1837334	-	1.1e-05	20.5	0.0	1.4e-05	20.1	0.0	1.1	1	0	0	1	1	1	1	-
Tn5801_SAV0397.txt	-	NZ_LS483334.1_321082_321556	-	0.0007	14.5	0.2	0.0029	12.5	0.2	1.9	1	1	0	1	1	1	1	-
SPAP_0887.txt	-	NZ_LS483334.1_702139_703579	-	1.3e-195	645.6	15.4	1.4e-195	645.5	15.4	1.0	1	0	0	1	1	1	1	-
SPAP_0889.txt	-	NZ_LS483334.1_705278_710402	-	0	1357.3	56.1	2.2e-283	938.2	21.4	3.1	2	1	1	3	3	3	3	-
Sa2603_summary_39.txt	-	NZ_LS483334.1_705278_710402	-	7.5e-83	273.0	13.1	6e-71	233.5	1.7	2.2	1	1	1	2	2	2	2	-
SPAP_0889.txt	-	NZ_LS483334.1_710439_712167	-	0	1070.4	16.5	0	1070.2	16.5	1.0	1	0	0	1	1	1	1	-
Sa2603_summary_39.txt	-	NZ_LS483334.1_710439_712167	-	5.9e-127	419.3	8.2	8e-127	418.8	8.2	1.0	1	0	0	1	1	1	1	-
SPAP_0889.txt	-	NZ_LS483334.1_714757_715369	-	1.5e-110	365.1	1.3	1.7e-110	364.8	1.3	1.0	1	0	0	1	1	1	1	-
Sa2603_summary_39.txt	-	NZ_LS483334.1_714757_715369	-	5.1e-58	190.6	0.3	6e-58	190.4	0.3	1.0	1	0	0	1	1	1	1	-
Sa2603_summary_39.txt	-	NZ_LS483334.1_715408_716758	-	2.9e-15	48.8	8.3	3.5e-15	48.5	8.3	1.1	1	0	0	1	1	1	1	-
SPAP_0900.txt	-	NZ_LS483334.1_722547_723819	-	3.6e-192	633.7	33.8	4.3e-192	633.4	33.8	1.0	1	0	0	1	1	1	1	-
Tn5253_orf75.protein.5	-	NZ_LS483334.1_722547_723819	-	3.6e-22	73.0	10.3	3.6e-22	73.0	10.3	2.2	1	1	1	2	2	2	1	-
Sa2603_summary_11.txt	-	NZ_LS483334.1_722547_723819	-	2.2e-15	50.5	7.6	2.2e-15	50.5	7.6	2.1	1	1	1	2	2	2	1	-
ICEF_III_orf18.txt	-	NZ_LS483334.1_766058_766283	-	0.00098	13.0	0.5	0.0011	12.9	0.5	1.1	1	0	0	1	1	1	1	-
