
The input folder is example_input 
 
The list file is example_input/split.result.summary.noplasmid.txt For GCF_000152425.1.gbff.25: Examining the input file format...
Start detecting candidate regions containing integrase flanked by tRNA....
Start analysing the Releaxase, T4SS, T4CP, Tra, Rep, ARG, VF of the candidate regions...
perl ./scripts/region_analyzer_s.pl -i example_input -a GCF_000152425.1.gbff.25 -n 0 -r 0 -d 0 -g 47.24 -t ../tmp5 -o ../output5
GCF_000152425.1.gbff.25 0 0 47.24
The detection of ICE/IME has been done! 

For GCF_000152425.1.gbff.21: Examining the input file format...
Start detecting candidate regions containing integrase flanked by tRNA....
For GCF_000152425.1.gbff.21, no integrase was not found! So the job exited!

For GCF_000152425.1.gbff.9: Examining the input file format...
Start detecting candidate regions containing integrase flanked by tRNA....
ERROR!For GCF_000152425.1.gbff.9, no protein was found: No protein was recorded in ../tmp5/GCF_000152425.1.gbff.9/GCF_000152425.1.gbff.9.ptt file!
For GCF_900474925.1.gbff.1: Examining the input file format...
Start detecting candidate regions containing integrase flanked by tRNA....
Start analysing the Releaxase, T4SS, T4CP, Tra, Rep, ARG, VF of the candidate regions...
The detection of ICE/IME has been done! 

For GCF_000152425.1.gbff.16: Examining the input file format...
Start detecting candidate regions containing integrase flanked by tRNA....
For GCF_000152425.1.gbff.16, no integrase was not found! So the job exited!

For GCF_000152425.1.gbff.5: Examining the input file format...
Start detecting candidate regions containing integrase flanked by tRNA....
For GCF_000152425.1.gbff.5, no integrase was not found! So the job exited!

For GCF_000152425.1.gbff.26: Examining the input file format...
Start detecting candidate regions containing integrase flanked by tRNA....
Start analysing the Releaxase, T4SS, T4CP, Tra, Rep, ARG, VF of the candidate regions...
The ICE/IME detection has been doned. No ICE/IME candidate region was detected!

For GCF_000152425.1.gbff.12: Examining the input file format...
Start detecting candidate regions containing integrase flanked by tRNA....
For GCF_000152425.1.gbff.12, no integrase was not found! So the job exited!

For GCF_000152425.1.gbff.22: Examining the input file format...
Start detecting candidate regions containing integrase flanked by tRNA....
Start analysing the Releaxase, T4SS, T4CP, Tra, Rep, ARG, VF of the candidate regions...
perl ./scripts/region_analyzer_s.pl -i example_input -a GCF_000152425.1.gbff.22 -n 0 -r 0 -d 0 -g 48.16 -t ../tmp5 -o ../output5
GCF_000152425.1.gbff.22 0 0 48.16
For GCF_000152425.1.gbff.22: The ICE/IME detection has been doned. No ICE/IME was found!
For GCF_000152425.1.gbff.24: Examining the input file format...
Start detecting candidate regions containing integrase flanked by tRNA....
For GCF_000152425.1.gbff.24, no integrase was not found! So the job exited!

For GCF_000152425.1.gbff.3: Examining the input file format...
Start detecting candidate regions containing integrase flanked by tRNA....
For GCF_000152425.1.gbff.3, no integrase was not found! So the job exited!

For GCF_000152425.1.gbff.27: Examining the input file format...
Start detecting candidate regions containing integrase flanked by tRNA....
Start analysing the Releaxase, T4SS, T4CP, Tra, Rep, ARG, VF of the candidate regions...
For GCF_000152425.1.gbff.27: The ICE/IME detection has been doned. No ICE/IME was found!
For GCF_000152425.1.gbff.6: Examining the input file format...
Start detecting candidate regions containing integrase flanked by tRNA....
ERROR!For GCF_000152425.1.gbff.6, no protein was found: No protein was recorded in ../tmp5/GCF_000152425.1.gbff.6/GCF_000152425.1.gbff.6.ptt file!
For GCF_000152425.1.gbff.4: Examining the input file format...
Start detecting candidate regions containing integrase flanked by tRNA....
For GCF_000152425.1.gbff.4, no integrase was not found! So the job exited!

For GCF_000152425.1.gbff.11: Examining the input file format...
Start detecting candidate regions containing integrase flanked by tRNA....
For GCF_000152425.1.gbff.11, no integrase was not found! So the job exited!

For GCF_000152425.1.gbff.18: Examining the input file format...
Start detecting candidate regions containing integrase flanked by tRNA....
For GCF_000152425.1.gbff.18, no integrase was not found! So the job exited!

For GCF_000152425.1.gbff.1: Examining the input file format...
Start detecting candidate regions containing integrase flanked by tRNA....
ERROR!For GCF_000152425.1.gbff.1, no protein was found: No protein was recorded in ../tmp5/GCF_000152425.1.gbff.1/GCF_000152425.1.gbff.1.ptt file!
For GCF_000152425.1.gbff.8: Examining the input file format...
Start detecting candidate regions containing integrase flanked by tRNA....
For GCF_000152425.1.gbff.8, no integrase was not found! So the job exited!

For GCF_000152425.1.gbff.23: Examining the input file format...
Start detecting candidate regions containing integrase flanked by tRNA....
Start analysing the Releaxase, T4SS, T4CP, Tra, Rep, ARG, VF of the candidate regions...
perl ./scripts/region_analyzer_s.pl -i example_input -a GCF_000152425.1.gbff.23 -n 0 -r 0 -d 0 -g 46.94 -t ../tmp5 -o ../output5
GCF_000152425.1.gbff.23 0 0 46.94
For GCF_000152425.1.gbff.23: The ICE/IME detection has been doned. No ICE/IME was found!
For GCF_000152425.1.gbff.13: Examining the input file format...
Start detecting candidate regions containing integrase flanked by tRNA....
For GCF_000152425.1.gbff.13, no integrase was not found! So the job exited!

For GCF_000152425.1.gbff.20: Examining the input file format...
Start detecting candidate regions containing integrase flanked by tRNA....
For GCF_000152425.1.gbff.20, no integrase was not found! So the job exited!

For GCF_000152425.1.gbff.7: Examining the input file format...
Start detecting candidate regions containing integrase flanked by tRNA....
For GCF_000152425.1.gbff.7, no integrase was not found! So the job exited!

For GCF_000152425.1.gbff.19: Examining the input file format...
Start detecting candidate regions containing integrase flanked by tRNA....
ERROR!For GCF_000152425.1.gbff.19, no protein was found: No protein was recorded in ../tmp5/GCF_000152425.1.gbff.19/GCF_000152425.1.gbff.19.ptt file!
For GCF_000152425.1.gbff.17: Examining the input file format...
Start detecting candidate regions containing integrase flanked by tRNA....
ERROR!For GCF_000152425.1.gbff.17, no protein was found: No protein was recorded in ../tmp5/GCF_000152425.1.gbff.17/GCF_000152425.1.gbff.17.ptt file!
For GCF_000152425.1.gbff.2: Examining the input file format...
Start detecting candidate regions containing integrase flanked by tRNA....
For GCF_000152425.1.gbff.2, no integrase was not found! So the job exited!

For GCF_000152425.1.gbff.10: Examining the input file format...
Start detecting candidate regions containing integrase flanked by tRNA....
ERROR!For GCF_000152425.1.gbff.10, no protein was found: No protein was recorded in ../tmp5/GCF_000152425.1.gbff.10/GCF_000152425.1.gbff.10.ptt file!
For GCF_000152425.1.gbff.14: Examining the input file format...
Start detecting candidate regions containing integrase flanked by tRNA....
Start analysing the Releaxase, T4SS, T4CP, Tra, Rep, ARG, VF of the candidate regions...
perl ./scripts/region_analyzer_s.pl -i example_input -a GCF_000152425.1.gbff.14 -n 0 -r 0 -d 0 -g 44.50 -t ../tmp5 -o ../output5
GCF_000152425.1.gbff.14 0 0 44.50
For GCF_000152425.1.gbff.14: The ICE/IME detection has been doned. No ICE/IME was found!
For GCF_000152425.1.gbff.15: Examining the input file format...
Start detecting candidate regions containing integrase flanked by tRNA....
For GCF_000152425.1.gbff.15, no integrase was not found! So the job exited!

