#                                                                            --- full sequence --- -------------- this domain -------------   hmm coord   ali coord   env coord
# target name        accession   tlen query name           accession   qlen   E-value  score  bias   #  of  c-Evalue  i-Evalue  score  bias  from    to  from    to  from    to  acc description of target
#------------------- ---------- ----- -------------------- ---------- ----- --------- ------ ----- --- --- --------- --------- ------ ----- ----- ----- ----- ----- ----- ----- ---- ---------------------
AAA_10               PF12846.2    328 1579668888_1         -            225   1.3e-07   23.6   0.5   1   3   7.7e-06   0.00027   12.6   0.1     3    22    37    56    35    68 0.89 AAA-like domain
AAA_10               PF12846.2    328 1579668888_1         -            225   1.3e-07   23.6   0.5   2   3      0.24       8.6   -2.2   0.0   280   323    89   128    88   136 0.77 AAA-like domain
AAA_10               PF12846.2    328 1579668888_1         -            225   1.3e-07   23.6   0.5   3   3    0.0001    0.0035    8.9   0.0   247   313   164   220   124   225 0.80 AAA-like domain
FtsK_SpoIIIE         PF01580.13   205 1579668888_1         -            225   4.1e-05   15.5   0.0   1   1   2.7e-06   9.6e-05   14.3   0.0    35    77    32    70    14    82 0.77 FtsK/SpoIIIE family
TrbC_Ftype           PF09673.5    113 1579668889_1         -            199   0.00032   12.7   0.3   1   2     0.022       1.6    0.9   0.0    20    54    50    85    35    92 0.76 Type-F conjugative transfer system pilin assembly protein
TrbC_Ftype           PF09673.5    113 1579668889_1         -            199   0.00032   12.7   0.3   2   2   6.7e-05    0.0047    9.0   0.1    29    75    97   161    88   183 0.78 Type-F conjugative transfer system pilin assembly protein
DUF4400              PF14348.2    204 1579668940_1         -             74   0.00017   13.3   0.1   1   1   2.6e-06   0.00018   13.2   0.1   104   155     5    57     1    63 0.83 Domain of unknown function (DUF4400)
Pfam-B_3022          PB003022     545 1579668950_1         -            227     1e-05   16.3   0.0   1   1   7.3e-07   1.7e-05   15.6   0.0   199   228    34    62    33    66 0.89 -
AAA_10               PF12846.2    328 1579668950_1         -            227   3.9e-05   15.4   0.5   1   1   3.7e-06   8.7e-05   14.2   0.4     5    21    35    51    33   157 0.94 AAA-like domain
T2SSE                PF00437.16   277 1579668950_1         -            227   7.4e-05   14.0   0.1   1   2   2.1e-05   0.00049   11.3   0.0   126   150    27    51     7    62 0.86 Type II/IV secretion system protein
T2SSE                PF00437.16   277 1579668950_1         -            227   7.4e-05   14.0   0.1   2   2     0.061       1.4   -0.0   0.0   189   206   123   140   112   144 0.80 Type II/IV secretion system protein
traP_typeI           -            255 1579668978_1         -            353     0.064    5.0  34.5   1   3     0.052       3.7   -0.8   0.1   117   175     3    60     1    94 0.74 -
traP_typeI           -            255 1579668978_1         -            353     0.064    5.0  34.5   2   3   2.1e-06   0.00015   13.6   7.9   103   181   118   196    97   202 0.91 -
traP_typeI           -            255 1579668978_1         -            353     0.064    5.0  34.5   3   3     0.044       3.1   -0.5   7.2   113   164   227   284   223   349 0.61 -
AAA_10               PF12846.2    328 1579669012_1         -            259   3.1e-05   15.7   0.1   1   1     9e-07   6.3e-05   14.7   0.1     4    29    34    59    32    67 0.87 AAA-like domain
AAA_10               PF12846.2    328 1579669039_1         -            373   2.1e-06   19.6   0.1   1   2   1.1e-06   7.9e-05   14.4   0.0     4    48    32    77    30   150 0.62 AAA-like domain
AAA_10               PF12846.2    328 1579669039_1         -            373   2.1e-06   19.6   0.1   2   2    0.0028      0.19    3.2   0.0   263   286   170   193   140   205 0.82 AAA-like domain
FtsK_SpoIIIE         PF01580.13   205 1579669065_1         -            539   6.8e-13   40.9   0.1   1   3   4.1e-09   7.2e-08   24.5   0.0    17    60    15    58     7    67 0.89 FtsK/SpoIIIE family
FtsK_SpoIIIE         PF01580.13   205 1579669065_1         -            539   6.8e-13   40.9   0.1   2   3       1.6        28   -3.6   0.0    13    36   251   274   249   276 0.86 FtsK/SpoIIIE family
FtsK_SpoIIIE         PF01580.13   205 1579669065_1         -            539   6.8e-13   40.9   0.1   3   3   1.1e-05   0.00019   13.3   0.0    32    59   307   334   283   360 0.86 FtsK/SpoIIIE family
AAA_10               PF12846.2    328 1579669065_1         -            539   5.5e-08   24.7   1.7   1   4   1.9e-05   0.00033   12.3   0.0     4    22    39    57    37    66 0.86 AAA-like domain
AAA_10               PF12846.2    328 1579669065_1         -            539   5.5e-08   24.7   1.7   2   4      0.57       9.9   -2.4   0.0    36    52   146   163   128   218 0.60 AAA-like domain
AAA_10               PF12846.2    328 1579669065_1         -            539   5.5e-08   24.7   1.7   3   4   8.4e-05    0.0015   10.2   0.1     6    28   318   340   314   357 0.82 AAA-like domain
AAA_10               PF12846.2    328 1579669065_1         -            539   5.5e-08   24.7   1.7   4   4       1.1        18   -3.3   0.0   247   287   447   487   401   494 0.54 AAA-like domain
T2SSE                PF00437.16   277 1579669065_1         -            539   5.6e-07   21.0   0.0   1   2   2.3e-05   0.00041   11.6   0.0   131   161    37    66     6    69 0.84 Type II/IV secretion system protein
T2SSE                PF00437.16   277 1579669065_1         -            539   5.6e-07   21.0   0.0   2   2   0.00055    0.0096    7.1   0.0   132   157   315   340   185   345 0.85 Type II/IV secretion system protein
Pfam-B_3022          PB003022     545 1579669065_1         -            539   3.5e-05   14.6   1.7   1   2    0.0025     0.043    4.4   0.0   199   223    39    63    38    69 0.86 -
Pfam-B_3022          PB003022     545 1579669065_1         -            539   3.5e-05   14.6   1.7   2   2   8.6e-05    0.0015    9.2   0.4   201   220   318   337   315   343 0.87 -
traP_typeI           -            255 1579669067_1         -            294       6.2   -1.5  36.3   1   3    0.0017      0.12    4.0   8.2   119   182    18    81     3   103 0.79 -
traP_typeI           -            255 1579669067_1         -            294       6.2   -1.5  36.3   2   3     0.024       1.7    0.3   0.2   108   160    95   148    83   155 0.59 -
traP_typeI           -            255 1579669067_1         -            294       6.2   -1.5  36.3   3   3    0.0041      0.29    2.8   8.4    98   200   173   273   151   290 0.65 -
AAA_10               PF12846.2    328 1579669084_1         -            619    0.0003   12.5   0.4   1   3   1.6e-05    0.0011   10.6   0.0     6    31   392   417   390   421 0.78 AAA-like domain
AAA_10               PF12846.2    328 1579669084_1         -            619    0.0003   12.5   0.4   2   3      0.17        12   -2.7   0.0   247   270   523   549   507   551 0.74 AAA-like domain
AAA_10               PF12846.2    328 1579669084_1         -            619    0.0003   12.5   0.4   3   3      0.22        15   -3.0   0.0    13    38   551   576   547   590 0.86 AAA-like domain
traP_typeI           -            255 1579669115_1         -            543       2.3   -0.1  46.1   1   5     0.066       4.6   -1.1   0.0    42    70     5    33     2   108 0.76 -
traP_typeI           -            255 1579669115_1         -            543       2.3   -0.1  46.1   2   5     0.029         2    0.0   5.6   117   186   251   320   238   335 0.57 -
traP_typeI           -            255 1579669115_1         -            543       2.3   -0.1  46.1   3   5   0.00038     0.027    6.2  12.2    87   182   279   379   266   395 0.68 -
traP_typeI           -            255 1579669115_1         -            543       2.3   -0.1  46.1   4   5    0.0033      0.23    3.2   6.5   121   177   423   479   403   498 0.58 -
traP_typeI           -            255 1579669115_1         -            543       2.3   -0.1  46.1   5   5     0.018       1.3    0.7   1.4   131   172   499   540   488   542 0.53 -
