#                                                                            --- full sequence --- -------------- this domain -------------   hmm coord   ali coord   env coord
# target name        accession   tlen query name           accession   qlen   E-value  score  bias   #  of  c-Evalue  i-Evalue  score  bias  from    to  from    to  from    to  acc description of target
#------------------- ---------- ----- -------------------- ---------- ----- --------- ------ ----- --- --- --------- --------- ------ ----- ----- ----- ----- ----- ----- ----- ---- ---------------------
DUF4400              PF14348.2    204 1579669199_1         -            553     0.083    4.5  14.5   1   2   0.00018     0.012    7.2   4.0    12    92   283   366   277   391 0.79 Domain of unknown function (DUF4400)
DUF4400              PF14348.2    204 1579669199_1         -            553     0.083    4.5  14.5   2   2    0.0098      0.68    1.5   1.0    33    99   423   480   405   499 0.52 Domain of unknown function (DUF4400)
traP_typeI           -            255 1579669200_1         -            118    0.0006   11.6   1.0   1   1   1.5e-05     0.001   10.8   0.6   147   208     2    59     1    69 0.70 -
traP_typeI           -            255 1579669242_1         -             82   0.00041   12.2   2.7   1   1   5.9e-06   0.00041   12.1   1.9   118   171    25    78     8    82 0.53 -
AAA_10               PF12846.2    328 1579669253_1         -            251   4.3e-05   15.2   0.2   1   2   1.9e-06   0.00013   13.7   0.0     4    24    34    54    32    69 0.80 AAA-like domain
AAA_10               PF12846.2    328 1579669253_1         -            251   4.3e-05   15.2   0.2   2   2      0.13       9.3   -2.3   0.0   283   308   182   202   166   224 0.77 AAA-like domain
AAA_10               PF12846.2    328 1579669294_1         -            869   0.00014   13.6   7.9   1   4    0.0027     0.094    4.3   0.0     3    28   219   251   217   266 0.77 AAA-like domain
AAA_10               PF12846.2    328 1579669294_1         -            869   0.00014   13.6   7.9   2   4    0.0051      0.18    3.3   0.0   246   260   291   307   272   318 0.75 AAA-like domain
AAA_10               PF12846.2    328 1579669294_1         -            869   0.00014   13.6   7.9   3   4     0.049       1.7    0.1   1.1    74   151   470   555   435   601 0.56 AAA-like domain
AAA_10               PF12846.2    328 1579669294_1         -            869   0.00014   13.6   7.9   4   4     0.001     0.036    5.6   0.1     3    37   611   645   609   837 0.83 AAA-like domain
FtsK_SpoIIIE         PF01580.13   205 1579669294_1         -            869    0.0003   12.7   5.9   1   3    0.0002    0.0071    8.2   0.0    40    81   219   263   201   274 0.82 FtsK/SpoIIIE family
FtsK_SpoIIIE         PF01580.13   205 1579669294_1         -            869    0.0003   12.7   5.9   2   3    0.0033      0.12    4.2   0.8   110   174   441   508   428   523 0.70 FtsK/SpoIIIE family
FtsK_SpoIIIE         PF01580.13   205 1579669294_1         -            869    0.0003   12.7   5.9   3   3      0.16       5.4   -1.2   0.0    40    58   611   629   588   634 0.82 FtsK/SpoIIIE family
T2SSE                PF00437.16   277 1579669295_1         -            530   7.5e-05   14.0   0.1   1   1   1.8e-06   0.00013   13.3   0.1   105   156   190   239   168   249 0.71 Type II/IV secretion system protein
AAA_10               PF12846.2    328 1579669304_1         -            500   1.9e-08   26.3   1.7   1   3   3.2e-05    0.0011   10.6   0.1     3    22    33    52    31    69 0.88 AAA-like domain
AAA_10               PF12846.2    328 1579669304_1         -            500   1.9e-08   26.3   1.7   2   3   1.4e-05   0.00049   11.8   0.0   245   293   131   208   111   236 0.75 AAA-like domain
AAA_10               PF12846.2    328 1579669304_1         -            500   1.9e-08   26.3   1.7   3   3     0.019      0.68    1.4   0.0     6    26   284   304   281   325 0.83 AAA-like domain
Pfam-B_3022          PB003022     545 1579669304_1         -            500   0.00069   10.3   0.0   1   1   2.9e-05     0.001    9.7   0.0   198   219    33    54    29    65 0.85 -
Pfam-B_3022          PB003022     545 1579669474_1         -            254    0.0004   11.1   0.1   1   2     2e-05   0.00072   10.2   0.0   201   238    32    69    29    89 0.78 -
Pfam-B_3022          PB003022     545 1579669474_1         -            254    0.0004   11.1   0.1   2   2       0.3        11   -3.5   0.0   460   478   176   194   161   195 0.77 -
AAA_10               PF12846.2    328 1579669474_1         -            254   0.00046   11.8   0.7   1   2   3.8e-05    0.0013   10.4   0.1     3    20    29    46    27    61 0.80 AAA-like domain
AAA_10               PF12846.2    328 1579669474_1         -            254   0.00046   11.8   0.7   2   2     0.074       2.6   -0.5   0.0   108   121   109   122    61   193 0.67 AAA-like domain
TraX                 PF05857.7    219 1579669486_1         -            359   0.00011   14.3  10.5   1   1   2.5e-06   0.00018   13.7   7.3    91   188    63   163    24   180 0.78 TraX protein
DUF3487              PF11990.4    114 1579669487_1         -             88     0.012    7.7   5.3   1   1   0.00016     0.011    7.8   3.1    25    77     8    62     5    69 0.76 Protein of unknown function (DUF3487)
