#                                                                            --- full sequence --- -------------- this domain -------------   hmm coord   ali coord   env coord
# target name        accession   tlen query name           accession   qlen   E-value  score  bias   #  of  c-Evalue  i-Evalue  score  bias  from    to  from    to  from    to  acc description of target
#------------------- ---------- ----- -------------------- ---------- ----- --------- ------ ----- --- --- --------- --------- ------ ----- ----- ----- ----- ----- ----- ----- ---- ---------------------
Recombinase          PF07508.8    102 3999573631_1         -            559   6.7e-24   73.5   1.0   1   2   3.1e-24   2.5e-23   71.7   0.1     3   101   180   291   178   292 0.95 Recombinase
Recombinase          PF07508.8    102 3999573631_1         -            559   6.7e-24   73.5   1.0   2   2       0.2       1.6   -1.6   0.0    69    91   517   539   512   541 0.84 Recombinase
rve                  PF00665.21   120 3999573641_1         -            450   1.4e-20   63.0   0.0   1   2      0.42       3.4   -2.8   0.0    44    67   160   182   157   190 0.74 Integrase core domain
rve                  PF00665.21   120 3999573641_1         -            450   1.4e-20   63.0   0.0   2   2   5.4e-21   4.3e-20   61.4   0.0     2   119   287   401   286   402 0.95 Integrase core domain
rve                  PF00665.21   120 3999573664_1         -            326   2.7e-19   58.8   0.0   1   1   6.5e-20   5.2e-19   57.9   0.0     5   119   192   295   188   296 0.91 Integrase core domain
TIGR02224            TIGR02224    295 3999573750_1         -            356   3.1e-38  120.8   7.3   1   1   8.2e-37   1.6e-36  115.1   5.1    12   285    32   352    22   356 0.74 recomb_XerC: tyrosine recombinase XerC
TIGR02225            TIGR02225    290 3999573750_1         -            356   1.1e-33  105.8   6.2   1   2     0.051       0.1    0.8   0.0    38    92    13    67     4    75 0.74 recomb_XerD: tyrosine recombinase XerD
TIGR02225            TIGR02225    290 3999573750_1         -            356   1.1e-33  105.8   6.2   2   2     8e-33   1.6e-32  101.9   4.4    37   281    70   351    25   356 0.78 recomb_XerD: tyrosine recombinase XerD
Phage_integrase      PF00589.17   173 3999573750_1         -            356   4.2e-28   87.5   0.5   1   2      0.38      0.75   -1.3   0.0    68    87   106   123    67   160 0.53 Phage integrase family
Phage_integrase      PF00589.17   173 3999573750_1         -            356   4.2e-28   87.5   0.5   2   2   2.1e-28   4.2e-28   87.5   0.3     4   170   175   345   172   348 0.86 Phage integrase family
TIGR02249            TIGR02249    315 3999573750_1         -            356   1.9e-18   55.8   9.9   1   3    0.0054     0.011    4.1   0.1    38    78    71   120    31   129 0.75 integrase_gron: integron integrase
TIGR02249            TIGR02249    315 3999573750_1         -            356   1.9e-18   55.8   9.9   2   3   5.3e-08   1.1e-07   20.5   2.3   118   189   197   267    70   273 0.90 integrase_gron: integron integrase
TIGR02249            TIGR02249    315 3999573750_1         -            356   1.9e-18   55.8   9.9   3   3   4.9e-12   9.8e-12   33.8   0.2   241   306   287   350   280   356 0.82 integrase_gron: integron integrase
Phage_integrase      PF00589.17   173 3999573948_1         -            379   3.6e-35  110.5   0.7   1   1   3.8e-35   7.7e-35  109.4   0.5     1   172   173   367   173   368 0.93 Phage integrase family
TIGR02224            TIGR02224    295 3999573948_1         -            379   1.4e-20   62.8   2.1   1   1   2.9e-20   5.7e-20   60.8   1.5    73   284   134   371    44   375 0.75 recomb_XerC: tyrosine recombinase XerC
TIGR02225            TIGR02225    290 3999573948_1         -            379   1.7e-18   55.9   4.0   1   1   1.7e-18   3.4e-18   54.9   2.8    11   282    78   372    44   376 0.81 recomb_XerD: tyrosine recombinase XerD
TIGR02249            TIGR02249    315 3999573948_1         -            379   1.4e-15   46.4   0.3   1   1   1.8e-15   3.5e-15   45.1   0.2   237   315   298   379   293   379 0.89 integrase_gron: integron integrase
Recombinase          PF07508.8    102 3999574229_1         -            485     8e-19   57.2   1.3   1   1   2.7e-19   2.2e-18   55.8   0.9     3   101   181   264   179   265 0.91 Recombinase
Phage_integrase      PF00589.17   173 3999574423_1         -            248   6.5e-12   34.8   0.0   1   1   3.2e-12   8.7e-12   34.4   0.0    24   168   115   247    92   248 0.91 Phage integrase family
TIGR02225            TIGR02225    290 3999574423_1         -            248   1.2e-10   30.1   3.6   1   1   5.3e-10   1.4e-09   26.6   2.5     2   242     3   216     2   235 0.82 recomb_XerD: tyrosine recombinase XerD
TIGR02224            TIGR02224    295 3999574423_1         -            248   1.7e-08   23.2   1.2   1   1   1.9e-08   4.9e-08   21.6   0.8     2   188     3   171     2   197 0.79 recomb_XerC: tyrosine recombinase XerC
Phage_integrase      PF00589.17   173 3999574692_1         -            405   5.4e-48  152.2   0.1   1   2      0.36      0.72   -1.2   0.0   102   151    96   148    41   151 0.64 Phage integrase family
Phage_integrase      PF00589.17   173 3999574692_1         -            405   5.4e-48  152.2   0.1   2   2   8.2e-48   1.6e-47  150.7   0.0     2   171   190   384   189   386 0.93 Phage integrase family
TIGR02224            TIGR02224    295 3999574692_1         -            405   2.7e-29   91.4   0.0   1   1     2e-28   4.1e-28   87.5   0.0    29   282   110   387    93   398 0.79 recomb_XerC: tyrosine recombinase XerC
TIGR02225            TIGR02225    290 3999574692_1         -            405   4.2e-28   87.4   0.2   1   1   3.4e-28   6.8e-28   86.7   0.2    21   274   108   382    88   394 0.83 recomb_XerD: tyrosine recombinase XerD
TIGR02249            TIGR02249    315 3999574692_1         -            405   1.4e-12   36.5   0.3   1   3      0.08      0.16    0.2   0.0     8    68   137   199   133   217 0.72 integrase_gron: integron integrase
TIGR02249            TIGR02249    315 3999574692_1         -            405   1.4e-12   36.5   0.3   2   3   0.00019   0.00038    8.8   0.0   100   152   189   246   177   250 0.75 integrase_gron: integron integrase
TIGR02249            TIGR02249    315 3999574692_1         -            405   1.4e-12   36.5   0.3   3   3     4e-09   7.9e-09   24.2   0.0   258   300   339   382   323   392 0.87 integrase_gron: integron integrase
