# args=-l 15 /home/yinxiaole/ICEcream_conda/ICEcream/ICEcream_conda_chenxi/../tmp5/GCF_000152425.1.gbff.27/candidate/candidate_region_1.fna
   15    0  82007   D    15    0 127173   0    6.76e+00     30   100.00
   16    0   2771   D    16    0 122319   0    1.69e+00     32   100.00
   15    0  19875   D    15    0  26116   0    6.76e+00     30   100.00
   15    0 116826   D    15    0 147592   0    6.76e+00     30   100.00
   16    0  43552   D    16    0 142405   0    1.69e+00     32   100.00
   15    0 109855   D    15    0 119512   0    6.76e+00     30   100.00
   15    0   3665   D    15    0  11913   0    6.76e+00     30   100.00
   16    0  32171   D    16    0  34944   0    1.69e+00     32   100.00
   15    0  16325   D    15    0  61895   0    6.76e+00     30   100.00
   16    0 141461   D    16    0 142313   0    1.69e+00     32   100.00
   15    0   7853   D    15    0  65968   0    6.76e+00     30   100.00
   16    0  90821   D    16    0 147339   0    1.69e+00     32   100.00
   15    0 139648   D    15    0 139997   0    6.76e+00     30   100.00
   17    0 131894   D    17    0 132149   0    4.23e-01     34   100.00
   15    0  77607   D    15    0  87556   0    6.76e+00     30   100.00
   16    0  36875   D    16    0 109648   0    1.69e+00     32   100.00
   17    0  45908   D    17    0  46034   0    4.23e-01     34   100.00
   15    0  32518   D    15    0  32758   0    6.76e+00     30   100.00
   15    0  72184   D    15    0  95387   0    6.76e+00     30   100.00
   16    0 146997   D    16    0 147696   0    1.69e+00     32   100.00
   15    0  45933   D    15    0  45972   0    6.76e+00     30   100.00
   15    0  21816   D    15    0  64541   0    6.76e+00     30   100.00
   15    0  87175   D    15    0 140557   0    6.76e+00     30   100.00
   15    0  57982   D    15    0 130370   0    6.76e+00     30   100.00
   16    0  80977   D    16    0 154328   0    1.69e+00     32   100.00
   15    0  68934   D    15    0  95330   0    6.76e+00     30   100.00
   16    0 134569   D    16    0 150385   0    1.69e+00     32   100.00
   16    0  61499   D    16    0 141309   0    1.69e+00     32   100.00
   17    0  65354   D    17    0  77815   0    4.23e-01     34   100.00
   15    0   7742   D    15    0  33270   0    6.76e+00     30   100.00
   15    0 102340   D    15    0 102673   0    6.76e+00     30   100.00
   19    0  29307   D    19    0  35988   0    2.64e-02     38   100.00
   15    0  27875   D    15    0 157029   0    6.76e+00     30   100.00
   18    0  97033   D    18    0 133063   0    1.06e-01     36   100.00
