# args=-l 15 /home/yinxiaole/ICEcream_conda/ICEcream/ICEcream_conda_chenxi/../tmp5/GCF_000152425.1.gbff.27/candidate/candidate_region_3.fna
   15    0  24715   D    15    0 114289   0    2.37e+01     30   100.00
   15    0  23674   D    15    0  97186   0    2.37e+01     30   100.00
   41    0 100520   D    41    0 103157   0    5.27e-15     82   100.00
   31    0  44585   D    31    0 103157   0    5.53e-09     62   100.00
   26    0   6671   D    26    0 100520   0    5.66e-06     52   100.00
   26    0   6671   D    26    0  44585   0    5.66e-06     52   100.00
   15    0  64366   D    15    0 152425   0    2.37e+01     30   100.00
   20    0 208504   D    20    0 208804   0    2.32e-02     40   100.00
   29    0  44617   D    29    0 286233   0    8.84e-08     58   100.00
   26    0   6703   D    26    0  44617   0    5.66e-06     52   100.00
   23    0  44617   D    23    0 220705   0    3.62e-04     46   100.00
   15    0  51775   D    15    0  67214   0    2.37e+01     30   100.00
   15    0  16706   D    15    0 259575   0    2.37e+01     30   100.00
   15    0 104682   D    15    0 295828   0    2.37e+01     30   100.00
   15    0 124921   D    15    0 170710   0    2.37e+01     30   100.00
   16    0  94640   D    16    0 188502   0    5.93e+00     32   100.00
   15    0  21076   D    15    0  21092   0    2.37e+01     30   100.00
   16    0 113811   D    16    0 176888   0    5.93e+00     32   100.00
   15    0  52733   D    15    0 138913   0    2.37e+01     30   100.00
   15    0 236391   D    15    0 280615   0    2.37e+01     30   100.00
   15    0 104582   D    15    0 198591   0    2.37e+01     30   100.00
   16    0 122134   D    16    0 257029   0    5.93e+00     32   100.00
   15    0  98000   D    15    0 260172   0    2.37e+01     30   100.00
   15    0 128381   D    15    0 147902   0    2.37e+01     30   100.00
   15    0 168291   D    15    0 188299   0    2.37e+01     30   100.00
   15    0  92363   D    15    0 185584   0    2.37e+01     30   100.00
   17    0 210333   D    17    0 211089   0    1.48e+00     34   100.00
   17    0  49817   D    17    0 228732   0    1.48e+00     34   100.00
   23    0 208543   D    23    0 208843   0    3.62e-04     46   100.00
   59    0 100522   D    59    0 108689   0    7.67e-26    118   100.00
   42    0 100522   D    42    0 286203   0    1.32e-15     84   100.00
   42    0 108689   D    42    0 286203   0    1.32e-15     84   100.00
   39    0 103159   D    39    0 286203   0    8.43e-14     78   100.00
   39    0 103159   D    39    0 108689   0    8.43e-14     78   100.00
   35    0 103159   D    35    0 126053   0    2.16e-11     70   100.00
   35    0 100522   D    35    0 126053   0    2.16e-11     70   100.00
   35    0 126053   D    35    0 286203   0    2.16e-11     70   100.00
   29    0  44587   D    29    0 286203   0    8.84e-08     58   100.00
   29    0  44587   D    29    0 108689   0    8.84e-08     58   100.00
   29    0  44587   D    29    0 126053   0    8.84e-08     58   100.00
   24    0   6673   D    24    0 286203   0    9.05e-05     48   100.00
   24    0   6673   D    24    0 108689   0    9.05e-05     48   100.00
   24    0   6673   D    24    0 126053   0    9.05e-05     48   100.00
   16    0  52839   D    16    0 218145   0    5.93e+00     32   100.00
   15    0   1755   D    15    0 258872   0    2.37e+01     30   100.00
   15    0   8984   D    15    0 108322   0    2.37e+01     30   100.00
   20    0 208426   D    20    0 208726   0    2.32e-02     40   100.00
   17    0 208516   D    17    0 209119   0    1.48e+00     34   100.00
   33    0 108636   D    33    0 126000   0    3.45e-10     66   100.00
   31    0 108636   D    31    0 286150   0    5.53e-09     62   100.00
   31    0 126000   D    31    0 286150   0    5.53e-09     62   100.00
   26    0 103106   D    26    0 108636   0    5.66e-06     52   100.00
   26    0 103106   D    26    0 126000   0    5.66e-06     52   100.00
   26    0 103106   D    26    0 286150   0    5.66e-06     52   100.00
   21    0 108636   D    21    0 242677   0    5.79e-03     42   100.00
   21    0 126000   D    21    0 242677   0    5.79e-03     42   100.00
   21    0 103106   D    21    0 242677   0    5.79e-03     42   100.00
   20    0 107023   D    20    0 108636   0    2.32e-02     40   100.00
   20    0 107023   D    20    0 126000   0    2.32e-02     40   100.00
   20    0 103106   D    20    0 107023   0    2.32e-02     40   100.00
   16    0  26674   D    16    0  33524   0    5.93e+00     32   100.00
   16    0  63320   D    16    0 202538   0    5.93e+00     32   100.00
   37    0 108687   D    37    0 126051   0    1.35e-12     74   100.00
   15    0  23355   D    15    0  98030   0    2.37e+01     30   100.00
   15    0 139582   D    15    0 251343   0    2.37e+01     30   100.00
   17    0 154524   D    17    0 219457   0    1.48e+00     34   100.00
   16    0  14450   D    16    0  66296   0    5.93e+00     32   100.00
   15    0 162108   D    15    0 188618   0    2.37e+01     30   100.00
   16    0 171900   D    16    0 178543   0    5.93e+00     32   100.00
   28    0   6669   D    28    0 103155   0    3.54e-07     56   100.00
   16    0  66623   D    16    0 236004   0    5.93e+00     32   100.00
   15    0 131869   D    15    0 278477   0    2.37e+01     30   100.00
   17    0 178328   D    17    0 264932   0    1.48e+00     34   100.00
   15    0 114121   D    15    0 178784   0    2.37e+01     30   100.00
   17    0 103139   D    17    0 126033   0    1.48e+00     34   100.00
   16    0 107056   D    16    0 126033   0    5.93e+00     32   100.00
   15    0  26907   D    15    0 226622   0    2.37e+01     30   100.00
   15    0  94483   D    15    0 202857   0    2.37e+01     30   100.00
   15    0 214051   D    15    0 260723   0    2.37e+01     30   100.00
   15    0   1858   D    15    0 221083   0    2.37e+01     30   100.00
   15    0 111997   D    15    0 169435   0    2.37e+01     30   100.00
   15    0 103199   D    15    0 108729   0    2.37e+01     30   100.00
   15    0 100562   D    15    0 103199   0    2.37e+01     30   100.00
   15    0 114012   D    15    0 277171   0    2.37e+01     30   100.00
   23    0 157069   D    23    0 163569   0    3.62e-04     46   100.00
   15    0    955   D    15    0 169113   0    2.37e+01     30   100.00
   15    0 101405   D    15    0 158190   0    2.37e+01     30   100.00
   16    0 198310   D    16    0 291342   0    5.93e+00     32   100.00
   17    0 143034   D    17    0 194285   0    1.48e+00     34   100.00
   15    0  89248   D    15    0 277837   0    2.37e+01     30   100.00
   15    0 106934   D    15    0 241543   0    2.37e+01     30   100.00
   17    0 158527   D    17    0 164979   0    1.48e+00     34   100.00
   15    0   9619   D    15    0  30437   0    2.37e+01     30   100.00
   15    0 133679   D    15    0 180461   0    2.37e+01     30   100.00
   16    0 101373   D    16    0 138466   0    5.93e+00     32   100.00
   15    0  37272   D    15    0 227100   0    2.37e+01     30   100.00
   16    0  91951   D    16    0 271477   0    5.93e+00     32   100.00
   15    0  18751   D    15    0  33243   0    2.37e+01     30   100.00
   15    0 156906   D    15    0 276423   0    2.37e+01     30   100.00
   15    0  45230   D    15    0  52517   0    2.37e+01     30   100.00
   15    0  98508   D    15    0 126722   0    2.37e+01     30   100.00
   15    0   7482   D    15    0 168923   0    2.37e+01     30   100.00
   28    0 107015   D    28    0 286142   0    3.54e-07     56   100.00
   28    0 107015   D    28    0 242669   0    3.54e-07     56   100.00
   22    0 220192   D    22    0 286142   0    1.45e-03     44   100.00
   22    0 220192   D    22    0 242669   0    1.45e-03     44   100.00
   15    0  51407   D    15    0 112127   0    2.37e+01     30   100.00
   23    0 107014   D    23    0 220191   0    3.62e-04     46   100.00
   15    0 168543   D    15    0 168559   0    2.37e+01     30   100.00
   28    0 219352   D    28    0 219497   0    3.54e-07     56   100.00
   15    0 217191   D    15    0 229181   0    2.37e+01     30   100.00
   15    0 185869   D    15    0 266106   0    2.37e+01     30   100.00
   16    0  61682   D    16    0  99754   0    5.93e+00     32   100.00
   15    0  17192   D    15    0 100886   0    2.37e+01     30   100.00
   15    0 180457   D    15    0 200767   0    2.37e+01     30   100.00
   15    0  64661   D    15    0 244940   0    2.37e+01     30   100.00
   16    0 108112   D    16    0 169297   0    5.93e+00     32   100.00
   16    0  33325   D    16    0 273105   0    5.93e+00     32   100.00
   16    0 278538   D    16    0 281093   0    5.93e+00     32   100.00
   16    0  14624   D    16    0  78394   0    5.93e+00     32   100.00
   15    0 153649   D    15    0 238064   0    2.37e+01     30   100.00
   15    0 218000   D    15    0 237863   0    2.37e+01     30   100.00
   15    0  21363   D    15    0 111554   0    2.37e+01     30   100.00
   16    0  47865   D    16    0 220718   0    5.93e+00     32   100.00
   19    0 100565   D    19    0 286246   0    9.27e-02     38   100.00
   16    0 108732   D    16    0 286246   0    5.93e+00     32   100.00
   16    0  44630   D    16    0 108732   0    5.93e+00     32   100.00
   16    0 108732   D    16    0 126096   0    5.93e+00     32   100.00
   16    0  44630   D    16    0 100565   0    5.93e+00     32   100.00
   16    0 100565   D    16    0 126096   0    5.93e+00     32   100.00
   15    0 106634   D    15    0 130569   0    2.37e+01     30   100.00
   16    0 206363   D    16    0 282051   0    5.93e+00     32   100.00
   15    0 144723   D    15    0 170816   0    2.37e+01     30   100.00
   15    0 106058   D    15    0 108813   0    2.37e+01     30   100.00
   16    0 183682   D    16    0 216797   0    5.93e+00     32   100.00
   15    0 197494   D    15    0 264940   0    2.37e+01     30   100.00
   22    0  19226   D    22    0 107095   0    1.45e-03     44   100.00
   15    0 118847   D    15    0 212211   0    2.37e+01     30   100.00
   15    0  50215   D    15    0 299311   0    2.37e+01     30   100.00
   15    0 166125   D    15    0 262904   0    2.37e+01     30   100.00
   15    0  61633   D    15    0 185656   0    2.37e+01     30   100.00
   16    0 216537   D    16    0 288456   0    5.93e+00     32   100.00
   16    0   9512   D    16    0  77132   0    5.93e+00     32   100.00
   15    0  78303   D    15    0 124362   0    2.37e+01     30   100.00
   15    0  44925   D    15    0  86866   0    2.37e+01     30   100.00
   15    0  27698   D    15    0 188541   0    2.37e+01     30   100.00
   16    0  58881   D    16    0 166194   0    5.93e+00     32   100.00
   19    0 126043   D    19    0 242720   0    9.27e-02     38   100.00
   15    0 235617   D    15    0 267625   0    2.37e+01     30   100.00
   15    0  49428   D    15    0 136142   0    2.37e+01     30   100.00
   15    0 214266   D    15    0 275251   0    2.37e+01     30   100.00
   16    0 229763   D    16    0 294321   0    5.93e+00     32   100.00
   15    0  98691   D    15    0 169271   0    2.37e+01     30   100.00
   16    0 251293   D    16    0 289285   0    5.93e+00     32   100.00
   15    0 219661   D    15    0 289353   0    2.37e+01     30   100.00
   15    0  96067   D    15    0 240179   0    2.37e+01     30   100.00
   15    0   1327   D    15    0 167488   0    2.37e+01     30   100.00
   15    0   5218   D    15    0  10755   0    2.37e+01     30   100.00
   15    0  48646   D    15    0 205993   0    2.37e+01     30   100.00
   17    0 208828   D    17    0 209131   0    1.48e+00     34   100.00
   15    0   4237   D    15    0 200775   0    2.37e+01     30   100.00
   78    0  44538   D    78    0 100473   0    2.79e-37    156   100.00
   46    0 100473   D    46    0 108640   0    5.15e-18     92   100.00
   29    0 100473   D    29    0 126004   0    8.84e-08     58   100.00
   27    0 100473   D    27    0 286154   0    1.41e-06     54   100.00
   22    0 100473   D    22    0 103110   0    1.45e-03     44   100.00
   17    0 100473   D    17    0 242681   0    1.48e+00     34   100.00
   16    0 100473   D    16    0 107027   0    5.93e+00     32   100.00
   17    0 158236   D    17    0 164703   0    1.48e+00     34   100.00
   15    0  53438   D    15    0 157927   0    2.37e+01     30   100.00
   17    0  56435   D    17    0 133044   0    1.48e+00     34   100.00
   39    0 220689   D    39    0 286217   0    8.43e-14     78   100.00
   28    0 108703   D    28    0 220689   0    3.54e-07     56   100.00
   28    0 100536   D    28    0 220689   0    3.54e-07     56   100.00
   25    0 103173   D    25    0 220689   0    2.26e-05     50   100.00
   22    0 220689   D    22    0 242744   0    1.45e-03     44   100.00
   21    0 126067   D    21    0 220689   0    5.79e-03     42   100.00
   15    0  44601   D    15    0 220689   0    2.37e+01     30   100.00
   20    0 208846   D    20    0 209149   0    2.32e-02     40   100.00
   20    0 208546   D    20    0 209149   0    2.32e-02     40   100.00
   15    0   6678   D    15    0 125499   0    2.37e+01     30   100.00
   15    0 103164   D    15    0 125499   0    2.37e+01     30   100.00
   15    0 108694   D    15    0 125499   0    2.37e+01     30   100.00
   15    0 100527   D    15    0 125499   0    2.37e+01     30   100.00
   15    0 125499   D    15    0 286208   0    2.37e+01     30   100.00
   15    0 125499   D    15    0 126058   0    2.37e+01     30   100.00
   15    0  44592   D    15    0 125499   0    2.37e+01     30   100.00
   16    0  31330   D    16    0  66530   0    5.93e+00     32   100.00
   15    0  43570   D    15    0 142310   0    2.37e+01     30   100.00
   15    0 179606   D    15    0 207575   0    2.37e+01     30   100.00
   15    0 123302   D    15    0 141414   0    2.37e+01     30   100.00
   16    0 164478   D    16    0 249329   0    5.93e+00     32   100.00
   15    0 121126   D    15    0 209798   0    2.37e+01     30   100.00
   31    0   6698   D    31    0 286228   0    5.53e-09     62   100.00
   28    0   6698   D    28    0 220700   0    3.54e-07     56   100.00
   17    0   6698   D    17    0 108714   0    1.48e+00     34   100.00
   17    0   6698   D    17    0 100547   0    1.48e+00     34   100.00
   16    0   6698   D    16    0 107100   0    5.93e+00     32   100.00
   16    0   6698   D    16    0  19231   0    5.93e+00     32   100.00
   16    0 107100   D    16    0 108714   0    5.93e+00     32   100.00
   16    0  19231   D    16    0 108714   0    5.93e+00     32   100.00
   16    0 100547   D    16    0 107100   0    5.93e+00     32   100.00
   16    0  19231   D    16    0 100547   0    5.93e+00     32   100.00
   16    0 107100   D    16    0 220700   0    5.93e+00     32   100.00
   16    0  19231   D    16    0 220700   0    5.93e+00     32   100.00
   16    0 107100   D    16    0 286228   0    5.93e+00     32   100.00
   16    0  19231   D    16    0 286228   0    5.93e+00     32   100.00
   33    0 242665   D    33    0 286138   0    3.45e-10     66   100.00
   15    0  14238   D    15    0 289290   0    2.37e+01     30   100.00
   15    0 178909   D    15    0 253569   0    2.37e+01     30   100.00
   15    0 150797   D    15    0 181895   0    2.37e+01     30   100.00
   16    0  73343   D    16    0 196148   0    5.93e+00     32   100.00
   15    0 151183   D    15    0 265558   0    2.37e+01     30   100.00
   15    0 263127   D    15    0 281972   0    2.37e+01     30   100.00
   15    0 243109   D    15    0 272589   0    2.37e+01     30   100.00
   18    0 100503   D    18    0 126034   0    3.71e-01     36   100.00
   18    0  44568   D    18    0 126034   0    3.71e-01     36   100.00
   18    0 103140   D    18    0 108670   0    3.71e-01     36   100.00
   16    0 108670   D    16    0 126034   0    5.93e+00     32   100.00
   16    0 100503   D    16    0 103140   0    5.93e+00     32   100.00
   16    0  44568   D    16    0 103140   0    5.93e+00     32   100.00
   15    0 100503   D    15    0 107057   0    2.37e+01     30   100.00
   15    0  44568   D    15    0 107057   0    2.37e+01     30   100.00
   15    0 107057   D    15    0 108670   0    2.37e+01     30   100.00
   18    0 116497   D    18    0 116516   0    3.71e-01     36   100.00
   15    0  87667   D    15    0 200448   0    2.37e+01     30   100.00
   15    0  85403   D    15    0  89964   0    2.37e+01     30   100.00
   15    0 181429   D    15    0 231116   0    2.37e+01     30   100.00
   16    0  68265   D    16    0 228616   0    5.93e+00     32   100.00
   15    0  32579   D    15    0  87685   0    2.37e+01     30   100.00
   15    0 198429   D    15    0 272065   0    2.37e+01     30   100.00
   27    0  44625   D    27    0 126091   0    1.41e-06     54   100.00
   21    0 126091   D    21    0 286241   0    5.79e-03     42   100.00
   18    0   6711   D    18    0 126091   0    3.71e-01     36   100.00
   15    0 126091   D    15    0 220713   0    2.37e+01     30   100.00
   18    0  29624   D    18    0  37635   0    3.71e-01     36   100.00
   15    0 209007   D    15    0 252349   0    2.37e+01     30   100.00
   26    0 103169   D    26    0 242740   0    5.66e-06     52   100.00
   26    0 108699   D    26    0 242740   0    5.66e-06     52   100.00
   26    0 100532   D    26    0 242740   0    5.66e-06     52   100.00
   26    0 242740   D    26    0 286213   0    5.66e-06     52   100.00
   25    0 126063   D    25    0 242740   0    2.26e-05     50   100.00
   19    0  44597   D    19    0 242740   0    9.27e-02     38   100.00
   15    0 110059   D    15    0 163887   0    2.37e+01     30   100.00
   19    0 103136   D    19    0 107053   0    9.27e-02     38   100.00
   15    0  64450   D    15    0  98035   0    2.37e+01     30   100.00
   15    0  30303   D    15    0 241980   0    2.37e+01     30   100.00
   16    0 126535   D    16    0 182506   0    5.93e+00     32   100.00
   15    0  65017   D    15    0 286780   0    2.37e+01     30   100.00
   16    0  30353   D    16    0 240104   0    5.93e+00     32   100.00
   48    0  44536   D    48    0 108638   0    3.22e-19     96   100.00
   31    0  44536   D    31    0 126002   0    5.53e-09     62   100.00
   29    0  44536   D    29    0 286152   0    8.84e-08     58   100.00
   24    0  44536   D    24    0 103108   0    9.05e-05     48   100.00
   19    0  44536   D    19    0 242679   0    9.27e-02     38   100.00
   18    0  44536   D    18    0 107025   0    3.71e-01     36   100.00
   15    0  96961   D    15    0 267041   0    2.37e+01     30   100.00
   17    0 122084   D    17    0 185581   0    1.48e+00     34   100.00
   15    0  25234   D    15    0  32939   0    2.37e+01     30   100.00
   15    0  36901   D    15    0 259208   0    2.37e+01     30   100.00
   15    0 208779   D    15    0 209082   0    2.37e+01     30   100.00
   15    0  14047   D    15    0 262524   0    2.37e+01     30   100.00
   16    0 266749   D    16    0 280990   0    5.93e+00     32   100.00
   16    0  48039   D    16    0 203172   0    5.93e+00     32   100.00
   16    0  47950   D    16    0 141065   0    5.93e+00     32   100.00
