# args=-l 15 /home/yinxiaole/ICEcream_conda/ICEcream/ICEcream_conda_chenxi/../tmp5/GCF_000152425.1.gbff.27/candidate/candidate_region_0.fna
   15    0   7692   D    15    0  56429   0    1.11e+01     30   100.00
   15    0  90523   D    15    0 183663   0    1.11e+01     30   100.00
   15    0  78720   D    15    0  79014   0    1.11e+01     30   100.00
   15    0  10417   D    15    0  96751   0    1.11e+01     30   100.00
   17    0  45807   D    17    0 152140   0    6.93e-01     34   100.00
   15    0 179562   D    15    0 194697   0    1.11e+01     30   100.00
   43    0  90858   D    43    0 185224   0    1.54e-16     86   100.00
   15    0 122432   D    15    0 140435   0    1.11e+01     30   100.00
   15    0 108732   D    15    0 115204   0    1.11e+01     30   100.00
   15    0  86992   D    15    0 184638   0    1.11e+01     30   100.00
   15    0  46323   D    15    0 185025   0    1.11e+01     30   100.00
   15    0  72438   D    15    0 115266   0    1.11e+01     30   100.00
   17    0  57912   D    17    0 107037   0    6.93e-01     34   100.00
   15    0 121567   D    15    0 203544   0    1.11e+01     30   100.00
   18    0  37224   D    18    0 153851   0    1.73e-01     36   100.00
   16    0  92275   D    16    0  92290   0    2.77e+00     32   100.00
   15    0   2234   D    15    0 176497   0    1.11e+01     30   100.00
   15    0  34833   D    15    0  54429   0    1.11e+01     30   100.00
   16    0 172166   D    16    0 185188   0    2.77e+00     32   100.00
   15    0  17490   D    15    0 185143   0    1.11e+01     30   100.00
   15    0  17490   D    15    0  18669   0    1.11e+01     30   100.00
   15    0  67551   D    15    0 165565   0    1.11e+01     30   100.00
   17    0  14688   D    17    0 202647   0    6.93e-01     34   100.00
   15    0   9754   D    15    0  82231   0    1.11e+01     30   100.00
   16    0 169167   D    16    0 184321   0    2.77e+00     32   100.00
   16    0  98405   D    16    0 147729   0    2.77e+00     32   100.00
   16    0 129321   D    16    0 165018   0    2.77e+00     32   100.00
   17    0  33946   D    17    0 173145   0    6.93e-01     34   100.00
   15    0 185206   D    15    0 187041   0    1.11e+01     30   100.00
   15    0  50727   D    15    0 103059   0    1.11e+01     30   100.00
   42    0  17506   D    42    0  90793   0    6.16e-16     84   100.00
   40    0  17506   D    40    0 185159   0    9.85e-15     80   100.00
   17    0  17506   D    17    0  40056   0    6.93e-01     34   100.00
   15    0  95781   D    15    0 184544   0    1.11e+01     30   100.00
   15    0   9518   D    15    0  51665   0    1.11e+01     30   100.00
   18    0  90863   D    18    0 187134   0    1.73e-01     36   100.00
   18    0 185229   D    18    0 187134   0    1.73e-01     36   100.00
   15    0 112585   D    15    0 134423   0    1.11e+01     30   100.00
   15    0  42891   D    15    0  47999   0    1.11e+01     30   100.00
   16    0  25219   D    16    0 150110   0    2.77e+00     32   100.00
   15    0  56327   D    15    0  90339   0    1.11e+01     30   100.00
   18    0  40055   D    18    0 185158   0    1.73e-01     36   100.00
   18    0  40055   D    18    0  90792   0    1.73e-01     36   100.00
   15    0    579   D    15    0  56098   0    1.11e+01     30   100.00
   15    0  83890   D    15    0 189965   0    1.11e+01     30   100.00
   15    0 163326   D    15    0 183015   0    1.11e+01     30   100.00
   15    0  55275   D    15    0 151642   0    1.11e+01     30   100.00
   15    0 171220   D    15    0 183291   0    1.11e+01     30   100.00
   15    0  93146   D    15    0 111120   0    1.11e+01     30   100.00
   26    0  18665   D    26    0 185139   0    2.64e-06     52   100.00
   16    0  70449   D    16    0 172191   0    2.77e+00     32   100.00
   17    0  47201   D    17    0  63810   0    6.93e-01     34   100.00
   15    0  30217   D    15    0 140337   0    1.11e+01     30   100.00
   22    0 185180   D    22    0 187015   0    6.77e-04     44   100.00
   19    0  90814   D    19    0 187015   0    4.33e-02     38   100.00
   19    0  17527   D    19    0 187015   0    4.33e-02     38   100.00
   15    0  42495   D    15    0 102095   0    1.11e+01     30   100.00
   15    0   7873   D    15    0  67516   0    1.11e+01     30   100.00
   17    0 109389   D    17    0 200410   0    6.93e-01     34   100.00
   15    0 169923   D    15    0 185160   0    1.11e+01     30   100.00
   15    0  90794   D    15    0 169923   0    1.11e+01     30   100.00
   15    0  17507   D    15    0 169923   0    1.11e+01     30   100.00
   15    0  40057   D    15    0 169923   0    1.11e+01     30   100.00
   15    0 181242   D    15    0 181290   0    1.11e+01     30   100.00
   16    0  81282   D    16    0 175879   0    2.77e+00     32   100.00
   18    0  74515   D    18    0  74526   0    1.73e-01     36   100.00
   15    0   5976   D    15    0  38171   0    1.11e+01     30   100.00
   18    0  15196   D    18    0  68062   0    1.73e-01     36   100.00
   15    0 129234   D    15    0 183338   0    1.11e+01     30   100.00
   15    0  49912   D    15    0 128632   0    1.11e+01     30   100.00
   16    0  60967   D    16    0  63975   0    2.77e+00     32   100.00
   15    0  83533   D    15    0 133432   0    1.11e+01     30   100.00
   46    0  90787   D    46    0 185153   0    2.40e-18     92   100.00
   16    0 156032   D    16    0 173173   0    2.77e+00     32   100.00
   15    0 140188   D    15    0 173610   0    1.11e+01     30   100.00
   16    0  30930   D    16    0 117663   0    2.77e+00     32   100.00
   15    0 170578   D    15    0 180310   0    1.11e+01     30   100.00
