#                                                                            --- full sequence --- -------------- this domain -------------   hmm coord   ali coord   env coord
# target name        accession   tlen query name           accession   qlen   E-value  score  bias   #  of  c-Evalue  i-Evalue  score  bias  from    to  from    to  from    to  acc description of target
#------------------- ---------- ----- -------------------- ---------- ----- --------- ------ ----- --- --- --------- --------- ------ ----- ----- ----- ----- ----- ----- ----- ---- ---------------------
AAA_10               PF12846.2    328 9444926698_1         -            273     3e-05   15.8   0.1   1   2   1.2e-06   8.1e-05   14.3   0.0     3    24    54    75    52    97 0.84 AAA-like domain
AAA_10               PF12846.2    328 9444926698_1         -            273     3e-05   15.8   0.1   2   2     0.086         6   -1.7   0.0   109   181   202   270   140   273 0.54 AAA-like domain
AAA_10               PF12846.2    328 9444926730_1         -            494   9.6e-07   20.7   0.1   1   4    0.0001    0.0073    7.9   0.0     3    27     4    28     3    59 0.71 AAA-like domain
AAA_10               PF12846.2    328 9444926730_1         -            494   9.6e-07   20.7   0.1   2   4     0.026       1.8    0.0   0.0   198   227    50    77    40   101 0.72 AAA-like domain
AAA_10               PF12846.2    328 9444926730_1         -            494   9.6e-07   20.7   0.1   3   4      0.04       2.8   -0.6   0.0    54   104   142   186   115   203 0.63 AAA-like domain
AAA_10               PF12846.2    328 9444926730_1         -            494   9.6e-07   20.7   0.1   4   4   0.00016     0.011    7.3   0.0     5    23   209   227   208   244 0.89 AAA-like domain
traP_typeI           -            255 9444926733_1         -            446       1.1    0.9  20.2   1   3      0.57        40   -4.2   0.0   170   182   112   124   110   141 0.52 -
traP_typeI           -            255 9444926733_1         -            446       1.1    0.9  20.2   2   3    0.0003     0.021    6.6   7.7   108   192   263   346   244   357 0.71 -
traP_typeI           -            255 9444926733_1         -            446       1.1    0.9  20.2   3   3     0.027       1.9    0.2   0.2   125   154   367   396   359   402 0.82 -
AAA_10               PF12846.2    328 9444926746_1         -            279     5e-06   18.3   0.5   1   2   3.4e-06   0.00012   13.8   0.0     5    23    50    68    47    84 0.84 AAA-like domain
AAA_10               PF12846.2    328 9444926746_1         -            279     5e-06   18.3   0.5   2   2    0.0069      0.24    2.9   0.0   247   288   177   218   113   235 0.86 AAA-like domain
Pfam-B_3022          PB003022     545 9444926746_1         -            279   0.00011   12.9   0.3   1   2   5.6e-06    0.0002   12.1   0.0   193   225    42    75    34    79 0.82 -
Pfam-B_3022          PB003022     545 9444926746_1         -            279   0.00011   12.9   0.3   2   2      0.23       8.1   -3.2   0.1   390   429   127   166   121   176 0.69 -
T2SSE                PF00437.16   277 9444926796_1         -            503   1.4e-77  252.6   0.0   1   1     5e-79   1.8e-77  252.3   0.0     3   275    93   376    91   378 0.95 Type II/IV secretion system protein
AAA_10               PF12846.2    328 9444926796_1         -            503   6.1e-05   14.7   0.0   1   1   2.7e-06   9.4e-05   14.1   0.0     2    26   230   254   229   326 0.73 AAA-like domain
AAA_10               PF12846.2    328 9444926864_1         -            344   1.9e-08   26.2   0.1   1   2     7e-05    0.0049    8.5   0.1     5    23    35    53    32    65 0.79 AAA-like domain
AAA_10               PF12846.2    328 9444926864_1         -            344   1.9e-08   26.2   0.1   2   2   5.7e-07     4e-05   15.3   0.0   245   288   153   202   111   234 0.85 AAA-like domain
