#                                                                            --- full sequence --- -------------- this domain -------------   hmm coord   ali coord   env coord
# target name        accession   tlen query name           accession   qlen   E-value  score  bias   #  of  c-Evalue  i-Evalue  score  bias  from    to  from    to  from    to  acc description of target
#------------------- ---------- ----- -------------------- ---------- ----- --------- ------ ----- --- --- --------- --------- ------ ----- ----- ----- ----- ----- ----- ----- ---- ---------------------
traP_typeI           -            255 9444927663_1         -            192    0.0088    7.8   6.8   1   1   0.00018     0.013    7.3   4.7   105   183     9    87     2   114 0.76 -
AAA_10               PF12846.2    328 9444927668_1         -            369   1.8e-05   16.4   0.1   1   2   2.7e-06   0.00019   13.1   0.0     4    48   139   188   136   202 0.70 AAA-like domain
AAA_10               PF12846.2    328 9444927668_1         -            369   1.8e-05   16.4   0.1   2   2     0.018       1.2    0.6   0.0   244   271   221   245   198   262 0.74 AAA-like domain
T2SSE                PF00437.16   277 9444927677_1         -            328     2e-07   22.5   0.1   1   1   2.3e-08     4e-07   21.5   0.1   120   153    31    61    10    76 0.81 Type II/IV secretion system protein
FtsK_SpoIIIE         PF01580.13   205 9444927677_1         -            328   7.1e-06   18.0   0.1   1   1   7.3e-07   1.3e-05   17.2   0.1    36    58    35    58    23    65 0.87 FtsK/SpoIIIE family
AAA_10               PF12846.2    328 9444927677_1         -            328   2.5e-05   16.0   0.0   1   1   2.2e-06   3.9e-05   15.4   0.0     3    27    40    64    38   113 0.90 AAA-like domain
TrwB_AAD_bind        PF10412.4    386 9444927677_1         -            328   6.9e-05   13.9   0.0   1   1   6.5e-06   0.00011   13.2   0.0    15    40    38    63    28    70 0.86 Type IV secretion-system coupling protein DNA-binding domain
AAA_10               PF12846.2    328 9444927713_1         -            334   3.7e-05   15.5   0.5   1   3   6.9e-06   0.00016   13.3   0.1     3    25    59    81    58   123 0.80 AAA-like domain
AAA_10               PF12846.2    328 9444927713_1         -            334   3.7e-05   15.5   0.5   2   3       0.2       4.7   -1.3   0.0   246   257   110   121    92   140 0.81 AAA-like domain
AAA_10               PF12846.2    328 9444927713_1         -            334   3.7e-05   15.5   0.5   3   3      0.37       8.5   -2.2   0.0    90   127   269   311   226   320 0.51 AAA-like domain
T2SSE                PF00437.16   277 9444927713_1         -            334   9.6e-05   13.7   0.0   1   1   7.2e-06   0.00017   12.9   0.0   102   154    26    81     6    88 0.77 Type II/IV secretion system protein
FtsK_SpoIIIE         PF01580.13   205 9444927713_1         -            334   0.00042   12.2   0.0   1   1   3.3e-05   0.00077   11.3   0.0    33    56    50    75    28    80 0.78 FtsK/SpoIIIE family
DUF1525              PF07511.7    114 9444927723_1         -            691    0.0003   13.2   1.5   1   3   8.9e-06   0.00062   12.1   0.1    28   102    14    89    11    98 0.82 Protein of unknown function (DUF1525)
DUF1525              PF07511.7    114 9444927723_1         -            691    0.0003   13.2   1.5   2   3      0.33        23   -2.6   0.0     3    16   241   256   236   299 0.57 Protein of unknown function (DUF1525)
DUF1525              PF07511.7    114 9444927723_1         -            691    0.0003   13.2   1.5   3   3      0.48        34   -3.1   0.0    36    52   341   357   333   369 0.58 Protein of unknown function (DUF1525)
traP_typeI           -            255 9444927727_1         -            706       0.2    3.3  28.4   1   4      0.38        27   -3.6   0.0    56    79    16    41    10    58 0.52 -
traP_typeI           -            255 9444927727_1         -            706       0.2    3.3  28.4   2   4    0.0099      0.69    1.6   4.6    94   173   436   518   425   530 0.71 -
traP_typeI           -            255 9444927727_1         -            706       0.2    3.3  28.4   3   4   2.2e-05    0.0015   10.3   6.3   117   210   574   671   568   674 0.88 -
traP_typeI           -            255 9444927727_1         -            706       0.2    3.3  28.4   4   4    0.0084      0.59    1.8   2.0   119   175   642   698   634   705 0.65 -
AAA_10               PF12846.2    328 9444927732_1         -            256   9.7e-05   14.1   0.7   1   1   7.6e-06   0.00026   12.6   0.5     6    23    37    54    34   250 0.81 AAA-like domain
FtsK_SpoIIIE         PF01580.13   205 9444927732_1         -            256   0.00012   14.0   0.2   1   2     1e-05   0.00036   12.4   0.0    37    57    31    51    11    56 0.80 FtsK/SpoIIIE family
FtsK_SpoIIIE         PF01580.13   205 9444927732_1         -            256   0.00012   14.0   0.2   2   2       0.2       7.1   -1.6   0.0   116   130   131   145   113   211 0.62 FtsK/SpoIIIE family
AAA_10               PF12846.2    328 9444927746_1         -            582   0.00046   11.8   0.8   1   2   2.9e-05     0.002    9.7   0.1     3    21   371   389   369   402 0.87 AAA-like domain
AAA_10               PF12846.2    328 9444927746_1         -            582   0.00046   11.8   0.8   2   2     0.027       1.9   -0.0   0.0   247   269   501   526   419   558 0.63 AAA-like domain
FtsK_SpoIIIE         PF01580.13   205 9444927750_1         -            228   0.00023   13.0   0.0   1   1   1.1e-05    0.0004   12.3   0.0    31    73    27    67    18    71 0.76 FtsK/SpoIIIE family
AAA_10               PF12846.2    328 9444927750_1         -            228   0.00044   11.9   0.2   1   2   4.9e-05    0.0017   10.0   0.1     6    23    39    57    36    72 0.80 AAA-like domain
AAA_10               PF12846.2    328 9444927750_1         -            228   0.00044   11.9   0.2   2   2     0.064       2.2   -0.3   0.0   256   286   174   204    91   217 0.66 AAA-like domain
FtsK_SpoIIIE         PF01580.13   205 9444927769_1         -            960   1.8e-70  229.0   0.2   1   2       1.8        31   -3.7   0.0    89   158   341   412   339   413 0.70 FtsK/SpoIIIE family
FtsK_SpoIIIE         PF01580.13   205 9444927769_1         -            960   1.8e-70  229.0   0.2   2   2     2e-71   3.6e-70  228.0   0.0     2   205   575   788   574   788 0.98 FtsK/SpoIIIE family
AAA_10               PF12846.2    328 9444927769_1         -            960   7.6e-14   44.0   3.2   1   3    0.0068      0.12    3.9   0.8   101   210   420   537   313   551 0.68 AAA-like domain
AAA_10               PF12846.2    328 9444927769_1         -            960   7.6e-14   44.0   3.2   2   3   4.6e-08   8.1e-07   20.9   0.0     2    38   612   652   611   671 0.88 AAA-like domain
AAA_10               PF12846.2    328 9444927769_1         -            960   7.6e-14   44.0   3.2   3   3   6.8e-07   1.2e-05   17.1   0.0   245   313   739   809   694   825 0.72 AAA-like domain
TrwB_AAD_bind        PF10412.4    386 9444927769_1         -            960   4.7e-05   14.5   0.0   1   2   1.4e-05   0.00024   12.2   0.0    14    52   610   652   601   659 0.77 Type IV secretion-system coupling protein DNA-binding domain
TrwB_AAD_bind        PF10412.4    386 9444927769_1         -            960   4.7e-05   14.5   0.0   2   2      0.12       2.1   -0.8   0.0   247   281   745   785   740   788 0.76 Type IV secretion-system coupling protein DNA-binding domain
T2SSE                PF00437.16   277 9444927769_1         -            960   7.4e-05   14.0   0.1   1   2      0.91        16   -3.5   0.0    12    87   265   343   263   350 0.48 Type II/IV secretion system protein
T2SSE                PF00437.16   277 9444927769_1         -            960   7.4e-05   14.0   0.1   2   2     1e-05   0.00018   12.8   0.0   128   154   609   635   566   662 0.73 Type II/IV secretion system protein
TrbH                 PF07283.7    119 9444927776_1         -            231   0.00032   13.2   0.0   1   1   8.1e-06   0.00057   12.4   0.0    14    61    21    68    10    98 0.74 Conjugal transfer protein TrbH
T2SSE                PF00437.16   277 9444927786_1         -            426   2.9e-05   15.4   0.0   1   1   1.5e-06   5.2e-05   14.5   0.0   130   153   114   137    57   148 0.81 Type II/IV secretion system protein
AAA_10               PF12846.2    328 9444927786_1         -            426   0.00047   11.8   0.0   1   1   2.9e-05     0.001   10.7   0.0     2    23   115   136   114   155 0.90 AAA-like domain
T2SSE                PF00437.16   277 9444927791_1         -            446   6.9e-05   14.1   0.0   1   1     2e-06   0.00014   13.1   0.0    94   164   113   199    60   203 0.84 Type II/IV secretion system protein
