------------------------------
ARAGORN v1.2.36   Dean Laslett
------------------------------

Please reference the following paper if you use this
program as part of any published research.

Laslett, D. and Canback, B. (2004) ARAGORN, a
program for the detection of transfer RNA and
transfer-messenger RNA genes in nucleotide sequences.
Nucleic Acids Research, 32;11-16.


Searching for tRNA genes with no introns
Searching for tmRNA genes
Assuming circular topology, search wraps around ends
Searching both strands
Using standard genetic code


NZ_DS990137.1 Vibrio cholerae MO10 supercont1.2, whole genome shotgun sequence
1035167 nucleotides in sequence
Mean G+C content = 45.7%
 
1.
 
                 ca
                c
               t
             g-c
             c-g
             g-c
             g-c
             g-c
             c-g
             a-t     tt
            t   cgccc  a
     aa    c    !!!!!  g
    t  tatg     gcggg  c
   g   :!!!     t    tt
   g   ttac     a
    cta    c    g
            t-at
            c-g
            a-t
            g-c
            c-g
           c   a
           t   a
            tcc
 
 
 
    tRNA-Gly(tcc)
    75 bases, %GC = 57.3
    Sequence [98572,98646]
 

 
2.
 
                 ca
                c
               t
             g-c
             g-c
             c-g
             g-c
             c-g
             g-c
             t-a     tc
            t   gggcc  a
     gag   g    !+!!!  g
    t   acg     ctcgg  c
    g   !!!     c    tt
    g   tgc     a
     cca   a    a
            g+tg
            c-g
            g-c
            g-c
            a-t
           t   a
           t   a
            gca
 
 
 
    tRNA-Cys(gca)
    74 bases, %GC = 64.9
    Sequence c[303403,303476]
 

 
3.
 
                 ca
                c
               a
             g-c
             c-g
             c-g
             c-g
             t+g
             g-c
             g-c     tg
            t   cggcc  a
    taaa   g    !!!!!  a
   c    gtg     gccgg  c
   g    !!!          tt
   g    cac     t
    taga   a   c-g
            a-t g-c
            g-c  a-t
            g-c   c-g
            g-c    t-a
            a-t    t   g
           t   a     tc
           t   a
            taa
 
 
 
    tRNA-Leu(taa)
    87 bases, %GC = 57.5
    Sequence c[303501,303587]
 

 
4.
 
                 ca
                c
               t
             g-c
             g-c
             c-g
             g-c
             c-g
             g-c
             t-a     tc
            t   gggcc  a
     gag   g    !+!!!  g
    t   acg     ctcgg  c
    g   !!!     c    tt
    g   tgc     a
     cca   a    a
            g+tg
            c-g
            g-c
            g-c
            a-t
           t   a
           t   a
            gca
 
 
 
    tRNA-Cys(gca)
    74 bases, %GC = 64.9
    Sequence c[308623,308696]
 



tRNA Anticodon Frequency
AAA Phe       GAA Phe       CAA Leu       TAA Leu  1    
AGA Ser       GGA Ser       CGA Ser       TGA Ser       
ACA Cys       GCA Cys  2    CCA Trp       TCA seC       
ATA Tyr       GTA Tyr       CTA Pyl       TTA Stop      
AAG Leu       GAG Leu       CAG Leu       TAG Leu       
AGG Pro       GGG Pro       CGG Pro       TGG Pro       
ACG Arg       GCG Arg       CCG Arg       TCG Arg       
ATG His       GTG His       CTG Gln       TTG Gln       
AAC Val       GAC Val       CAC Val       TAC Val       
AGC Ala       GGC Ala       CGC Ala       TGC Ala       
ACC Gly       GCC Gly       CCC Gly       TCC Gly  1    
ATC Asp       GTC Asp       CTC Glu       TTC Glu       
AAT Ile       GAT Ile       CAT Met       TAT Ile       
AGT Thr       GGT Thr       CGT Thr       TGT Thr       
ACT Ser       GCT Ser       CCT Arg       TCT Arg       
ATT Asn       GTT Asn       CTT Lys       TTT Lys       

tRNA Codon Frequency
TTT Phe       TTC Phe       TTG Leu       TTA Leu  1    
TCT Ser       TCC Ser       TCG Ser       TCA Ser       
TGT Cys       TGC Cys  2    TGG Trp       TGA seC       
TAT Tyr       TAC Tyr       TAG Pyl       TAA Stop      
CTT Leu       CTC Leu       CTG Leu       CTA Leu       
CCT Pro       CCC Pro       CCG Pro       CCA Pro       
CGT Arg       CGC Arg       CGG Arg       CGA Arg       
CAT His       CAC His       CAG Gln       CAA Gln       
GTT Val       GTC Val       GTG Val       GTA Val       
GCT Ala       GCC Ala       GCG Ala       GCA Ala       
GGT Gly       GGC Gly       GGG Gly       GGA Gly  1    
GAT Asp       GAC Asp       GAG Glu       GAA Glu       
ATT Ile       ATC Ile       ATG Met       ATA Ile       
ACT Thr       ACC Thr       ACG Thr       ACA Thr       
AGT Ser       AGC Ser       AGG Arg       AGA Arg       
AAT Asn       AAC Asn       AAG Lys       AAA Lys       

Number of tRNA genes = 4
tRNA GC range = 57.3% to 64.9%
Number of tmRNA genes = 0


Configuration: ./tools/aragorn -o ../tmp5/GCF_000152425.1.gbff.26//tmRNA_aragorn.out ../tmp5/GCF_000152425.1.gbff.26//GCF_000152425.1.gbff.26.fna 
