#                                                                            --- full sequence --- -------------- this domain -------------   hmm coord   ali coord   env coord
# target name        accession   tlen query name           accession   qlen   E-value  score  bias   #  of  c-Evalue  i-Evalue  score  bias  from    to  from    to  from    to  acc description of target
#------------------- ---------- ----- -------------------- ---------- ----- --------- ------ ----- --- --- --------- --------- ------ ----- ----- ----- ----- ----- ----- ----- ---- ---------------------
AAA_10               PF12846.2    328 2653577780_1         -            940   1.4e-05   16.8   2.9   1   2    0.0015     0.051    5.1   0.5     4    18    27    41    25    53 0.85 AAA-like domain
AAA_10               PF12846.2    328 2653577780_1         -            940   1.4e-05   16.8   2.9   2   2   3.5e-05    0.0012   10.5   0.0     4    22   635   653   633   676 0.85 AAA-like domain
T2SSE                PF00437.16   277 2653577780_1         -            940    0.0001   13.5   0.7   1   2   0.00036     0.013    6.7   0.0   121   147    15    41     1    52 0.77 Type II/IV secretion system protein
T2SSE                PF00437.16   277 2653577780_1         -            940    0.0001   13.5   0.7   2   2    0.0019     0.065    4.4   0.1   134   155   636   657   610   664 0.84 Type II/IV secretion system protein
T2SSE                PF00437.16   277 2653577791_1         -            575   2.3e-77  251.9   2.2   1   1   9.1e-79   3.2e-77  251.4   1.6     6   276   192   454   187   455 0.97 Type II/IV secretion system protein
TrwB_AAD_bind        PF10412.4    386 2653577791_1         -            575   0.00024   12.2   0.1   1   2   2.1e-05   0.00074   10.5   0.0    14    48   315   349   304   356 0.85 Type IV secretion-system coupling protein DNA-binding domain
TrwB_AAD_bind        PF10412.4    386 2653577791_1         -            575   0.00024   12.2   0.1   2   2      0.41        14   -3.6   0.0   214   238   532   556   527   558 0.82 Type IV secretion-system coupling protein DNA-binding domain
T2SSE                PF00437.16   277 2653577846_1         -            345   7.7e-47  151.7   0.1   1   1   9.6e-48   1.3e-46  151.0   0.1    11   275    12   270     4   272 0.88 Type II/IV secretion system protein
AAA_10               PF12846.2    328 2653577846_1         -            345   4.9e-07   21.6   0.0   1   1   6.1e-08   8.5e-07   20.8   0.0     2    37   124   161   123   307 0.93 AAA-like domain
FtsK_SpoIIIE         PF01580.13   205 2653577846_1         -            345   3.5e-05   15.7   0.0   1   1   4.5e-06   6.3e-05   14.9   0.0    40    61   125   146    79   161 0.74 FtsK/SpoIIIE family
TrwB_AAD_bind        PF10412.4    386 2653577846_1         -            345   4.4e-05   14.6   0.0   1   1     6e-06   8.3e-05   13.7   0.0    13    48   121   156   114   161 0.89 Type IV secretion-system coupling protein DNA-binding domain
Pfam-B_3022          PB003022     545 2653577846_1         -            345   0.00032   11.4   0.0   1   1     4e-05   0.00056   10.6   0.0   199   222   126   149   121   157 0.86 -
T2SSE                PF00437.16   277 2653577847_1         -            368     1e-40  131.6   1.2   1   1   7.5e-42   1.7e-40  130.9   0.9    39   276    38   269     7   270 0.77 Type II/IV secretion system protein
FtsK_SpoIIIE         PF01580.13   205 2653577847_1         -            368   6.9e-06   18.0   0.1   1   2       1.3        31   -3.7   0.0   117   127    57    67    40    78 0.50 FtsK/SpoIIIE family
FtsK_SpoIIIE         PF01580.13   205 2653577847_1         -            368   6.9e-06   18.0   0.1   2   2     7e-07   1.6e-05   16.8   0.0    36    58   119   141    87   142 0.82 FtsK/SpoIIIE family
AAA_10               PF12846.2    328 2653577847_1         -            368     2e-05   16.4   0.1   1   2       1.1        26   -3.8   0.0   223   249    47    73    44    75 0.71 AAA-like domain
AAA_10               PF12846.2    328 2653577847_1         -            368     2e-05   16.4   0.1   2   2   1.8e-06   4.2e-05   15.3   0.0     3    37   123   159   121   173 0.75 AAA-like domain
TrwC                 PF08751.6    297 2653577903_1         -            339   0.00069   11.4   0.0   1   1     1e-05   0.00071   11.4   0.0    79   120   185   247    36   272 0.76 TrwC relaxase
AAA_10               PF12846.2    328 2653577922_1         -            376   0.00028   12.6   0.3   1   1   7.5e-06   0.00053   11.7   0.2     6    35    33    69    30   229 0.61 AAA-like domain
T2SSE                PF00437.16   277 2653577939_1         -            461   5.9e-05   14.4   1.2   1   2   1.2e-06   8.7e-05   13.8   0.0   116   164    86   134    43   158 0.84 Type II/IV secretion system protein
T2SSE                PF00437.16   277 2653577939_1         -            461   5.9e-05   14.4   1.2   2   2      0.12       8.7   -2.6   0.3   242   266   418   442   412   445 0.78 Type II/IV secretion system protein
AAA_10               PF12846.2    328 2653577964_1         -            305     8e-05   14.3   0.6   1   2   4.1e-05    0.0028    9.2   0.1     5    70    34    95    32   153 0.63 AAA-like domain
AAA_10               PF12846.2    328 2653577964_1         -            305     8e-05   14.3   0.6   2   2    0.0033      0.23    3.0   0.0   268   309   176   223   146   225 0.86 AAA-like domain
AAA_10               PF12846.2    328 2653577983_1         -            283   0.00026   12.7   1.5   1   2   4.7e-05    0.0016   10.0   0.3     4    25    33    54    31    72 0.81 AAA-like domain
AAA_10               PF12846.2    328 2653577983_1         -            283   0.00026   12.7   1.5   2   2     0.017      0.58    1.6   0.0   181   285    80   195    72   220 0.59 AAA-like domain
T2SSE                PF00437.16   277 2653577983_1         -            283    0.0006   11.0   0.0   1   1   3.7e-05    0.0013   10.0   0.0   116   157    16    57     4    90 0.78 Type II/IV secretion system protein
Pfam-B_3022          PB003022     545 2653577990_1         -            331   4.9e-06   17.4   0.0   1   1   2.1e-07   7.5e-06   16.8   0.0   199   238    47    86    47    88 0.90 -
AAA_10               PF12846.2    328 2653577990_1         -            331   7.9e-05   14.4   0.1   1   1   3.7e-06   0.00013   13.7   0.0     6    23    49    66    44    86 0.85 AAA-like domain
Replic_Relax         PF13814.1    191 2653578021_1         -            135   0.00014   14.1   0.3   1   2      0.69        48   -3.9   0.0   161   172     6    17     3    20 0.74 Replication-relaxation
Replic_Relax         PF13814.1    191 2653578021_1         -            135   0.00014   14.1   0.3   2   2   3.1e-06   0.00022   13.5   0.1    27    75    61   105    47   123 0.81 Replication-relaxation
TraI_2               PF07514.6    327 2653578069_1         -            716  1.3e-120  394.4   0.1   1   1  2.5e-122  1.8e-120  394.0   0.1     1   325    32   353    32   355 0.97 Putative helicase
AAA_10               PF12846.2    328 2653578070_1         -            606     1e-21   69.9   0.1   1   1     1e-22   1.4e-21   69.4   0.0     2   321   155   527   154   533 0.74 AAA-like domain
TrwB_AAD_bind        PF10412.4    386 2653578070_1         -            606   1.1e-21   69.2   0.0   1   2   1.4e-13     2e-12   38.8   0.0    12   143   151   290   144   343 0.76 Type IV secretion-system coupling protein DNA-binding domain
TrwB_AAD_bind        PF10412.4    386 2653578070_1         -            606   1.1e-21   69.2   0.0   2   2   2.4e-10   3.3e-09   28.1   0.0   241   374   448   586   411   593 0.77 Type IV secretion-system coupling protein DNA-binding domain
TraG-D_C             PF12696.2    128 2653578070_1         -            606     3e-16   51.9   0.0   1   1   4.4e-17   6.1e-16   50.9   0.0     1   127   451   578   451   579 0.84 TraM recognition site of TraD and TraG
FtsK_SpoIIIE         PF01580.13   205 2653578070_1         -            606   2.1e-10   32.8   0.1   1   3   4.9e-10   6.9e-09   27.8   0.0    33    84   147   197   119   211 0.85 FtsK/SpoIIIE family
FtsK_SpoIIIE         PF01580.13   205 2653578070_1         -            606   2.1e-10   32.8   0.1   2   3       1.2        17   -2.9   0.0     9    48   388   428   383   429 0.79 FtsK/SpoIIIE family
FtsK_SpoIIIE         PF01580.13   205 2653578070_1         -            606   2.1e-10   32.8   0.1   3   3     0.048      0.67    1.8   0.0   145   173   455   521   398   533 0.64 FtsK/SpoIIIE family
T4SS-DNA_transf      PF02534.9    469 2653578070_1         -            606   7.8e-08   23.6   0.0   1   2   1.8e-07   2.5e-06   18.6   0.0    44   129   153   246   104   329 0.76 Type IV secretory system Conjugative DNA transfer
T4SS-DNA_transf      PF02534.9    469 2653578070_1         -            606   7.8e-08   23.6   0.0   2   2    0.0095      0.13    3.1   0.0   324   389   470   535   412   583 0.79 Type IV secretory system Conjugative DNA transfer
DUF4400              PF14348.2    204 2653578072_1         -            211   1.6e-27   88.5   1.4   1   1   3.5e-29   2.4e-27   87.9   1.0    13   201    33   209    26   211 0.88 Domain of unknown function (DUF4400)
TraL                 PF07178.6     95 2653578075_1         -             93   7.2e-19   60.1   0.0   1   1   2.2e-20   7.8e-19   60.0   0.0     3    94     4    92     2    93 0.93 TraL protein
DUF3487              PF11990.4    114 2653578075_1         -             93   7.8e-05   14.7   0.0   1   1   2.6e-06   9.2e-05   14.5   0.0    45    91    27    73    18    90 0.77 Protein of unknown function (DUF3487)
TraE                 PF05309.6    187 2653578076_1         -            208   7.7e-19   59.9   0.1   1   1   1.3e-20   9.4e-19   59.7   0.0    22   177    22   175     1   182 0.87 TraE protein
TraK                 PF06586.6    234 2653578077_1         -            298   4.4e-20   64.2   0.0   1   1   7.4e-22   5.2e-20   63.9   0.0    28   234    56   276     9   276 0.83 TraK protein
TrbI                 PF03743.10   187 2653578078_1         -            429   3.3e-42  136.6   0.1   1   1   6.5e-44   4.6e-42  136.2   0.0     1   186   213   416   213   417 0.90 Bacterial conjugation TrbI-like protein
TraV                 PF09676.5    119 2653578079_1         -            190   5.3e-23   74.4   0.1   1   1   2.7e-24   1.9e-22   72.7   0.1     1   119    41   147    41   147 0.80 Type IV conjugative transfer system lipoprotein (TraV)
TrbC                 PF04956.9     99 2653578080_1         -            128   4.7e-08   25.4   4.1   1   2   6.8e-10   4.7e-08   25.4   2.8     5    91     7    91     1    99 0.81 TrbC/VIRB2 family
TrbC                 PF04956.9     99 2653578080_1         -            128   4.7e-08   25.4   4.1   2   2      0.26        19   -2.1   0.0    46    46   110   110    89   126 0.50 TrbC/VIRB2 family
TraF                 PF13728.2    215 2653578083_1         -            230   0.00018   13.4   0.0   1   1   4.3e-06    0.0003   12.7   0.0   125   158   113   146   107   158 0.92 F plasmid transfer operon protein
AAA_10               PF12846.2    328 2653578084_1         -            799   1.4e-59  194.3   0.0   1   1   1.6e-60   2.3e-59  193.6   0.0     1   319   437   713   437   720 0.95 AAA-like domain
TraC_F_IV            PF11130.4    237 2653578084_1         -            799   1.1e-54  177.5   0.2   1   1   1.5e-55   2.1e-54  176.7   0.1     3   237    11   241     9   241 0.97 F pilus assembly Type-IV secretion system for plasmid transfer
TrwB_AAD_bind        PF10412.4    386 2653578084_1         -            799   2.4e-06   18.8   0.0   1   2   0.00081     0.011    6.6   0.0     6    55   428   476   424   582 0.72 Type IV secretion-system coupling protein DNA-binding domain
TrwB_AAD_bind        PF10412.4    386 2653578084_1         -            799   2.4e-06   18.8   0.0   2   2    0.0002    0.0028    8.6   0.0   224   304   620   700   607   716 0.66 Type IV secretion-system coupling protein DNA-binding domain
TraG-D_C             PF12696.2    128 2653578084_1         -            799     1e-05   17.8   0.0   1   1     2e-06   2.8e-05   16.4   0.0    17    76   659   714   641   716 0.82 TraM recognition site of TraD and TraG
FtsK_SpoIIIE         PF01580.13   205 2653578084_1         -            799   0.00033   12.6   0.0   1   1   6.3e-05   0.00088   11.2   0.0    39    92   435   483   407   567 0.85 FtsK/SpoIIIE family
Pfam-B_1474          PB001474     209 2653578087_1         -            374   1.2e-32  105.4   0.1   1   1   7.1e-34   2.5e-32  104.3   0.1    21   207   178   366   167   368 0.86 -
TrbC_Ftype           PF09673.5    113 2653578087_1         -            374   2.9e-25   80.5   0.0   1   3   3.7e-25   1.3e-23   75.2   0.0     1   111    73   189    73   191 0.92 Type-F conjugative transfer system pilin assembly protein
TrbC_Ftype           PF09673.5    113 2653578087_1         -            374   2.9e-25   80.5   0.0   2   3      0.14       4.9   -0.8   0.0    65    79   232   247   213   257 0.84 Type-F conjugative transfer system pilin assembly protein
TrbC_Ftype           PF09673.5    113 2653578087_1         -            374   2.9e-25   80.5   0.0   3   3     0.029         1    1.4   0.0    56    80   331   355   303   373 0.73 Type-F conjugative transfer system pilin assembly protein
TraU                 PF06834.6    280 2653578088_1         -            342   8.1e-72  234.0   0.0   1   1   1.4e-73   9.9e-72  233.7   0.0     7   279    43   339    38   340 0.98 TraU protein
TraN                 PF06986.6    248 2653578089_1         -           1232   3.4e-90  294.1  41.3   1   5   6.6e-10   4.6e-08   25.0   5.8    14    86   373   462   356   490 0.73 Type-1V conjugative transfer system mating pair stabilisation
TraN                 PF06986.6    248 2653578089_1         -           1232   3.4e-90  294.1  41.3   2   5      0.13       8.8   -2.1   0.2    42    66   495   519   474   550 0.72 Type-1V conjugative transfer system mating pair stabilisation
TraN                 PF06986.6    248 2653578089_1         -           1232   3.4e-90  294.1  41.3   3   5     0.034       2.4   -0.2   0.1   161   219   633   689   596   719 0.77 Type-1V conjugative transfer system mating pair stabilisation
TraN                 PF06986.6    248 2653578089_1         -           1232   3.4e-90  294.1  41.3   4   5   2.6e-67   1.8e-65  213.1   8.8    24   248   740  1005   689  1005 0.93 Type-1V conjugative transfer system mating pair stabilisation
TraN                 PF06986.6    248 2653578089_1         -           1232   3.4e-90  294.1  41.3   5   5   1.9e-23   1.3e-21   69.4   0.1   170   247  1072  1148  1060  1149 0.94 Type-1V conjugative transfer system mating pair stabilisation
T2SSE                PF00437.16   277 2653578100_1         -            319   5.5e-05   14.5   0.0   1   1   1.3e-06   9.3e-05   13.7   0.0   104   155    39    88    27   103 0.85 Type II/IV secretion system protein
TraF                 PF13728.2    215 2653578111_1         -            314   6.6e-77  250.2   0.0   1   1   1.3e-78   8.8e-77  249.8   0.0     1   215    41   260    41   260 0.95 F plasmid transfer operon protein
TraH                 PF06122.6    361 2653578112_1         -            462    4e-105  343.9   7.2   1   1  7.3e-107  5.1e-105  343.5   5.0     1   361    28   389    28   389 0.94 Conjugative relaxosome accessory transposon protein
TraG_N               PF07916.7    467 2653578113_1         -           1189  2.6e-105  345.1  21.9   1   5  3.7e-107  2.6e-105  345.1  15.1     1   464     3   456     3   459 0.92 TraG-like protein, N-terminal region
TraG_N               PF07916.7    467 2653578113_1         -           1189  2.6e-105  345.1  21.9   2   5      0.43        30   -4.6   2.6   262   285   504   526   465   566 0.41 TraG-like protein, N-terminal region
TraG_N               PF07916.7    467 2653578113_1         -           1189  2.6e-105  345.1  21.9   3   5         1        70   -8.3   6.2   275   321   830   898   674   919 0.64 TraG-like protein, N-terminal region
TraG_N               PF07916.7    467 2653578113_1         -           1189  2.6e-105  345.1  21.9   4   5      0.23        16   -3.7   3.2   220   268   882   932   864   959 0.76 TraG-like protein, N-terminal region
TraG_N               PF07916.7    467 2653578113_1         -           1189  2.6e-105  345.1  21.9   5   5      0.13       9.1   -2.9   0.1   213   248  1008  1052  1001  1112 0.59 TraG-like protein, N-terminal region
TraL                 PF07178.6     95 2653578114_1         -            143     0.011    8.2   5.7   1   3      0.18        12   -1.6   0.0    31    48    12    29     3    43 0.60 TraL protein
TraL                 PF07178.6     95 2653578114_1         -            143     0.011    8.2   5.7   2   3     0.063       4.4   -0.1   1.3    27    54    52    79    20    90 0.60 TraL protein
TraL                 PF07178.6     95 2653578114_1         -            143     0.011    8.2   5.7   3   3   0.00011    0.0075    8.8   1.2    37    87    89   139    68   143 0.80 TraL protein
AAA_10               PF12846.2    328 2653578159_1         -            555   6.1e-06   18.0   1.7   1   3   0.00088     0.061    4.9   0.0     6    22    37    53    34    64 0.90 AAA-like domain
AAA_10               PF12846.2    328 2653578159_1         -            555   6.1e-06   18.0   1.7   2   3      0.05       3.5   -0.9   0.1   111   174    82   143    68   163 0.56 AAA-like domain
AAA_10               PF12846.2    328 2653578159_1         -            555   6.1e-06   18.0   1.7   3   3   1.2e-05   0.00087   10.9   0.0     4    78   352   432   349   521 0.66 AAA-like domain
AAA_10               PF12846.2    328 2653578170_1         -            857   4.8e-07   21.6   5.9   1   5     0.046       3.2   -0.8   0.0    83   178    81   164    15   188 0.59 AAA-like domain
AAA_10               PF12846.2    328 2653578170_1         -            857   4.8e-07   21.6   5.9   2   5   0.00012    0.0087    7.6   0.0     3    38   201   243   199   253 0.83 AAA-like domain
AAA_10               PF12846.2    328 2653578170_1         -            857   4.8e-07   21.6   5.9   3   5     0.029         2   -0.1   0.0   243   264   270   291   247   295 0.75 AAA-like domain
AAA_10               PF12846.2    328 2653578170_1         -            857   4.8e-07   21.6   5.9   4   5     0.022       1.5    0.3   1.2    82   151   423   520   339   554 0.57 AAA-like domain
AAA_10               PF12846.2    328 2653578170_1         -            857   4.8e-07   21.6   5.9   5   5   1.6e-05    0.0011   10.6   0.0     3    97   600   695   599   799 0.72 AAA-like domain
