Discrepancy Report Results

Summary
DISC_PROTEIN_NAMES:All proteins have same name "hypothetical protein"
FATAL: MISSING_PROTEIN_ID:1 proteins have invalid IDs.
DISC_SOURCE_QUALS_ASNDISC:strain (all present, all unique)
DISC_SOURCE_QUALS_ASNDISC:taxname (all present, all unique)
DISC_FEATURE_COUNT:CDS: 1 present
DISC_COUNT_NUCLEOTIDES:1 nucleotide Bioseqs are present
FEATURE_LOCATION_CONFLICT:1 features have inconsistent gene locations.
DISC_QUALITY_SCORES:Quality scores are missing on all sequences.
ONCALLER_COMMENT_PRESENT:1 comment descriptors were found (all same)
MISSING_GENOMEASSEMBLY_COMMENTS:1 bioseqs are missing GenomeAssembly structured comments
MOLTYPE_NOT_MRNA:1 molecule types are not set as mRNA.
TECHNIQUE_NOT_TSA:1 technique are not set as TSA
MISSING_STRUCTURED_COMMENT:1 sequences do not include structured comments.
MISSING_PROJECT:2 sequences do not include project.
DISC_INCONSISTENT_MOLINFO_TECH:Molinfo Technique Report (some missing, all same)


Detailed Report

DiscRep_ALL:DISC_PROTEIN_NAMES::All proteins have same name "hypothetical protein"

FATAL: DiscRep_ALL:MISSING_PROTEIN_ID::1 proteins have invalid IDs.
../tmp5/prokka_out/GCF_000152425.1.gbff.6:NZ_DS990157.1_1 (length 62)

DiscRep_ALL:DISC_SOURCE_QUALS_ASNDISC::strain (all present, all unique)
DiscRep_SUB:DISC_SOURCE_QUALS_ASNDISC::1 sources have unique values for strain
DiscRep_ALL:DISC_SOURCE_QUALS_ASNDISC::taxname (all present, all unique)
DiscRep_SUB:DISC_SOURCE_QUALS_ASNDISC::1 sources have unique values for taxname
DiscRep_ALL:DISC_FEATURE_COUNT::CDS: 1 present
DiscRep_ALL:DISC_COUNT_NUCLEOTIDES::1 nucleotide Bioseqs are present
../tmp5/prokka_out/GCF_000152425.1.gbff.6:NZ_DS990157.1 (length 712, 1 other)

DiscRep_ALL:FEATURE_LOCATION_CONFLICT::1 features have inconsistent gene locations.
DiscRep_SUB:FEATURE_LOCATION_CONFLICT::Coding region xref gene does not exist
../tmp5/prokka_out/GCF_000152425.1.gbff.6:CDS	hypothetical protein	NZ_DS990157.1:363-551	IKABJGFC_00001

DiscRep_ALL:DISC_QUALITY_SCORES::Quality scores are missing on all sequences.

DiscRep_ALL:ONCALLER_COMMENT_PRESENT::1 comment descriptors were found (all same)
../tmp5/prokka_out/GCF_000152425.1.gbff.6:NZ_DS990157.1:Annotated using prokka 1.14.6 from https://github.com/tseemann/prokka

DiscRep_ALL:MISSING_GENOMEASSEMBLY_COMMENTS::1 bioseqs are missing GenomeAssembly structured comments
../tmp5/prokka_out/GCF_000152425.1.gbff.6:NZ_DS990157.1 (length 712, 1 other)

DiscRep_ALL:MOLTYPE_NOT_MRNA::1 molecule types are not set as mRNA.
../tmp5/prokka_out/GCF_000152425.1.gbff.6:NZ_DS990157.1 (length 712, 1 other)

DiscRep_ALL:TECHNIQUE_NOT_TSA::1 technique are not set as TSA
../tmp5/prokka_out/GCF_000152425.1.gbff.6:NZ_DS990157.1 (length 712, 1 other)

DiscRep_ALL:MISSING_STRUCTURED_COMMENT::1 sequences do not include structured comments.
../tmp5/prokka_out/GCF_000152425.1.gbff.6:NZ_DS990157.1 (length 712, 1 other)

DiscRep_ALL:MISSING_PROJECT::2 sequences do not include project.
../tmp5/prokka_out/GCF_000152425.1.gbff.6:NZ_DS990157.1 (length 712, 1 other)
../tmp5/prokka_out/GCF_000152425.1.gbff.6:NZ_DS990157.1_1 (length 62)

DiscRep_ALL:DISC_INCONSISTENT_MOLINFO_TECH::Molinfo Technique Report (some missing, all same)
DiscRep_SUB:DISC_INCONSISTENT_MOLINFO_TECH::technique (all missing)
DiscRep_SUB:DISC_INCONSISTENT_MOLINFO_TECH::1 Molinfos are missing field technique
../tmp5/prokka_out/GCF_000152425.1.gbff.6:NZ_DS990157.1 (length 712, 1 other)

