[22:12:23] This is prokka 1.14.6
[22:12:23] Written by Torsten Seemann <torsten.seemann@gmail.com>
[22:12:23] Homepage is https://github.com/tseemann/prokka
[22:12:23] Local time is Thu Sep 21 22:12:23 2023
[22:12:23] You are yinxiaole
[22:12:23] Operating system is linux
[22:12:23] You have BioPerl 1.7.7
[22:12:23] System has 64 cores.
[22:12:23] Will use maximum of 20 cores.
[22:12:23] Annotating as >>> Bacteria <<<
[22:12:23] Generating locus_tag from '../tmp5/prokka/GCF_000152425.1.gbff.6.fna' contents.
[22:12:23] Setting --locustag IKABJGFC from MD5 24ab30fc1952eb564d7bb946cc70b83e
[22:12:23] Re-using existing --outdir ../tmp5/prokka_out
[22:12:23] Using filename prefix: GCF_000152425.1.gbff.6.XXX
[22:12:23] Setting HMMER_NCPU=1
[22:12:23] Writing log to: ../tmp5/prokka_out/GCF_000152425.1.gbff.6.log
[22:12:23] Command: /home/envx/miniconda3/bin/prokka --outdir ../tmp5/prokka_out --force --prefix GCF_000152425.1.gbff.6 --cpus 20 ../tmp5/prokka/GCF_000152425.1.gbff.6.fna --quiet
[22:12:23] Appending to PATH: /home/envx/miniconda3/bin
[22:12:23] Looking for 'aragorn' - found /home/envx/miniconda3/bin/aragorn
[22:12:23] Determined aragorn version is 001002 from 'ARAGORN v1.2.38 Dean Laslett'
[22:12:23] Looking for 'barrnap' - found /home/envx/miniconda3/bin/barrnap
[22:12:23] Determined barrnap version is 000009 from 'barrnap 0.9'
[22:12:23] Looking for 'blastp' - found /home/envx/miniconda3/bin/blastp
[22:12:23] Determined blastp version is 002010 from 'blastp: 2.10.0+'
[22:12:23] Looking for 'cmpress' - found /usr/bin/cmpress
[22:12:23] Determined cmpress version is 001001 from '# INFERNAL 1.1.2 (July 2016)'
[22:12:23] Looking for 'cmscan' - found /usr/local/bin/cmscan
[22:12:23] Determined cmscan version is 001001 from '# INFERNAL 1.1.2 (July 2016)'
[22:12:23] Looking for 'egrep' - found /bin/egrep
[22:12:23] Looking for 'find' - found /usr/bin/find
[22:12:23] Looking for 'grep' - found /bin/grep
[22:12:23] Looking for 'hmmpress' - found /usr/bin/hmmpress
[22:12:23] Determined hmmpress version is 003001 from '# HMMER 3.1b2 (February 2015); http://hmmer.org/'
[22:12:23] Looking for 'hmmscan' - found /usr/bin/hmmscan
[22:12:23] Determined hmmscan version is 003001 from '# HMMER 3.1b2 (February 2015); http://hmmer.org/'
[22:12:23] Looking for 'java' - found /usr/bin/java
[22:12:23] Looking for 'makeblastdb' - found /home/envx/miniconda3/bin/makeblastdb
[22:12:23] Determined makeblastdb version is 002010 from 'makeblastdb: 2.10.0+'
[22:12:23] Looking for 'minced' - found /home/envx/miniconda3/bin/minced
[22:12:23] Determined minced version is 004002 from 'minced 0.4.2'
[22:12:23] Looking for 'parallel' - found /usr/local/bin/parallel
[22:12:24] Determined parallel version is 20190722 from 'GNU parallel 20190722'
[22:12:24] Looking for 'prodigal' - found /usr/bin/prodigal
[22:12:24] Determined prodigal version is 002006 from 'Prodigal V2.6.3: February, 2016'
[22:12:24] Looking for 'prokka-genbank_to_fasta_db' - found /home/envx/miniconda3/bin/prokka-genbank_to_fasta_db
[22:12:24] Looking for 'sed' - found /bin/sed
[22:12:24] Looking for 'signalp' - found /usr/local/bin/signalp
[22:12:24] Determined signalp version is 004001 from '4.1 euk predictions'
[22:12:24] Looking for 'tbl2asn' - found /home/envx/miniconda3/bin/tbl2asn
[22:12:24] Determined tbl2asn version is 025007 from 'tbl2asn 25.7   arguments:'
[22:12:24] Using genetic code table 11.
[22:12:24] Loading and checking input file: ../tmp5/prokka/GCF_000152425.1.gbff.6.fna
[22:12:24] Wrote 1 contigs totalling 712 bp.
[22:12:24] Predicting tRNAs and tmRNAs
[22:12:24] Running: aragorn -l -gc11  -w \.\.\/tmp5\/prokka_out\/GCF_000152425\.1\.gbff\.6\.fna
[22:12:24] Found 0 tRNAs
[22:12:24] Predicting Ribosomal RNAs
[22:12:24] Running Barrnap with 20 threads
[22:12:24] Found 0 rRNAs
[22:12:24] Skipping ncRNA search, enable with --rfam if desired.
[22:12:24] Total of 0 tRNA + rRNA features
[22:12:24] Searching for CRISPR repeats
[22:12:24] Found 0 CRISPRs
[22:12:24] Predicting coding sequences
[22:12:24] Contigs total 712 bp, so using meta mode
[22:12:24] Running: prodigal -i \.\.\/tmp5\/prokka_out\/GCF_000152425\.1\.gbff\.6\.fna -c -m -g 11 -p meta -f sco -q
[22:12:24] Found 1 CDS
[22:12:24] Connecting features back to sequences
[22:12:24] Not using genus-specific database. Try --usegenus to enable it.
[22:12:24] Annotating CDS, please be patient.
[22:12:24] Will use 20 CPUs for similarity searching.
[22:12:24] There are still 1 unannotated CDS left (started with 1)
[22:12:24] Will use blast to search against /home/envx/miniconda3/db/kingdom/Bacteria/IS with 20 CPUs
[22:12:24] Running: cat \.\.\/tmp5\/prokka_out\/GCF_000152425\.1\.gbff\.6\.IS\.tmp\.17896\.faa | parallel --gnu --plain -j 20 --block 1 --recstart '>' --pipe blastp -query - -db /home/envx/miniconda3/db/kingdom/Bacteria/IS -evalue 1e-30 -qcov_hsp_perc 90 -num_threads 1 -num_descriptions 1 -num_alignments 1 -seg no > \.\.\/tmp5\/prokka_out\/GCF_000152425\.1\.gbff\.6\.IS\.tmp\.17896\.blast 2> /dev/null
[22:12:24] Deleting unwanted file: ../tmp5/prokka_out/GCF_000152425.1.gbff.6.IS.tmp.17896.faa
[22:12:24] Deleting unwanted file: ../tmp5/prokka_out/GCF_000152425.1.gbff.6.IS.tmp.17896.blast
[22:12:24] There are still 1 unannotated CDS left (started with 1)
[22:12:24] Will use blast to search against /home/envx/miniconda3/db/kingdom/Bacteria/AMR with 20 CPUs
[22:12:24] Running: cat \.\.\/tmp5\/prokka_out\/GCF_000152425\.1\.gbff\.6\.AMR\.tmp\.17896\.faa | parallel --gnu --plain -j 20 --block 1 --recstart '>' --pipe blastp -query - -db /home/envx/miniconda3/db/kingdom/Bacteria/AMR -evalue 9.99999999999999e-301 -qcov_hsp_perc 90 -num_threads 1 -num_descriptions 1 -num_alignments 1 -seg no > \.\.\/tmp5\/prokka_out\/GCF_000152425\.1\.gbff\.6\.AMR\.tmp\.17896\.blast 2> /dev/null
[22:12:25] Deleting unwanted file: ../tmp5/prokka_out/GCF_000152425.1.gbff.6.AMR.tmp.17896.faa
[22:12:25] Deleting unwanted file: ../tmp5/prokka_out/GCF_000152425.1.gbff.6.AMR.tmp.17896.blast
[22:12:25] There are still 1 unannotated CDS left (started with 1)
[22:12:25] Will use blast to search against /home/envx/miniconda3/db/kingdom/Bacteria/sprot with 20 CPUs
[22:12:25] Running: cat \.\.\/tmp5\/prokka_out\/GCF_000152425\.1\.gbff\.6\.sprot\.tmp\.17896\.faa | parallel --gnu --plain -j 20 --block 1 --recstart '>' --pipe blastp -query - -db /home/envx/miniconda3/db/kingdom/Bacteria/sprot -evalue 1e-09 -qcov_hsp_perc 80 -num_threads 1 -num_descriptions 1 -num_alignments 1 -seg no > \.\.\/tmp5\/prokka_out\/GCF_000152425\.1\.gbff\.6\.sprot\.tmp\.17896\.blast 2> /dev/null
[22:12:25] Deleting unwanted file: ../tmp5/prokka_out/GCF_000152425.1.gbff.6.sprot.tmp.17896.faa
[22:12:25] Deleting unwanted file: ../tmp5/prokka_out/GCF_000152425.1.gbff.6.sprot.tmp.17896.blast
[22:12:25] There are still 1 unannotated CDS left (started with 1)
[22:12:25] Will use hmmer3 to search against /home/envx/miniconda3/db/hmm/HAMAP.hmm with 20 CPUs
[22:12:25] Running: cat \.\.\/tmp5\/prokka_out\/GCF_000152425\.1\.gbff\.6\.HAMAP\.hmm\.tmp\.17896\.faa | parallel --gnu --plain -j 20 --block 1 --recstart '>' --pipe hmmscan --noali --notextw --acc -E 1e-09 --cpu 1 /home/envx/miniconda3/db/hmm/HAMAP.hmm /dev/stdin > \.\.\/tmp5\/prokka_out\/GCF_000152425\.1\.gbff\.6\.HAMAP\.hmm\.tmp\.17896\.hmmer3 2> /dev/null
[22:12:25] Deleting unwanted file: ../tmp5/prokka_out/GCF_000152425.1.gbff.6.HAMAP.hmm.tmp.17896.faa
[22:12:25] Deleting unwanted file: ../tmp5/prokka_out/GCF_000152425.1.gbff.6.HAMAP.hmm.tmp.17896.hmmer3
[22:12:25] Labelling remaining 1 proteins as 'hypothetical protein'
[22:12:25] Found 0 unique /gene codes.
[22:12:25] Fixed 0 colliding /gene names.
[22:12:25] Adding /locus_tag identifiers
[22:12:25] Assigned 1 locus_tags to CDS and RNA features.
[22:12:25] Writing outputs to ../tmp5/prokka_out/
[22:12:25] Generating annotation statistics file
[22:12:25] Generating Genbank and Sequin files
[22:12:25] Running: tbl2asn -V b -a r10k -l paired-ends -M n -N 1 -y 'Annotated using prokka 1.14.6 from https://github.com/tseemann/prokka' -Z \.\.\/tmp5\/prokka_out\/GCF_000152425\.1\.gbff\.6\.err -i \.\.\/tmp5\/prokka_out\/GCF_000152425\.1\.gbff\.6\.fsa 2> /dev/null
[22:12:25] Deleting unwanted file: ../tmp5/prokka_out/errorsummary.val
[22:12:25] Deleting unwanted file: ../tmp5/prokka_out/GCF_000152425.1.gbff.6.dr
[22:12:25] Deleting unwanted file: ../tmp5/prokka_out/GCF_000152425.1.gbff.6.fixedproducts
[22:12:25] Deleting unwanted file: ../tmp5/prokka_out/GCF_000152425.1.gbff.6.ecn
[22:12:25] Deleting unwanted file: ../tmp5/prokka_out/GCF_000152425.1.gbff.6.val
[22:12:25] Repairing broken .GBK output that tbl2asn produces...
[22:12:25] Running: sed 's/COORDINATES: profile/COORDINATES:profile/' < \.\.\/tmp5\/prokka_out\/GCF_000152425\.1\.gbff\.6\.gbf > \.\.\/tmp5\/prokka_out\/GCF_000152425\.1\.gbff\.6\.gbk
[22:12:25] Deleting unwanted file: ../tmp5/prokka_out/GCF_000152425.1.gbff.6.gbf
[22:12:25] Output files:
[22:12:25] ../tmp5/prokka_out/GCF_000152425.1.gbff.6.sqn
[22:12:25] ../tmp5/prokka_out/GCF_000152425.1.gbff.6.err
[22:12:25] ../tmp5/prokka_out/GCF_000152425.1.gbff.6.gff
[22:12:25] ../tmp5/prokka_out/GCF_000152425.1.gbff.6.log
[22:12:25] ../tmp5/prokka_out/GCF_000152425.1.gbff.6.faa
[22:12:25] ../tmp5/prokka_out/GCF_000152425.1.gbff.6.gbk
[22:12:25] ../tmp5/prokka_out/GCF_000152425.1.gbff.6.tsv
[22:12:25] ../tmp5/prokka_out/GCF_000152425.1.gbff.6.fsa
[22:12:25] ../tmp5/prokka_out/GCF_000152425.1.gbff.6.tbl
[22:12:25] ../tmp5/prokka_out/GCF_000152425.1.gbff.6.fna
[22:12:25] ../tmp5/prokka_out/GCF_000152425.1.gbff.6.ffn
[22:12:25] ../tmp5/prokka_out/GCF_000152425.1.gbff.6.txt
[22:12:25] Annotation finished successfully.
[22:12:25] Walltime used: 0.03 minutes
[22:12:25] If you use this result please cite the Prokka paper:
[22:12:25] Seemann T (2014) Prokka: rapid prokaryotic genome annotation. Bioinformatics. 30(14):2068-9.
[22:12:25] Type 'prokka --citation' for more details.
[22:12:25] Thank you, come again.
