[22:12:26] This is prokka 1.14.6
[22:12:26] Written by Torsten Seemann <torsten.seemann@gmail.com>
[22:12:26] Homepage is https://github.com/tseemann/prokka
[22:12:26] Local time is Thu Sep 21 22:12:26 2023
[22:12:26] You are yinxiaole
[22:12:26] Operating system is linux
[22:12:26] You have BioPerl 1.7.7
[22:12:26] System has 64 cores.
[22:12:26] Will use maximum of 20 cores.
[22:12:26] Annotating as >>> Bacteria <<<
[22:12:26] Generating locus_tag from '../tmp5/prokka/GCF_000152425.1.gbff.1.fna' contents.
[22:12:26] Setting --locustag CMHOIPFJ from MD5 c61829f3603b902c7f7fc6c73a3ae3f9
[22:12:26] Re-using existing --outdir ../tmp5/prokka_out
[22:12:26] Using filename prefix: GCF_000152425.1.gbff.1.XXX
[22:12:26] Setting HMMER_NCPU=1
[22:12:26] Writing log to: ../tmp5/prokka_out/GCF_000152425.1.gbff.1.log
[22:12:26] Command: /home/envx/miniconda3/bin/prokka --outdir ../tmp5/prokka_out --force --prefix GCF_000152425.1.gbff.1 --cpus 20 ../tmp5/prokka/GCF_000152425.1.gbff.1.fna --quiet
[22:12:26] Appending to PATH: /home/envx/miniconda3/bin
[22:12:26] Looking for 'aragorn' - found /home/envx/miniconda3/bin/aragorn
[22:12:26] Determined aragorn version is 001002 from 'ARAGORN v1.2.38 Dean Laslett'
[22:12:26] Looking for 'barrnap' - found /home/envx/miniconda3/bin/barrnap
[22:12:26] Determined barrnap version is 000009 from 'barrnap 0.9'
[22:12:26] Looking for 'blastp' - found /home/envx/miniconda3/bin/blastp
[22:12:26] Determined blastp version is 002010 from 'blastp: 2.10.0+'
[22:12:26] Looking for 'cmpress' - found /usr/bin/cmpress
[22:12:26] Determined cmpress version is 001001 from '# INFERNAL 1.1.2 (July 2016)'
[22:12:26] Looking for 'cmscan' - found /usr/local/bin/cmscan
[22:12:26] Determined cmscan version is 001001 from '# INFERNAL 1.1.2 (July 2016)'
[22:12:26] Looking for 'egrep' - found /bin/egrep
[22:12:26] Looking for 'find' - found /usr/bin/find
[22:12:26] Looking for 'grep' - found /bin/grep
[22:12:26] Looking for 'hmmpress' - found /usr/bin/hmmpress
[22:12:26] Determined hmmpress version is 003001 from '# HMMER 3.1b2 (February 2015); http://hmmer.org/'
[22:12:26] Looking for 'hmmscan' - found /usr/bin/hmmscan
[22:12:26] Determined hmmscan version is 003001 from '# HMMER 3.1b2 (February 2015); http://hmmer.org/'
[22:12:26] Looking for 'java' - found /usr/bin/java
[22:12:26] Looking for 'makeblastdb' - found /home/envx/miniconda3/bin/makeblastdb
[22:12:26] Determined makeblastdb version is 002010 from 'makeblastdb: 2.10.0+'
[22:12:26] Looking for 'minced' - found /home/envx/miniconda3/bin/minced
[22:12:26] Determined minced version is 004002 from 'minced 0.4.2'
[22:12:26] Looking for 'parallel' - found /usr/local/bin/parallel
[22:12:26] Determined parallel version is 20190722 from 'GNU parallel 20190722'
[22:12:26] Looking for 'prodigal' - found /usr/bin/prodigal
[22:12:26] Determined prodigal version is 002006 from 'Prodigal V2.6.3: February, 2016'
[22:12:26] Looking for 'prokka-genbank_to_fasta_db' - found /home/envx/miniconda3/bin/prokka-genbank_to_fasta_db
[22:12:26] Looking for 'sed' - found /bin/sed
[22:12:26] Looking for 'signalp' - found /usr/local/bin/signalp
[22:12:26] Determined signalp version is 004001 from '4.1 euk predictions'
[22:12:26] Looking for 'tbl2asn' - found /home/envx/miniconda3/bin/tbl2asn
[22:12:26] Determined tbl2asn version is 025007 from 'tbl2asn 25.7   arguments:'
[22:12:26] Using genetic code table 11.
[22:12:26] Loading and checking input file: ../tmp5/prokka/GCF_000152425.1.gbff.1.fna
[22:12:26] Wrote 1 contigs totalling 517 bp.
[22:12:26] Predicting tRNAs and tmRNAs
[22:12:26] Running: aragorn -l -gc11  -w \.\.\/tmp5\/prokka_out\/GCF_000152425\.1\.gbff\.1\.fna
[22:12:26] Found 0 tRNAs
[22:12:26] Predicting Ribosomal RNAs
[22:12:26] Running Barrnap with 20 threads
[22:12:26] Found 0 rRNAs
[22:12:26] Skipping ncRNA search, enable with --rfam if desired.
[22:12:26] Total of 0 tRNA + rRNA features
[22:12:26] Searching for CRISPR repeats
[22:12:26] Found 0 CRISPRs
[22:12:26] Predicting coding sequences
[22:12:26] Contigs total 517 bp, so using meta mode
[22:12:26] Running: prodigal -i \.\.\/tmp5\/prokka_out\/GCF_000152425\.1\.gbff\.1\.fna -c -m -g 11 -p meta -f sco -q
[22:12:26] Found 0 CDS
[22:12:26] Connecting features back to sequences
[22:12:26] Not using genus-specific database. Try --usegenus to enable it.
[22:12:26] Annotating CDS, please be patient.
[22:12:26] Will use 20 CPUs for similarity searching.
[22:12:26] Found 0 unique /gene codes.
[22:12:26] Fixed 0 colliding /gene names.
[22:12:26] Adding /locus_tag identifiers
[22:12:26] Assigned 0 locus_tags to CDS and RNA features.
[22:12:26] Writing outputs to ../tmp5/prokka_out/
[22:12:26] Generating annotation statistics file
[22:12:26] Generating Genbank and Sequin files
[22:12:26] Running: tbl2asn -V b -a r10k -l paired-ends -M n -N 1 -y 'Annotated using prokka 1.14.6 from https://github.com/tseemann/prokka' -Z \.\.\/tmp5\/prokka_out\/GCF_000152425\.1\.gbff\.1\.err -i \.\.\/tmp5\/prokka_out\/GCF_000152425\.1\.gbff\.1\.fsa 2> /dev/null
[22:12:27] Deleting unwanted file: ../tmp5/prokka_out/errorsummary.val
[22:12:27] Deleting unwanted file: ../tmp5/prokka_out/GCF_000152425.1.gbff.1.dr
[22:12:27] Deleting unwanted file: ../tmp5/prokka_out/GCF_000152425.1.gbff.1.fixedproducts
[22:12:27] Deleting unwanted file: ../tmp5/prokka_out/GCF_000152425.1.gbff.1.ecn
[22:12:27] Deleting unwanted file: ../tmp5/prokka_out/GCF_000152425.1.gbff.1.val
[22:12:27] Repairing broken .GBK output that tbl2asn produces...
[22:12:27] Running: sed 's/COORDINATES: profile/COORDINATES:profile/' < \.\.\/tmp5\/prokka_out\/GCF_000152425\.1\.gbff\.1\.gbf > \.\.\/tmp5\/prokka_out\/GCF_000152425\.1\.gbff\.1\.gbk
[22:12:27] Deleting unwanted file: ../tmp5/prokka_out/GCF_000152425.1.gbff.1.gbf
[22:12:27] Output files:
[22:12:27] ../tmp5/prokka_out/GCF_000152425.1.gbff.1.faa
[22:12:27] ../tmp5/prokka_out/GCF_000152425.1.gbff.1.tbl
[22:12:27] ../tmp5/prokka_out/GCF_000152425.1.gbff.1.err
[22:12:27] ../tmp5/prokka_out/GCF_000152425.1.gbff.1.ffn
[22:12:27] ../tmp5/prokka_out/GCF_000152425.1.gbff.1.sprot.tmp.18502.faa
[22:12:27] ../tmp5/prokka_out/GCF_000152425.1.gbff.1.gff
[22:12:27] ../tmp5/prokka_out/GCF_000152425.1.gbff.1.IS.tmp.18502.faa
[22:12:27] ../tmp5/prokka_out/GCF_000152425.1.gbff.1.HAMAP.hmm.tmp.18502.faa
[22:12:27] ../tmp5/prokka_out/GCF_000152425.1.gbff.1.gbk
[22:12:27] ../tmp5/prokka_out/GCF_000152425.1.gbff.1.log
[22:12:27] ../tmp5/prokka_out/GCF_000152425.1.gbff.1.tsv
[22:12:27] ../tmp5/prokka_out/GCF_000152425.1.gbff.1.AMR.tmp.18502.faa
[22:12:27] ../tmp5/prokka_out/GCF_000152425.1.gbff.1.txt
[22:12:27] ../tmp5/prokka_out/GCF_000152425.1.gbff.1.sqn
[22:12:27] ../tmp5/prokka_out/GCF_000152425.1.gbff.1.fsa
[22:12:27] ../tmp5/prokka_out/GCF_000152425.1.gbff.1.fna
[22:12:27] Annotation finished successfully.
[22:12:27] Walltime used: 0.02 minutes
[22:12:27] If you use this result please cite the Prokka paper:
[22:12:27] Seemann T (2014) Prokka: rapid prokaryotic genome annotation. Bioinformatics. 30(14):2068-9.
[22:12:27] Type 'prokka --citation' for more details.
[22:12:27] Share and enjoy!
