[22:12:28] This is prokka 1.14.6
[22:12:28] Written by Torsten Seemann <torsten.seemann@gmail.com>
[22:12:28] Homepage is https://github.com/tseemann/prokka
[22:12:28] Local time is Thu Sep 21 22:12:28 2023
[22:12:28] You are yinxiaole
[22:12:28] Operating system is linux
[22:12:28] You have BioPerl 1.7.7
[22:12:28] System has 64 cores.
[22:12:28] Will use maximum of 20 cores.
[22:12:28] Annotating as >>> Bacteria <<<
[22:12:28] Generating locus_tag from '../tmp5/prokka/GCF_000152425.1.gbff.17.fna' contents.
[22:12:28] Setting --locustag MJIBAIKG from MD5 632ba240432d97dbab0b981559495e79
[22:12:28] Re-using existing --outdir ../tmp5/prokka_out
[22:12:28] Using filename prefix: GCF_000152425.1.gbff.17.XXX
[22:12:28] Setting HMMER_NCPU=1
[22:12:28] Writing log to: ../tmp5/prokka_out/GCF_000152425.1.gbff.17.log
[22:12:28] Command: /home/envx/miniconda3/bin/prokka --outdir ../tmp5/prokka_out --force --prefix GCF_000152425.1.gbff.17 --cpus 20 ../tmp5/prokka/GCF_000152425.1.gbff.17.fna --quiet
[22:12:28] Appending to PATH: /home/envx/miniconda3/bin
[22:12:28] Looking for 'aragorn' - found /home/envx/miniconda3/bin/aragorn
[22:12:28] Determined aragorn version is 001002 from 'ARAGORN v1.2.38 Dean Laslett'
[22:12:28] Looking for 'barrnap' - found /home/envx/miniconda3/bin/barrnap
[22:12:28] Determined barrnap version is 000009 from 'barrnap 0.9'
[22:12:28] Looking for 'blastp' - found /home/envx/miniconda3/bin/blastp
[22:12:28] Determined blastp version is 002010 from 'blastp: 2.10.0+'
[22:12:28] Looking for 'cmpress' - found /usr/bin/cmpress
[22:12:28] Determined cmpress version is 001001 from '# INFERNAL 1.1.2 (July 2016)'
[22:12:28] Looking for 'cmscan' - found /usr/local/bin/cmscan
[22:12:28] Determined cmscan version is 001001 from '# INFERNAL 1.1.2 (July 2016)'
[22:12:28] Looking for 'egrep' - found /bin/egrep
[22:12:28] Looking for 'find' - found /usr/bin/find
[22:12:28] Looking for 'grep' - found /bin/grep
[22:12:28] Looking for 'hmmpress' - found /usr/bin/hmmpress
[22:12:28] Determined hmmpress version is 003001 from '# HMMER 3.1b2 (February 2015); http://hmmer.org/'
[22:12:28] Looking for 'hmmscan' - found /usr/bin/hmmscan
[22:12:28] Determined hmmscan version is 003001 from '# HMMER 3.1b2 (February 2015); http://hmmer.org/'
[22:12:28] Looking for 'java' - found /usr/bin/java
[22:12:28] Looking for 'makeblastdb' - found /home/envx/miniconda3/bin/makeblastdb
[22:12:28] Determined makeblastdb version is 002010 from 'makeblastdb: 2.10.0+'
[22:12:28] Looking for 'minced' - found /home/envx/miniconda3/bin/minced
[22:12:29] Determined minced version is 004002 from 'minced 0.4.2'
[22:12:29] Looking for 'parallel' - found /usr/local/bin/parallel
[22:12:29] Determined parallel version is 20190722 from 'GNU parallel 20190722'
[22:12:29] Looking for 'prodigal' - found /usr/bin/prodigal
[22:12:29] Determined prodigal version is 002006 from 'Prodigal V2.6.3: February, 2016'
[22:12:29] Looking for 'prokka-genbank_to_fasta_db' - found /home/envx/miniconda3/bin/prokka-genbank_to_fasta_db
[22:12:29] Looking for 'sed' - found /bin/sed
[22:12:29] Looking for 'signalp' - found /usr/local/bin/signalp
[22:12:29] Determined signalp version is 004001 from '4.1 euk predictions'
[22:12:29] Looking for 'tbl2asn' - found /home/envx/miniconda3/bin/tbl2asn
[22:12:29] Determined tbl2asn version is 025007 from 'tbl2asn 25.7   arguments:'
[22:12:29] Using genetic code table 11.
[22:12:29] Loading and checking input file: ../tmp5/prokka/GCF_000152425.1.gbff.17.fna
[22:12:29] Wrote 1 contigs totalling 1449 bp.
[22:12:29] Predicting tRNAs and tmRNAs
[22:12:29] Running: aragorn -l -gc11  -w \.\.\/tmp5\/prokka_out\/GCF_000152425\.1\.gbff\.17\.fna
[22:12:29] Found 0 tRNAs
[22:12:29] Predicting Ribosomal RNAs
[22:12:29] Running Barrnap with 20 threads
[22:12:29] Found 0 rRNAs
[22:12:29] Skipping ncRNA search, enable with --rfam if desired.
[22:12:29] Total of 0 tRNA + rRNA features
[22:12:29] Searching for CRISPR repeats
[22:12:29] Found 0 CRISPRs
[22:12:29] Predicting coding sequences
[22:12:29] Contigs total 1449 bp, so using meta mode
[22:12:29] Running: prodigal -i \.\.\/tmp5\/prokka_out\/GCF_000152425\.1\.gbff\.17\.fna -c -m -g 11 -p meta -f sco -q
[22:12:29] Found 1 CDS
[22:12:29] Connecting features back to sequences
[22:12:29] Not using genus-specific database. Try --usegenus to enable it.
[22:12:29] Annotating CDS, please be patient.
[22:12:29] Will use 20 CPUs for similarity searching.
[22:12:29] There are still 1 unannotated CDS left (started with 1)
[22:12:29] Will use blast to search against /home/envx/miniconda3/db/kingdom/Bacteria/IS with 20 CPUs
[22:12:29] Running: cat \.\.\/tmp5\/prokka_out\/GCF_000152425\.1\.gbff\.17\.IS\.tmp\.18991\.faa | parallel --gnu --plain -j 20 --block 4 --recstart '>' --pipe blastp -query - -db /home/envx/miniconda3/db/kingdom/Bacteria/IS -evalue 1e-30 -qcov_hsp_perc 90 -num_threads 1 -num_descriptions 1 -num_alignments 1 -seg no > \.\.\/tmp5\/prokka_out\/GCF_000152425\.1\.gbff\.17\.IS\.tmp\.18991\.blast 2> /dev/null
[22:12:30] Deleting unwanted file: ../tmp5/prokka_out/GCF_000152425.1.gbff.17.IS.tmp.18991.faa
[22:12:30] Deleting unwanted file: ../tmp5/prokka_out/GCF_000152425.1.gbff.17.IS.tmp.18991.blast
[22:12:30] There are still 1 unannotated CDS left (started with 1)
[22:12:30] Will use blast to search against /home/envx/miniconda3/db/kingdom/Bacteria/AMR with 20 CPUs
[22:12:30] Running: cat \.\.\/tmp5\/prokka_out\/GCF_000152425\.1\.gbff\.17\.AMR\.tmp\.18991\.faa | parallel --gnu --plain -j 20 --block 4 --recstart '>' --pipe blastp -query - -db /home/envx/miniconda3/db/kingdom/Bacteria/AMR -evalue 9.99999999999999e-301 -qcov_hsp_perc 90 -num_threads 1 -num_descriptions 1 -num_alignments 1 -seg no > \.\.\/tmp5\/prokka_out\/GCF_000152425\.1\.gbff\.17\.AMR\.tmp\.18991\.blast 2> /dev/null
[22:12:30] Deleting unwanted file: ../tmp5/prokka_out/GCF_000152425.1.gbff.17.AMR.tmp.18991.faa
[22:12:30] Deleting unwanted file: ../tmp5/prokka_out/GCF_000152425.1.gbff.17.AMR.tmp.18991.blast
[22:12:30] There are still 1 unannotated CDS left (started with 1)
[22:12:30] Will use blast to search against /home/envx/miniconda3/db/kingdom/Bacteria/sprot with 20 CPUs
[22:12:30] Running: cat \.\.\/tmp5\/prokka_out\/GCF_000152425\.1\.gbff\.17\.sprot\.tmp\.18991\.faa | parallel --gnu --plain -j 20 --block 4 --recstart '>' --pipe blastp -query - -db /home/envx/miniconda3/db/kingdom/Bacteria/sprot -evalue 1e-09 -qcov_hsp_perc 80 -num_threads 1 -num_descriptions 1 -num_alignments 1 -seg no > \.\.\/tmp5\/prokka_out\/GCF_000152425\.1\.gbff\.17\.sprot\.tmp\.18991\.blast 2> /dev/null
[22:12:30] Deleting unwanted file: ../tmp5/prokka_out/GCF_000152425.1.gbff.17.sprot.tmp.18991.faa
[22:12:30] Deleting unwanted file: ../tmp5/prokka_out/GCF_000152425.1.gbff.17.sprot.tmp.18991.blast
[22:12:30] There are still 1 unannotated CDS left (started with 1)
[22:12:30] Will use hmmer3 to search against /home/envx/miniconda3/db/hmm/HAMAP.hmm with 20 CPUs
[22:12:30] Running: cat \.\.\/tmp5\/prokka_out\/GCF_000152425\.1\.gbff\.17\.HAMAP\.hmm\.tmp\.18991\.faa | parallel --gnu --plain -j 20 --block 4 --recstart '>' --pipe hmmscan --noali --notextw --acc -E 1e-09 --cpu 1 /home/envx/miniconda3/db/hmm/HAMAP.hmm /dev/stdin > \.\.\/tmp5\/prokka_out\/GCF_000152425\.1\.gbff\.17\.HAMAP\.hmm\.tmp\.18991\.hmmer3 2> /dev/null
[22:12:30] Deleting unwanted file: ../tmp5/prokka_out/GCF_000152425.1.gbff.17.HAMAP.hmm.tmp.18991.faa
[22:12:30] Deleting unwanted file: ../tmp5/prokka_out/GCF_000152425.1.gbff.17.HAMAP.hmm.tmp.18991.hmmer3
[22:12:30] Labelling remaining 1 proteins as 'hypothetical protein'
[22:12:30] Found 0 unique /gene codes.
[22:12:30] Fixed 0 colliding /gene names.
[22:12:30] Adding /locus_tag identifiers
[22:12:30] Assigned 1 locus_tags to CDS and RNA features.
[22:12:30] Writing outputs to ../tmp5/prokka_out/
[22:12:30] Generating annotation statistics file
[22:12:30] Generating Genbank and Sequin files
[22:12:30] Running: tbl2asn -V b -a r10k -l paired-ends -M n -N 1 -y 'Annotated using prokka 1.14.6 from https://github.com/tseemann/prokka' -Z \.\.\/tmp5\/prokka_out\/GCF_000152425\.1\.gbff\.17\.err -i \.\.\/tmp5\/prokka_out\/GCF_000152425\.1\.gbff\.17\.fsa 2> /dev/null
[22:12:31] Deleting unwanted file: ../tmp5/prokka_out/errorsummary.val
[22:12:31] Deleting unwanted file: ../tmp5/prokka_out/GCF_000152425.1.gbff.17.dr
[22:12:31] Deleting unwanted file: ../tmp5/prokka_out/GCF_000152425.1.gbff.17.fixedproducts
[22:12:31] Deleting unwanted file: ../tmp5/prokka_out/GCF_000152425.1.gbff.17.ecn
[22:12:31] Deleting unwanted file: ../tmp5/prokka_out/GCF_000152425.1.gbff.17.val
[22:12:31] Repairing broken .GBK output that tbl2asn produces...
[22:12:31] Running: sed 's/COORDINATES: profile/COORDINATES:profile/' < \.\.\/tmp5\/prokka_out\/GCF_000152425\.1\.gbff\.17\.gbf > \.\.\/tmp5\/prokka_out\/GCF_000152425\.1\.gbff\.17\.gbk
[22:12:31] Deleting unwanted file: ../tmp5/prokka_out/GCF_000152425.1.gbff.17.gbf
[22:12:31] Output files:
[22:12:31] ../tmp5/prokka_out/GCF_000152425.1.gbff.17.faa
[22:12:31] ../tmp5/prokka_out/GCF_000152425.1.gbff.17.tsv
[22:12:31] ../tmp5/prokka_out/GCF_000152425.1.gbff.17.log
[22:12:31] ../tmp5/prokka_out/GCF_000152425.1.gbff.17.fna
[22:12:31] ../tmp5/prokka_out/GCF_000152425.1.gbff.17.gff
[22:12:31] ../tmp5/prokka_out/GCF_000152425.1.gbff.17.txt
[22:12:31] ../tmp5/prokka_out/GCF_000152425.1.gbff.17.ffn
[22:12:31] ../tmp5/prokka_out/GCF_000152425.1.gbff.17.sqn
[22:12:31] ../tmp5/prokka_out/GCF_000152425.1.gbff.17.tbl
[22:12:31] ../tmp5/prokka_out/GCF_000152425.1.gbff.17.fsa
[22:12:31] ../tmp5/prokka_out/GCF_000152425.1.gbff.17.err
[22:12:31] ../tmp5/prokka_out/GCF_000152425.1.gbff.17.gbk
[22:12:31] Annotation finished successfully.
[22:12:31] Walltime used: 0.05 minutes
[22:12:31] If you use this result please cite the Prokka paper:
[22:12:31] Seemann T (2014) Prokka: rapid prokaryotic genome annotation. Bioinformatics. 30(14):2068-9.
[22:12:31] Type 'prokka --citation' for more details.
[22:12:31] Share and enjoy!
