#                                                                            --- full sequence --- -------------- this domain -------------   hmm coord   ali coord   env coord
# target name        accession   tlen query name           accession   qlen   E-value  score  bias   #  of  c-Evalue  i-Evalue  score  bias  from    to  from    to  from    to  acc description of target
#------------------- ---------- ----- -------------------- ---------- ----- --------- ------ ----- --- --- --------- --------- ------ ----- ----- ----- ----- ----- ----- ----- ---- ---------------------
rve                  PF00665.21   120 9444926779_1         -            325   2.1e-24   75.4   0.0   1   1   4.6e-25   3.7e-24   74.5   0.0     2   119   130   240   129   241 0.90 Integrase core domain
Phage_integrase      PF00589.17   173 9444926808_1         -            422   4.7e-31   97.1   0.0   1   1   1.1e-31   8.7e-31   96.2   0.0     2   171   213   378   212   380 0.92 Phage integrase family
TIGR02249            TIGR02249    315 9444927626_1         -            220   4.7e-05   11.8   0.7   1   2   1.3e-05    0.0001   10.7   0.0    17    99    11    95     2   103 0.78 integrase_gron: integron integrase
TIGR02249            TIGR02249    315 9444927626_1         -            220   4.7e-05   11.8   0.7   2   2     0.049       0.4   -1.1   0.1    48    79   141   174   111   184 0.66 integrase_gron: integron integrase
Phage_integrase      PF00589.17   173 9444927657_1         -            411   7.2e-30   93.2   0.3   1   1   1.7e-30   1.4e-29   92.3   0.2     1   171   209   375   209   377 0.90 Phage integrase family
Phage_integrase      PF00589.17   173 9444927658_1         -            151   1.6e-16   49.8   0.0   1   1   2.4e-17   1.9e-16   49.5   0.0    62   171     1   105     1   107 0.87 Phage integrase family
rve                  PF00665.21   120 9444927669_1         -            585   1.1e-16   50.4   0.0   1   1   2.8e-17   2.2e-16   49.4   0.0     5   120   145   292   141   292 0.88 Integrase core domain
Phage_integrase      PF00589.17   173 9444928074_1         -            345   6.5e-29   90.1   0.0   1   1   5.4e-29   1.1e-28   89.4   0.0    23   172   201   332   172   333 0.84 Phage integrase family
TIGR02224            TIGR02224    295 9444928074_1         -            345   1.3e-23   72.8   0.5   1   1   1.6e-23   3.3e-23   71.4   0.3    75   285   142   337    76   340 0.77 recomb_XerC: tyrosine recombinase XerC
TIGR02225            TIGR02225    290 9444928074_1         -            345     1e-21   66.5   2.6   1   1   5.3e-20   1.1e-19   59.8   1.8    75   283   145   338   106   341 0.79 recomb_XerD: tyrosine recombinase XerD
TIGR02249            TIGR02249    315 9444928074_1         -            345   4.7e-16   48.0   1.5   1   2   3.4e-06   6.9e-06   14.5   0.0   116   186   199   267   117   289 0.81 integrase_gron: integron integrase
TIGR02249            TIGR02249    315 9444928074_1         -            345   4.7e-16   48.0   1.5   2   2   1.3e-11   2.7e-11   32.3   0.8   259   301   288   330   271   344 0.85 integrase_gron: integron integrase
TIGR02225            TIGR02225    290 9444928289_1         -            302    1e-119  388.1   0.3   1   1  5.8e-120  1.2e-119  387.9   0.2     1   290    13   302    13   302 0.98 recomb_XerD: tyrosine recombinase XerD
TIGR02224            TIGR02224    295 9444928289_1         -            302   1.9e-93  302.0   0.7   1   1   1.1e-93   2.1e-93  301.8   0.5     1   293    13   302    13   302 0.96 recomb_XerC: tyrosine recombinase XerC
Phage_integrase      PF00589.17   173 9444928289_1         -            302   1.3e-54  173.8   0.1   1   1     1e-54   2.1e-54  173.1   0.0     3   172   117   289   115   290 0.98 Phage integrase family
TIGR02249            TIGR02249    315 9444928289_1         -            302   4.4e-38  120.3   3.2   1   2   1.4e-16   2.8e-16   48.7   0.0    11   184    22   204    11   216 0.82 integrase_gron: integron integrase
TIGR02249            TIGR02249    315 9444928289_1         -            302   4.4e-38  120.3   3.2   2   2   2.4e-23   4.8e-23   70.9   1.5   237   303   222   289   215   295 0.88 integrase_gron: integron integrase
