# args=-l 15 /home/yinxiaole/ICEcream_conda/ICEcream/ICEcream_conda_chenxi/../tmp5/GCF_900474925.1.gbff.1/candidate/candidate_region_2.fna
   15    0  32615   D    15    0  64916   0    3.94e+00     30   100.00
   15    0 109677   D    15    0 116862   0    3.94e+00     30   100.00
   15    0  40492   D    15    0 115146   0    3.94e+00     30   100.00
   15    0  36671   D    15    0  38544   0    3.94e+00     30   100.00
   15    0  65913   D    15    0  80898   0    3.94e+00     30   100.00
   15    0  68940   D    15    0  88693   0    3.94e+00     30   100.00
   15    0  69929   D    15    0  81801   0    3.94e+00     30   100.00
   16    0  83840   D    16    0  93322   0    9.86e-01     32   100.00
   15    0  17074   D    15    0  47894   0    3.94e+00     30   100.00
   15    0  75678   D    15    0  76727   0    3.94e+00     30   100.00
   15    0  48317   D    15    0 101793   0    3.94e+00     30   100.00
   15    0  31328   D    15    0  45616   0    3.94e+00     30   100.00
   15    0  14652   D    15    0  35619   0    3.94e+00     30   100.00
   15    0  78740   D    15    0  84493   0    3.94e+00     30   100.00
   16    0  19070   D    16    0  19538   0    9.86e-01     32   100.00
   17    0  88938   D    17    0  99371   0    2.46e-01     34   100.00
   16    0  31900   D    16    0  90590   0    9.86e-01     32   100.00
   15    0  25973   D    15    0 113386   0    3.94e+00     30   100.00
   15    0  16048   D    15    0 121154   0    3.94e+00     30   100.00
   16    0  32115   D    16    0  47396   0    9.86e-01     32   100.00
   15    0  20541   D    15    0  43677   0    3.94e+00     30   100.00
   15    0  90195   D    15    0 119576   0    3.94e+00     30   100.00
   15    0  33718   D    15    0  97270   0    3.94e+00     30   100.00
   15    0  41570   D    15    0  70625   0    3.94e+00     30   100.00
