# args=-l 15 /home/yinxiaole/ICEcream_conda/ICEcream/ICEcream_conda_chenxi/../tmp5/GCF_900474925.1.gbff.1/candidate/candidate_region_1.fna
   15    0  10000   D    15    0 180983   0    2.57e+01     30   100.00
   15    0  70846   D    15    0  78380   0    2.57e+01     30   100.00
   15    0 214816   D    15    0 216926   0    2.57e+01     30   100.00
   34    0 179862   D    34    0 191249   0    9.35e-11     68   100.00
   18    0 180191   D    18    0 191578   0    4.01e-01     36   100.00
   15    0  43900   D    15    0 202185   0    2.57e+01     30   100.00
   17    0  92846   D    17    0 193146   0    1.61e+00     34   100.00
   19    0  41521   D    19    0  47584   0    1.00e-01     38   100.00
   16    0  35832   D    16    0  84143   0    6.42e+00     32   100.00
   15    0  48242   D    15    0 194065   0    2.57e+01     30   100.00
   15    0  75742   D    15    0  99029   0    2.57e+01     30   100.00
   16    0  41738   D    16    0 313056   0    6.42e+00     32   100.00
   15    0  92929   D    15    0 142817   0    2.57e+01     30   100.00
   15    0 117544   D    15    0 264032   0    2.57e+01     30   100.00
   18    0  35969   D    18    0  87908   0    4.01e-01     36   100.00
   18    0  19460   D    18    0  37627   0    4.01e-01     36   100.00
   15    0 129247   D    15    0 233622   0    2.57e+01     30   100.00
   15    0   5009   D    15    0  42349   0    2.57e+01     30   100.00
   35    0 179900   D    35    0 191287   0    2.34e-11     70   100.00
   17    0  23183   D    17    0 247458   0    1.61e+00     34   100.00
   15    0 153841   D    15    0 157426   0    2.57e+01     30   100.00
   15    0 263200   D    15    0 281161   0    2.57e+01     30   100.00
   16    0 115461   D    16    0 270224   0    6.42e+00     32   100.00
   24    0 192189   D    24    0 192200   0    9.80e-05     48   100.00
   15    0 100326   D    15    0 161976   0    2.57e+01     30   100.00
   53    0 179330   D    53    0 190786   0    3.40e-22    106   100.00
   16    0  26131   D    16    0  98970   0    6.42e+00     32   100.00
   36    0 220752   D    36    0 223696   0    5.84e-12     72   100.00
   16    0  22076   D    16    0 249896   0    6.42e+00     32   100.00
   15    0 159744   D    15    0 263081   0    2.57e+01     30   100.00
   15    0  77660   D    15    0  88112   0    2.57e+01     30   100.00
   15    0 203184   D    15    0 268609   0    2.57e+01     30   100.00
   22    0  41325   D    22    0  47457   0    1.57e-03     44   100.00
   17    0  38776   D    17    0 112159   0    1.61e+00     34   100.00
   15    0 280912   D    15    0 311301   0    2.57e+01     30   100.00
   19    0  41472   D    19    0 234439   0    1.00e-01     38   100.00
   51    0 221364   D    51    0 224275   0    5.44e-21    102   100.00
   15    0  86473   D    15    0 278758   0    2.57e+01     30   100.00
   15    0 135117   D    15    0 244547   0    2.57e+01     30   100.00
   34    0 221418   D    34    0 224329   0    9.35e-11     68   100.00
   15    0  38757   D    15    0 123232   0    2.57e+01     30   100.00
   16    0  65691   D    16    0 189961   0    6.42e+00     32   100.00
   16    0  28754   D    16    0 213710   0    6.42e+00     32   100.00
   15    0 210092   D    15    0 271280   0    2.57e+01     30   100.00
   16    0 199255   D    16    0 304853   0    6.42e+00     32   100.00
   16    0 213472   D    16    0 222992   0    6.42e+00     32   100.00
   15    0 258061   D    15    0 288711   0    2.57e+01     30   100.00
   15    0 145759   D    15    0 166528   0    2.57e+01     30   100.00
   15    0  89236   D    15    0 172220   0    2.57e+01     30   100.00
   15    0 192371   D    15    0 271985   0    2.57e+01     30   100.00
   16    0  92852   D    16    0 136163   0    6.42e+00     32   100.00
   15    0  51717   D    15    0 302178   0    2.57e+01     30   100.00
   15    0 275413   D    15    0 310962   0    2.57e+01     30   100.00
   16    0 207600   D    16    0 224218   0    6.42e+00     32   100.00
   17    0 123562   D    17    0 127122   0    1.61e+00     34   100.00
   16    0 179550   D    16    0 191006   0    6.42e+00     32   100.00
   15    0  98053   D    15    0 307732   0    2.57e+01     30   100.00
   26    0  83292   D    26    0  83307   0    6.13e-06     52   100.00
   17    0 304581   D    17    0 307355   0    1.61e+00     34   100.00
   15    0  98313   D    15    0 140109   0    2.57e+01     30   100.00
   15    0 123388   D    15    0 241651   0    2.57e+01     30   100.00
   19    0  41320   D    19    0 234286   0    1.00e-01     38   100.00
   15    0 208691   D    15    0 293577   0    2.57e+01     30   100.00
   16    0   2649   D    16    0 189290   0    6.42e+00     32   100.00
   15    0 172921   D    15    0 220863   0    2.57e+01     30   100.00
   65    0 179201   D    65    0 190657   0    2.03e-29    130   100.00
   15    0  64214   D    15    0 222568   0    2.57e+01     30   100.00
   15    0 239090   D    15    0 258059   0    2.57e+01     30   100.00
   15    0 127047   D    15    0 218856   0    2.57e+01     30   100.00
   16    0  19498   D    16    0  46529   0    6.42e+00     32   100.00
   16    0  20478   D    16    0 275722   0    6.42e+00     32   100.00
   22    0 184774   D    22    0 186333   0    1.57e-03     44   100.00
   16    0  61660   D    16    0 175909   0    6.42e+00     32   100.00
   15    0 177132   D    15    0 269663   0    2.57e+01     30   100.00
   15    0  33040   D    15    0  37692   0    2.57e+01     30   100.00
   16    0 139929   D    16    0 215235   0    6.42e+00     32   100.00
   26    0 179288   D    26    0 190744   0    6.13e-06     52   100.00
   16    0  19863   D    16    0 131236   0    6.42e+00     32   100.00
   15    0 258274   D    15    0 260066   0    2.57e+01     30   100.00
   15    0  36897   D    15    0 292211   0    2.57e+01     30   100.00
   16    0 113351   D    16    0 285217   0    6.42e+00     32   100.00
   15    0 145841   D    15    0 303983   0    2.57e+01     30   100.00
   15    0  24012   D    15    0 280001   0    2.57e+01     30   100.00
   15    0 125600   D    15    0 128898   0    2.57e+01     30   100.00
   15    0  30773   D    15    0 223600   0    2.57e+01     30   100.00
   17    0  40508   D    17    0 186638   0    1.61e+00     34   100.00
   16    0 190350   D    16    0 251046   0    6.42e+00     32   100.00
   15    0 151439   D    15    0 278000   0    2.57e+01     30   100.00
   15    0  16511   D    15    0 189566   0    2.57e+01     30   100.00
   15    0 302733   D    15    0 311065   0    2.57e+01     30   100.00
   15    0   3311   D    15    0 278311   0    2.57e+01     30   100.00
   15    0 162095   D    15    0 267632   0    2.57e+01     30   100.00
   17    0  14055   D    17    0  79657   0    1.61e+00     34   100.00
   56    0 225062   D    56    0 225302   0    5.31e-24    112   100.00
   34    0 225062   D    34    0 225077   0    9.35e-11     68   100.00
   34    0 225062   D    34    0 225317   0    9.35e-11     68   100.00
   19    0 225062   D    19    0 225227   0    1.00e-01     38   100.00
   19    0 225062   D    19    0 225257   0    1.00e-01     38   100.00
   19    0 225062   D    19    0 225182   0    1.00e-01     38   100.00
   19    0 225062   D    19    0 225137   0    1.00e-01     38   100.00
   19    0 225062   D    19    0 225092   0    1.00e-01     38   100.00
   19    0 225062   D    19    0 225332   0    1.00e-01     38   100.00
   15    0  18167   D    15    0 229977   0    2.57e+01     30   100.00
   15    0 134542   D    15    0 211851   0    2.57e+01     30   100.00
   15    0  16478   D    15    0 306661   0    2.57e+01     30   100.00
   19    0 221341   D    19    0 224252   0    1.00e-01     38   100.00
   15    0   7804   D    15    0  97212   0    2.57e+01     30   100.00
   15    0  44330   D    15    0 276141   0    2.57e+01     30   100.00
   15    0  67093   D    15    0 216633   0    2.57e+01     30   100.00
   15    0 271607   D    15    0 292204   0    2.57e+01     30   100.00
   15    0 139392   D    15    0 237800   0    2.57e+01     30   100.00
   15    0 181698   D    15    0 249424   0    2.57e+01     30   100.00
   23    0 188236   D    23    0 189830   0    3.92e-04     46   100.00
   15    0 130249   D    15    0 245924   0    2.57e+01     30   100.00
   15    0  29857   D    15    0  94978   0    2.57e+01     30   100.00
   15    0   9702   D    15    0 235923   0    2.57e+01     30   100.00
   15    0   6039   D    15    0  81758   0    2.57e+01     30   100.00
   15    0  11224   D    15    0  15473   0    2.57e+01     30   100.00
   18    0  10828   D    18    0 202766   0    4.01e-01     36   100.00
   15    0 169067   D    15    0 294144   0    2.57e+01     30   100.00
   22    0  47499   D    22    0 234334   0    1.57e-03     44   100.00
   22    0  41367   D    22    0  47499   0    1.57e-03     44   100.00
   15    0 156600   D    15    0 299782   0    2.57e+01     30   100.00
   15    0  60403   D    15    0 128566   0    2.57e+01     30   100.00
   15    0  28625   D    15    0 282566   0    2.57e+01     30   100.00
   16    0  45751   D    16    0 273435   0    6.42e+00     32   100.00
   15    0 204647   D    15    0 206270   0    2.57e+01     30   100.00
   15    0  61563   D    15    0 283125   0    2.57e+01     30   100.00
   28    0  41366   D    28    0 234333   0    3.83e-07     56   100.00
   15    0  22902   D    15    0  67453   0    2.57e+01     30   100.00
   16    0 236917   D    16    0 281633   0    6.42e+00     32   100.00
   15    0   2275   D    15    0 133127   0    2.57e+01     30   100.00
   16    0  41535   D    16    0 234495   0    6.42e+00     32   100.00
   16    0 188271   D    16    0 189864   0    6.42e+00     32   100.00
   15    0  22171   D    15    0 133981   0    2.57e+01     30   100.00
   15    0  76839   D    15    0 308551   0    2.57e+01     30   100.00
   15    0 123659   D    15    0 123796   0    2.57e+01     30   100.00
   16    0 247508   D    16    0 290016   0    6.42e+00     32   100.00
   16    0  44312   D    16    0  92524   0    6.42e+00     32   100.00
   15    0  76480   D    15    0 291749   0    2.57e+01     30   100.00
   15    0 103291   D    15    0 121861   0    2.57e+01     30   100.00
   15    0  18698   D    15    0 151447   0    2.57e+01     30   100.00
   16    0 112035   D    16    0 112530   0    6.42e+00     32   100.00
   16    0  27263   D    16    0 155874   0    6.42e+00     32   100.00
   16    0 138047   D    16    0 209816   0    6.42e+00     32   100.00
   22    0 180123   D    22    0 191510   0    1.57e-03     44   100.00
   17    0 164693   D    17    0 166718   0    1.61e+00     34   100.00
   15    0 117283   D    15    0 257547   0    2.57e+01     30   100.00
   15    0 124541   D    15    0 130813   0    2.57e+01     30   100.00
   16    0 154946   D    16    0 231059   0    6.42e+00     32   100.00
   15    0 179054   D    15    0 273393   0    2.57e+01     30   100.00
   15    0 196874   D    15    0 233050   0    2.57e+01     30   100.00
   15    0  90226   D    15    0 312270   0    2.57e+01     30   100.00
   17    0 180230   D    17    0 191617   0    1.61e+00     34   100.00
   16    0   2658   D    16    0  99168   0    6.42e+00     32   100.00
   17    0 114447   D    17    0 249511   0    1.61e+00     34   100.00
   50    0 220672   D    50    0 223616   0    2.18e-20    100   100.00
   15    0  71728   D    15    0 190740   0    2.57e+01     30   100.00
   15    0 179641   D    15    0 191097   0    2.57e+01     30   100.00
   15    0 117885   D    15    0 279953   0    2.57e+01     30   100.00
   15    0 171309   D    15    0 194027   0    2.57e+01     30   100.00
   23    0 116077   D    23    0 132382   0    3.92e-04     46   100.00
   15    0 181452   D    15    0 290616   0    2.57e+01     30   100.00
   15    0  97748   D    15    0 164626   0    2.57e+01     30   100.00
   15    0 204186   D    15    0 252519   0    2.57e+01     30   100.00
   15    0   1621   D    15    0  35184   0    2.57e+01     30   100.00
   15    0 154332   D    15    0 236379   0    2.57e+01     30   100.00
   15    0 167314   D    15    0 185201   0    2.57e+01     30   100.00
   15    0  48924   D    15    0 116228   0    2.57e+01     30   100.00
   15    0 172835   D    15    0 180830   0    2.57e+01     30   100.00
   15    0  56462   D    15    0 209016   0    2.57e+01     30   100.00
   16    0  25537   D    16    0  56567   0    6.42e+00     32   100.00
   16    0  58454   D    16    0 231904   0    6.42e+00     32   100.00
   16    0 164630   D    16    0 233248   0    6.42e+00     32   100.00
   15    0 216574   D    15    0 244256   0    2.57e+01     30   100.00
   15    0  46760   D    15    0  70919   0    2.57e+01     30   100.00
   15    0   5837   D    15    0 283081   0    2.57e+01     30   100.00
   15    0  99836   D    15    0 264065   0    2.57e+01     30   100.00
   15    0  91026   D    15    0 208523   0    2.57e+01     30   100.00
   16    0 125798   D    16    0 223065   0    6.42e+00     32   100.00
   15    0 125875   D    15    0 221085   0    2.57e+01     30   100.00
   17    0  41395   D    17    0 234362   0    1.61e+00     34   100.00
   15    0  84756   D    15    0 303173   0    2.57e+01     30   100.00
   19    0 101943   D    19    0 260532   0    1.00e-01     38   100.00
   15    0  69218   D    15    0  81219   0    2.57e+01     30   100.00
   15    0 288105   D    15    0 289491   0    2.57e+01     30   100.00
   15    0 165312   D    15    0 273698   0    2.57e+01     30   100.00
   15    0 228010   D    15    0 230550   0    2.57e+01     30   100.00
   15    0 201405   D    15    0 299099   0    2.57e+01     30   100.00
   15    0  91528   D    15    0 249418   0    2.57e+01     30   100.00
   15    0  67461   D    15    0 188619   0    2.57e+01     30   100.00
   15    0  65696   D    15    0 263329   0    2.57e+01     30   100.00
   16    0 239983   D    16    0 272157   0    6.42e+00     32   100.00
   16    0  51507   D    16    0 141310   0    6.42e+00     32   100.00
   15    0  90067   D    15    0 254219   0    2.57e+01     30   100.00
   15    0  69288   D    15    0 275853   0    2.57e+01     30   100.00
   15    0  23461   D    15    0 192465   0    2.57e+01     30   100.00
   15    0  38956   D    15    0 145560   0    2.57e+01     30   100.00
   44    0 225067   D    44    0 225292   0    8.91e-17     88   100.00
   44    0 225292   D    44    0 225307   0    8.91e-17     88   100.00
  134    0 225082   D   134    0 225127   0    5.82e-71    268   100.00
   89    0 225082   D    89    0 225172   0    7.20e-44    178   100.00
   74    0 225082   D    74    0 225247   0    7.73e-35    148   100.00
   44    0 225082   D    44    0 225217   0    8.91e-17     88   100.00
   36    0 225217   D    36    0 225322   0    5.84e-12     72   100.00
   36    0 225247   D    36    0 225322   0    5.84e-12     72   100.00
   36    0 225172   D    36    0 225322   0    5.84e-12     72   100.00
   36    0 225127   D    36    0 225322   0    5.84e-12     72   100.00
   29    0 225067   D    29    0 225217   0    9.57e-08     58   100.00
   29    0 225067   D    29    0 225247   0    9.57e-08     58   100.00
   29    0 225067   D    29    0 225172   0    9.57e-08     58   100.00
   29    0 225067   D    29    0 225127   0    9.57e-08     58   100.00
   29    0 225217   D    29    0 225307   0    9.57e-08     58   100.00
   29    0 225247   D    29    0 225307   0    9.57e-08     58   100.00
   29    0 225172   D    29    0 225307   0    9.57e-08     58   100.00
   29    0 225127   D    29    0 225307   0    9.57e-08     58   100.00
   29    0 225082   D    29    0 225292   0    9.57e-08     58   100.00
   29    0 225292   D    29    0 225322   0    9.57e-08     58   100.00
   89    0 225157   D    89    0 225232   0    7.20e-44    178   100.00
   89    0 225112   D    89    0 225232   0    7.20e-44    178   100.00
   59    0 225202   D    59    0 225232   0    8.30e-26    118   100.00
   44    0 225232   D    44    0 225277   0    8.91e-17     88   100.00
   29    0 225262   D    29    0 225277   0    9.57e-08     58   100.00
   29    0 225187   D    29    0 225277   0    9.57e-08     58   100.00
   29    0 225142   D    29    0 225277   0    9.57e-08     58   100.00
   29    0 225097   D    29    0 225277   0    9.57e-08     58   100.00
   29    0 225202   D    29    0 225262   0    9.57e-08     58   100.00
   29    0 225187   D    29    0 225202   0    9.57e-08     58   100.00
   29    0 225142   D    29    0 225202   0    9.57e-08     58   100.00
   29    0 225097   D    29    0 225202   0    9.57e-08     58   100.00
   29    0 225157   D    29    0 225262   0    9.57e-08     58   100.00
   29    0 225157   D    29    0 225187   0    9.57e-08     58   100.00
   29    0 225142   D    29    0 225157   0    9.57e-08     58   100.00
   29    0 225097   D    29    0 225157   0    9.57e-08     58   100.00
   29    0 225112   D    29    0 225262   0    9.57e-08     58   100.00
   29    0 225112   D    29    0 225187   0    9.57e-08     58   100.00
   29    0 225112   D    29    0 225142   0    9.57e-08     58   100.00
   29    0 225097   D    29    0 225112   0    9.57e-08     58   100.00
   21    0 225277   D    21    0 225337   0    6.27e-03     42   100.00
   21    0 225202   D    21    0 225337   0    6.27e-03     42   100.00
   21    0 225157   D    21    0 225337   0    6.27e-03     42   100.00
   21    0 225112   D    21    0 225337   0    6.27e-03     42   100.00
   17    0 179531   D    17    0 190987   0    1.61e+00     34   100.00
   15    0  89259   D    15    0 287374   0    2.57e+01     30   100.00
   15    0  35158   D    15    0 173479   0    2.57e+01     30   100.00
   16    0 156013   D    16    0 256233   0    6.42e+00     32   100.00
   15    0 128884   D    15    0 178388   0    2.57e+01     30   100.00
   15    0 148735   D    15    0 271895   0    2.57e+01     30   100.00
   15    0 141455   D    15    0 242889   0    2.57e+01     30   100.00
   15    0 215948   D    15    0 284461   0    2.57e+01     30   100.00
   15    0 202058   D    15    0 295084   0    2.57e+01     30   100.00
   18    0  95876   D    18    0 253607   0    4.01e-01     36   100.00
   27    0  41456   D    27    0  47531   0    1.53e-06     54   100.00
   15    0 133880   D    15    0 171509   0    2.57e+01     30   100.00
   15    0  64410   D    15    0 204649   0    2.57e+01     30   100.00
   15    0  78464   D    15    0 152772   0    2.57e+01     30   100.00
   15    0 169419   D    15    0 287279   0    2.57e+01     30   100.00
   20    0  41543   D    20    0  47606   0    2.51e-02     40   100.00
   19    0 204901   D    19    0 205432   0    1.00e-01     38   100.00
   16    0  61243   D    16    0 243054   0    6.42e+00     32   100.00
   17    0 178367   D    17    0 189932   0    1.61e+00     34   100.00
   15    0 231368   D    15    0 265983   0    2.57e+01     30   100.00
   17    0 165066   D    17    0 245393   0    1.61e+00     34   100.00
