#                                                                            --- full sequence --- -------------- this domain -------------   hmm coord   ali coord   env coord
# target name        accession   tlen query name           accession   qlen   E-value  score  bias   #  of  c-Evalue  i-Evalue  score  bias  from    to  from    to  from    to  acc description of target
#------------------- ---------- ----- -------------------- ---------- ----- --------- ------ ----- --- --- --------- --------- ------ ----- ----- ----- ----- ----- ----- ----- ---- ---------------------
Pfam-B_706           PB000706     735 3999573500_1         -            382     0.051    4.0   7.8   1   2    0.0064      0.45    0.9   2.8   362   427    31    96    22   107 0.80 -
Pfam-B_706           PB000706     735 3999573500_1         -            382     0.051    4.0   7.8   2   2   0.00047     0.033    4.6   0.1   250   292   236   277   228   326 0.78 -
AAA_10               PF12846.2    328 3999573511_1         -            760   6.9e-07   21.1   4.8   1   4     0.022      0.77    1.2   0.0     5    21   162   178   158   203 0.75 AAA-like domain
AAA_10               PF12846.2    328 3999573511_1         -            760   6.9e-07   21.1   4.8   2   4    0.0036      0.13    3.8   0.0   232   260   217   245   213   252 0.86 AAA-like domain
AAA_10               PF12846.2    328 3999573511_1         -            760   6.9e-07   21.1   4.8   3   4     0.047       1.6    0.2   0.5    88   169   358   449   305   478 0.56 AAA-like domain
AAA_10               PF12846.2    328 3999573511_1         -            760   6.9e-07   21.1   4.8   4   4   2.8e-06    0.0001   14.0   0.0     3    98   489   587   488   734 0.79 AAA-like domain
TrwB_AAD_bind        PF10412.4    386 3999573511_1         -            760   0.00059   10.8   0.7   1   3    0.0039      0.14    3.1   0.0     7    41   150   184   146   201 0.83 Type IV secretion-system coupling protein DNA-binding domain
TrwB_AAD_bind        PF10412.4    386 3999573511_1         -            760   0.00059   10.8   0.7   2   3      0.16       5.6   -2.2   0.1    32    51   218   237   215   243 0.69 Type IV secretion-system coupling protein DNA-binding domain
TrwB_AAD_bind        PF10412.4    386 3999573511_1         -            760   0.00059   10.8   0.7   3   3    0.0012      0.04    4.8   0.0    16    51   488   523   476   534 0.83 Type IV secretion-system coupling protein DNA-binding domain
AAA_10               PF12846.2    328 3999573514_1         -            244   2.8e-07   22.4   0.3   1   2   1.2e-07   2.8e-06   19.1   0.1     4    27    34    57    32    76 0.78 AAA-like domain
AAA_10               PF12846.2    328 3999573514_1         -            244   2.8e-07   22.4   0.3   2   2     0.068       1.6    0.2   0.0   239   287   154   200   120   210 0.77 AAA-like domain
FtsK_SpoIIIE         PF01580.13   205 3999573514_1         -            244   1.8e-05   16.7   0.0   1   1   1.3e-06   3.1e-05   15.9   0.0    34    58    25    51    16    71 0.77 FtsK/SpoIIIE family
T2SSE                PF00437.16   277 3999573514_1         -            244   0.00045   11.5   0.3   1   2   3.5e-05   0.00082   10.6   0.0   131   157    32    59     6    68 0.79 Type II/IV secretion system protein
T2SSE                PF00437.16   277 3999573514_1         -            244   0.00045   11.5   0.3   2   2      0.76        18   -3.6   0.1   200   211   155   166   148   166 0.78 Type II/IV secretion system protein
AAA_10               PF12846.2    328 3999573523_1         -            553    0.0063    8.1   9.3   1   4   8.7e-05    0.0061    8.2   0.0     1    28    22    49    22    77 0.84 AAA-like domain
AAA_10               PF12846.2    328 3999573523_1         -            553    0.0063    8.1   9.3   2   4    0.0035      0.25    2.9   1.4    50   182   173   315   153   330 0.46 AAA-like domain
AAA_10               PF12846.2    328 3999573523_1         -            553    0.0063    8.1   9.3   3   4     0.066       4.6   -1.3   0.0    89   129   351   394   322   413 0.73 AAA-like domain
AAA_10               PF12846.2    328 3999573523_1         -            553    0.0063    8.1   9.3   4   4      0.16        11   -2.6   0.0   239   275   448   482   432   535 0.63 AAA-like domain
TrbC_Ftype           PF09673.5    113 3999573525_1         -            283   0.00014   13.9   0.0   1   2   8.5e-06    0.0006   11.9   0.0    54    88    13    45     3    63 0.78 Type-F conjugative transfer system pilin assembly protein
TrbC_Ftype           PF09673.5    113 3999573525_1         -            283   0.00014   13.9   0.0   2   2      0.13       9.4   -1.7   0.0    69    86   111   128   109   155 0.53 Type-F conjugative transfer system pilin assembly protein
T2SSE                PF00437.16   277 3999573576_1         -            208   0.00025   12.3   0.5   1   3   1.1e-05   0.00076   10.7   0.0   131   164     6    37     1    56 0.85 Type II/IV secretion system protein
T2SSE                PF00437.16   277 3999573576_1         -            208   0.00025   12.3   0.5   2   3      0.12       8.2   -2.5   0.0   199   210    99   111    95   113 0.76 Type II/IV secretion system protein
T2SSE                PF00437.16   277 3999573576_1         -            208   0.00025   12.3   0.5   3   3     0.059       4.1   -1.5   0.1    17    74   129   185   114   196 0.68 Type II/IV secretion system protein
T4SS-DNA_transf      PF02534.9    469 3999573600_1         -            594   4.7e-58  189.2   0.5   1   1   4.5e-59   6.3e-58  188.8   0.4    38   443   141   549   109   572 0.87 Type IV secretory system Conjugative DNA transfer
TraG-D_C             PF12696.2    128 3999573600_1         -            594   1.2e-36  117.8   0.4   1   1   1.8e-37   2.5e-36  116.8   0.3     1   127   413   531   413   532 0.91 TraM recognition site of TraD and TraG
TrwB_AAD_bind        PF10412.4    386 3999573600_1         -            594   3.2e-24   77.6   0.0   1   2   2.7e-08   3.8e-07   21.4   0.0     4   141   138   284   135   311 0.78 Type IV secretion-system coupling protein DNA-binding domain
TrwB_AAD_bind        PF10412.4    386 3999573600_1         -            594   3.2e-24   77.6   0.0   2   2   2.6e-18   3.6e-17   54.4   0.0   247   379   416   544   315   550 0.91 Type IV secretion-system coupling protein DNA-binding domain
AAA_10               PF12846.2    328 3999573600_1         -            594   1.9e-10   32.8   0.1   1   1     2e-11   2.8e-10   32.3   0.0     1   324   150   491   150   494 0.76 AAA-like domain
FtsK_SpoIIIE         PF01580.13   205 3999573600_1         -            594   7.5e-05   14.6   0.0   1   2   1.9e-05   0.00027   12.9   0.0    28    54   140   166   116   169 0.76 FtsK/SpoIIIE family
FtsK_SpoIIIE         PF01580.13   205 3999573600_1         -            594   7.5e-05   14.6   0.0   2   2      0.53       7.4   -1.7   0.0    97   173   290   331   272   353 0.55 FtsK/SpoIIIE family
DUF2976              PF11190.4     87 3999573603_1         -            288    0.0079    8.2  12.1   1   3   0.00063     0.022    6.8   0.6    12    81    50   114    43   120 0.74 Protein of unknown function (DUF2976)
DUF2976              PF11190.4     87 3999573603_1         -            288    0.0079    8.2  12.1   2   3   0.00047     0.016    7.2   1.1    18    73   174   229   170   243 0.87 Protein of unknown function (DUF2976)
DUF2976              PF11190.4     87 3999573603_1         -            288    0.0079    8.2  12.1   3   3     0.015      0.53    2.4   0.1    12    34   213   237   206   279 0.54 Protein of unknown function (DUF2976)
TrbL                 PF04610.9    225 3999573603_1         -            288     0.018    7.1  29.9   1   2     0.041       1.4    0.9   0.9    53   126     6    79     1    91 0.45 TrbL/VirB6 plasmid conjugal transfer protein
TrbL                 PF04610.9    225 3999573603_1         -            288     0.018    7.1  29.9   2   2    0.0001    0.0035    9.4  14.9    21   223    97   282    89   284 0.72 TrbL/VirB6 plasmid conjugal transfer protein
AAA_10               PF12846.2    328 3999573606_1         -            808   3.9e-57  186.3   0.0   1   1   3.8e-58   6.7e-57  185.5   0.0     1   326   468   760   468   762 0.93 AAA-like domain
TrwB_AAD_bind        PF10412.4    386 3999573606_1         -            808   1.9e-06   19.1   0.0   1   2   3.5e-07     6e-06   17.4   0.0    12    61   465   518   456   538 0.73 Type IV secretion-system coupling protein DNA-binding domain
TrwB_AAD_bind        PF10412.4    386 3999573606_1         -            808   1.9e-06   19.1   0.0   2   2      0.32       5.6   -2.2   0.0   344   374   712   742   690   747 0.75 Type IV secretion-system coupling protein DNA-binding domain
TraC_F_IV            PF11130.4    237 3999573606_1         -            808   3.9e-06   18.7   0.1   1   2   8.1e-07   1.4e-05   16.8   0.0   130   185   174   226   153   274 0.84 F pilus assembly Type-IV secretion system for plasmid transfer
TraC_F_IV            PF11130.4    237 3999573606_1         -            808   3.9e-06   18.7   0.1   2   2      0.45       7.9   -2.0   0.1   116   167   353   400   347   403 0.77 F pilus assembly Type-IV secretion system for plasmid transfer
FtsK_SpoIIIE         PF01580.13   205 3999573606_1         -            808   5.4e-05   15.1   0.0   1   1   6.4e-06   0.00011   14.1   0.0    37    54   467   484   453   507 0.85 FtsK/SpoIIIE family
FtsK_SpoIIIE         PF01580.13   205 3999573624_1         -            569   1.4e-05   17.0   0.0   1   1   1.2e-06   2.8e-05   16.0   0.0    26    59   344   378   327   395 0.90 FtsK/SpoIIIE family
T2SSE                PF00437.16   277 3999573624_1         -            569   2.1e-05   15.8   0.0   1   1   1.5e-06   3.5e-05   15.1   0.0   100   162   327   389   324   426 0.86 Type II/IV secretion system protein
AAA_10               PF12846.2    328 3999573624_1         -            569    0.0003   12.4   0.4   1   1   2.6e-05   0.00062   11.4   0.3     4    31   360   387   357   554 0.80 AAA-like domain
T2SSE                PF00437.16   277 3999573625_1         -            276   2.9e-07   21.9   1.0   1   2   2.2e-08   5.2e-07   21.1   0.4   104   157     2    55     1    84 0.90 Type II/IV secretion system protein
T2SSE                PF00437.16   277 3999573625_1         -            276   2.9e-07   21.9   1.0   2   2      0.38         9   -2.6   0.0    82   112   200   230   190   244 0.62 Type II/IV secretion system protein
AAA_10               PF12846.2    328 3999573625_1         -            276   0.00042   12.0   0.5   1   2   4.1e-05   0.00096   10.8   0.1     4    22    31    49    29    60 0.87 AAA-like domain
AAA_10               PF12846.2    328 3999573625_1         -            276   0.00042   12.0   0.5   2   2      0.29       6.7   -1.8   0.0   185   210   157   183    96   197 0.61 AAA-like domain
Pfam-B_3022          PB003022     545 3999573625_1         -            276   0.00055   10.6   0.6   1   2   4.7e-05    0.0011    9.6   0.1   199   220    31    52    30    56 0.91 -
Pfam-B_3022          PB003022     545 3999573625_1         -            276   0.00055   10.6   0.6   2   2      0.17         4   -2.1   0.0   304   336   204   237   203   243 0.76 -
AAA_10               PF12846.2    328 3999573654_1         -            246   1.7e-07   23.1   0.0   1   1     6e-09   2.1e-07   22.8   0.0     4   163    34   199    32   239 0.66 AAA-like domain
FtsK_SpoIIIE         PF01580.13   205 3999573654_1         -            246   6.4e-05   14.9   0.0   1   1   3.2e-06   0.00011   14.1   0.0    41    58    34    51    18    61 0.91 FtsK/SpoIIIE family
AAA_10               PF12846.2    328 3999573674_1         -            232   8.4e-05   14.3   0.7   1   2   5.1e-05    0.0018    9.9   0.2     6    23    35    52    32    64 0.82 AAA-like domain
AAA_10               PF12846.2    328 3999573674_1         -            232   8.4e-05   14.3   0.7   2   2     0.012      0.43    2.1   0.0   276   305   176   196   154   222 0.72 AAA-like domain
Pfam-B_3022          PB003022     545 3999573674_1         -            232   0.00015   12.5   0.0   1   1   6.2e-06   0.00022   11.9   0.0   201   227    35    61    27    63 0.90 -
AAA_10               PF12846.2    328 3999573683_1         -            209   1.9e-06   19.7   1.7   1   3   8.2e-06   0.00057   11.5   0.2     6    34    32    60    30    77 0.79 AAA-like domain
AAA_10               PF12846.2    328 3999573683_1         -            209   1.9e-06   19.7   1.7   2   3     0.021       1.5    0.3   0.0   298   323    93   118    69   126 0.62 AAA-like domain
AAA_10               PF12846.2    328 3999573683_1         -            209   1.9e-06   19.7   1.7   3   3   0.00051     0.036    5.6   0.0   250   287   157   193   132   204 0.85 AAA-like domain
AAA_10               PF12846.2    328 3999573697_1         -            233   1.1e-06   20.5   0.1   1   2     3e-05     0.001   10.7   0.0     4    25    36    58    34    88 0.72 AAA-like domain
AAA_10               PF12846.2    328 3999573697_1         -            233   1.1e-06   20.5   0.1   2   2   0.00021    0.0074    7.9   0.0   237   287   150   199   128   214 0.83 AAA-like domain
FtsK_SpoIIIE         PF01580.13   205 3999573697_1         -            233   6.2e-06   18.2   0.0   1   1   3.5e-07   1.2e-05   17.2   0.0    27    57    22    52     4    70 0.86 FtsK/SpoIIIE family
AAA_10               PF12846.2    328 3999573711_1         -            267    0.0003   12.5   0.0   1   1   9.2e-06   0.00065   11.4   0.0     4    23    49    68    46    79 0.87 AAA-like domain
AAA_10               PF12846.2    328 3999573712_1         -            252   5.5e-06   18.2   0.0   1   1   1.5e-07     1e-05   17.3   0.0     3    25    33    55    31    69 0.85 AAA-like domain
AAA_10               PF12846.2    328 3999573722_1         -            510   1.3e-06   20.2   0.1   1   2   1.3e-05   0.00044   11.9   0.0     5    25    35    55    33    72 0.79 AAA-like domain
AAA_10               PF12846.2    328 3999573722_1         -            510   1.3e-06   20.2   0.1   2   2   0.00079     0.028    6.0   0.0   232   293   145   207   139   242 0.85 AAA-like domain
Pfam-B_3022          PB003022     545 3999573722_1         -            510   5.1e-06   17.3   0.0   1   1     2e-07   7.1e-06   16.8   0.0   200   232    35    67    33    70 0.89 -
FtsK_SpoIIIE         PF01580.13   205 3999573742_1         -            514   3.1e-07   22.4   0.7   1   3   0.00037    0.0064    8.3   0.0    27    55    18    46     5    51 0.84 FtsK/SpoIIIE family
FtsK_SpoIIIE         PF01580.13   205 3999573742_1         -            514   3.1e-07   22.4   0.7   2   3      0.74        13   -2.5   0.0    88   121   100   131    93   152 0.65 FtsK/SpoIIIE family
FtsK_SpoIIIE         PF01580.13   205 3999573742_1         -            514   3.1e-07   22.4   0.7   3   3   4.1e-05   0.00072   11.4   0.0    28    59   340   371   314   373 0.87 FtsK/SpoIIIE family
TrwB_AAD_bind        PF10412.4    386 3999573742_1         -            514   1.1e-05   16.6   0.1   1   2    0.0055     0.096    3.6   0.0    16    33    30    47    23    57 0.88 Type IV secretion-system coupling protein DNA-binding domain
TrwB_AAD_bind        PF10412.4    386 3999573742_1         -            514   1.1e-05   16.6   0.1   2   2   4.4e-05   0.00077   10.5   0.0    14    41   349   376   336   394 0.81 Type IV secretion-system coupling protein DNA-binding domain
T2SSE                PF00437.16   277 3999573742_1         -            514   4.7e-05   14.7   0.4   1   2      0.28         5   -1.8   0.0   135   157    34    56    26    60 0.81 Type II/IV secretion system protein
T2SSE                PF00437.16   277 3999573742_1         -            514   4.7e-05   14.7   0.4   2   2   9.7e-06   0.00017   12.8   0.0   116   172   310   391   225   411 0.75 Type II/IV secretion system protein
AAA_10               PF12846.2    328 3999573742_1         -            514      0.01    7.4  10.6   1   4     0.045      0.79    1.2   0.2     3    20    31    48    30    57 0.83 AAA-like domain
AAA_10               PF12846.2    328 3999573742_1         -            514      0.01    7.4  10.6   2   4     0.078       1.4    0.4   0.2   110   178    82   151    56   174 0.66 AAA-like domain
AAA_10               PF12846.2    328 3999573742_1         -            514      0.01    7.4  10.6   3   4     0.081       1.4    0.4   0.1    87   154   195   282   181   303 0.62 AAA-like domain
AAA_10               PF12846.2    328 3999573742_1         -            514      0.01    7.4  10.6   4   4    0.0002    0.0035    9.0   0.0     4    22   353   371   350   387 0.85 AAA-like domain
AAA_10               PF12846.2    328 3999573748_1         -            520   5.3e-05   14.9   1.0   1   2     0.033       2.3   -0.3   0.0    96   193    17   100     4   104 0.73 AAA-like domain
AAA_10               PF12846.2    328 3999573748_1         -            520   5.3e-05   14.9   1.0   2   2   2.4e-06   0.00017   13.3   0.1     4    83   104   194   101   353 0.61 AAA-like domain
AAA_10               PF12846.2    328 3999573773_1         -            282   0.00011   13.9   2.0   1   2     0.013      0.92    1.0   0.1    82   156    29   114    10   123 0.56 AAA-like domain
AAA_10               PF12846.2    328 3999573773_1         -            282   0.00011   13.9   2.0   2   2   3.4e-06   0.00024   12.8   0.1     4    26   124   146   121   254 0.84 AAA-like domain
AAA_10               PF12846.2    328 3999573783_1         -            575   4.6e-06   18.4   0.1   1   2   5.6e-06    0.0002   13.1   0.0     5    22   370   387   368   397 0.88 AAA-like domain
AAA_10               PF12846.2    328 3999573783_1         -            575   4.6e-06   18.4   0.1   2   2    0.0071      0.25    2.9   0.0   233   271   486   524   458   539 0.80 AAA-like domain
T2SSE                PF00437.16   277 3999573783_1         -            575   0.00032   12.0   0.0   1   1   2.2e-05   0.00077   10.7   0.0   103   153   339   389   322   399 0.81 Type II/IV secretion system protein
Pfam-B_3022          PB003022     545 3999573799_1         -            242   3.3e-07   21.3   0.0   1   1   1.8e-08   4.3e-07   20.9   0.0   200   227    31    58    29    74 0.87 -
AAA_10               PF12846.2    328 3999573799_1         -            242     5e-06   18.3   0.6   1   2   1.3e-06     3e-05   15.8   0.0     4    22    30    48    28    59 0.89 AAA-like domain
AAA_10               PF12846.2    328 3999573799_1         -            242     5e-06   18.3   0.6   2   2     0.074       1.7    0.1   0.0   246   293   155   202   112   212 0.65 AAA-like domain
T2SSE                PF00437.16   277 3999573799_1         -            242   3.6e-05   15.1   0.0   1   1   2.6e-06     6e-05   14.3   0.0   127   160    24    57     5    73 0.81 Type II/IV secretion system protein
Pfam-B_3022          PB003022     545 3999573825_1         -            384    0.0008   10.1   0.0   1   1   1.6e-05    0.0011    9.6   0.0   200   227    37    64    35    74 0.91 -
traP_typeI           -            255 3999573843_1         -            549   0.00096   11.0   4.0   1   1   2.4e-05    0.0017   10.2   2.8   112   169   291   349   281   355 0.87 -
T2SSE                PF00437.16   277 3999573880_1         -            635     5e-06   17.9   0.4   1   2   0.00043    0.0099    7.1   0.0   123   153    22    52     8    66 0.84 Type II/IV secretion system protein
T2SSE                PF00437.16   277 3999573880_1         -            635     5e-06   17.9   0.4   2   2   0.00016    0.0036    8.5   0.1    53   157   271   379   244   411 0.72 Type II/IV secretion system protein
AAA_10               PF12846.2    328 3999573880_1         -            635     6e-06   18.0   6.1   1   4   6.9e-05    0.0016   10.1   0.0     5    23    33    51    32    59 0.89 AAA-like domain
AAA_10               PF12846.2    328 3999573880_1         -            635     6e-06   18.0   6.1   2   4      0.37       8.7   -2.2   0.1   132   172   264   300   234   318 0.60 AAA-like domain
AAA_10               PF12846.2    328 3999573880_1         -            635     6e-06   18.0   6.1   3   4   8.2e-05    0.0019    9.8   0.0     4    24   355   375   354   401 0.86 AAA-like domain
AAA_10               PF12846.2    328 3999573880_1         -            635     6e-06   18.0   6.1   4   4      0.64        15   -3.0   0.1   147   147   560   560   502   612 0.54 AAA-like domain
FtsK_SpoIIIE         PF01580.13   205 3999573880_1         -            635    0.0012   10.7   4.8   1   4    0.0038     0.088    4.6   0.0    30    58    21    49    10    52 0.85 FtsK/SpoIIIE family
FtsK_SpoIIIE         PF01580.13   205 3999573880_1         -            635    0.0012   10.7   4.8   2   4       1.6        38   -4.0   0.2   112   132    84   104    82   132 0.72 FtsK/SpoIIIE family
FtsK_SpoIIIE         PF01580.13   205 3999573880_1         -            635    0.0012   10.7   4.8   3   4   0.00079     0.018    6.8   0.0    29    59   343   373   331   377 0.88 FtsK/SpoIIIE family
FtsK_SpoIIIE         PF01580.13   205 3999573880_1         -            635    0.0012   10.7   4.8   4   4      0.41       9.5   -2.0   0.1    84   113   533   562   510   621 0.57 FtsK/SpoIIIE family
AAA_10               PF12846.2    328 3999573884_1         -            252   8.8e-07   20.8   0.5   1   2   4.6e-07   3.2e-05   15.7   0.1     6    37    40    73    37    75 0.92 AAA-like domain
AAA_10               PF12846.2    328 3999573884_1         -            252   8.8e-07   20.8   0.5   2   2    0.0024      0.17    3.4   0.0   243   293   169   218   109   244 0.82 AAA-like domain
AAA_10               PF12846.2    328 3999573928_1         -            757    0.0029    9.2   5.8   1   4     0.014         1    0.9   0.1    92   164    77   165    73   194 0.76 AAA-like domain
AAA_10               PF12846.2    328 3999573928_1         -            757    0.0029    9.2   5.8   2   4     0.016       1.2    0.7   0.0    57   129   201   323   159   363 0.69 AAA-like domain
AAA_10               PF12846.2    328 3999573928_1         -            757    0.0029    9.2   5.8   3   4    0.0017      0.12    3.9   0.0     4    22   372   390   369   412 0.84 AAA-like domain
AAA_10               PF12846.2    328 3999573928_1         -            757    0.0029    9.2   5.8   4   4    0.0042      0.29    2.6   0.2    13    38   449   484   448   714 0.66 AAA-like domain
