#                                                                            --- full sequence --- -------------- this domain -------------   hmm coord   ali coord   env coord
# target name        accession   tlen query name           accession   qlen   E-value  score  bias   #  of  c-Evalue  i-Evalue  score  bias  from    to  from    to  from    to  acc description of target
#------------------- ---------- ----- -------------------- ---------- ----- --------- ------ ----- --- --- --------- --------- ------ ----- ----- ----- ----- ----- ----- ----- ---- ---------------------
AAA_10               PF12846.2    328 3999574150_1         -            230   0.00016   13.4   0.2   1   2     1e-05    0.0007   11.2   0.1     6    24    35    53    32    67 0.82 AAA-like domain
AAA_10               PF12846.2    328 3999574150_1         -            230   0.00016   13.4   0.2   2   2     0.015         1    0.8   0.0   165   238   123   206    50   221 0.52 AAA-like domain
traP_typeI           -            255 3999574196_1         -            153   0.00043   12.1   4.7   1   2   1.4e-06   9.5e-05   14.2   1.1   107   173    14    80     3    93 0.78 -
traP_typeI           -            255 3999574196_1         -            153   0.00043   12.1   4.7   2   2      0.27        19   -3.1   0.0   100   113   121   134   110   143 0.53 -
VirB3                PF05101.8     89 3999574234_1         -            187       1.8    1.1  15.3   1   3     0.033       2.3    0.7   0.2    26    49    53    76    50    84 0.83 Type IV secretory pathway, VirB3-like protein
VirB3                PF05101.8     89 3999574234_1         -            187       1.8    1.1  15.3   2   3   0.00041     0.029    6.9   3.2    27    55   112   140    90   152 0.91 Type IV secretory pathway, VirB3-like protein
VirB3                PF05101.8     89 3999574234_1         -            187       1.8    1.1  15.3   3   3       0.2        14   -1.8   0.1    35    47   161   173   147   180 0.55 Type IV secretory pathway, VirB3-like protein
AAA_10               PF12846.2    328 3999574258_1         -            487    0.0002   13.1   2.7   1   2     0.013      0.94    1.0   0.7    99   185   107   200    65   226 0.72 AAA-like domain
AAA_10               PF12846.2    328 3999574258_1         -            487    0.0002   13.1   2.7   2   2   8.1e-06   0.00056   11.6   0.0     3    37   285   321   284   394 0.90 AAA-like domain
Pfam-B_3022          PB003022     545 3999574299_1         -            330   2.6e-05   15.0   0.0   1   1     6e-07   4.2e-05   14.3   0.0   199   232    53    86    47    98 0.84 -
AAA_10               PF12846.2    328 3999574317_1         -            500   8.8e-22   70.1   0.1   1   1   4.2e-22   7.3e-21   67.1   0.0     1   309    21   320    21   337 0.77 AAA-like domain
FtsK_SpoIIIE         PF01580.13   205 3999574317_1         -            500   2.9e-11   35.6   0.1   1   2   9.6e-10   1.7e-08   26.6   0.2    37    92    19    70     4    81 0.79 FtsK/SpoIIIE family
FtsK_SpoIIIE         PF01580.13   205 3999574317_1         -            500   2.9e-11   35.6   0.1   2   2    0.0017      0.03    6.2   0.0   153   203   257   303   205   305 0.94 FtsK/SpoIIIE family
TrwB_AAD_bind        PF10412.4    386 3999574317_1         -            500   8.5e-07   20.2   0.0   1   2   2.3e-07   3.9e-06   18.0   0.0    10    55    16    61    10    70 0.88 Type IV secretion-system coupling protein DNA-binding domain
TrwB_AAD_bind        PF10412.4    386 3999574317_1         -            500   8.5e-07   20.2   0.0   2   2      0.18       3.1   -1.4   0.0   236   280   251   301   230   309 0.72 Type IV secretion-system coupling protein DNA-binding domain
T2SSE                PF00437.16   277 3999574317_1         -            500   0.00011   13.4   0.1   1   1   1.3e-05   0.00023   12.4   0.1   134   154    25    45    10    52 0.87 Type II/IV secretion system protein
T2SSE                PF00437.16   277 3999574332_1         -            717   8.7e-06   17.1   0.2   1   2     0.046       1.6   -0.2   0.0   102   163   380   443   332   482 0.74 Type II/IV secretion system protein
T2SSE                PF00437.16   277 3999574332_1         -            717   8.7e-06   17.1   0.2   2   2   9.5e-07   3.3e-05   15.2   0.0    98   162   478   542   428   546 0.76 Type II/IV secretion system protein
Pfam-B_3022          PB003022     545 3999574332_1         -            717    0.0013    9.3   0.0   1   1   5.7e-05     0.002    8.8   0.0   201   225   515   539   513   549 0.85 -
AAA_10               PF12846.2    328 3999574348_1         -            298   0.00025   12.7   0.1   1   2   1.4e-05   0.00098   10.8   0.1     2    27     5    30     4    59 0.87 AAA-like domain
AAA_10               PF12846.2    328 3999574348_1         -            298   0.00025   12.7   0.1   2   2     0.061       4.3   -1.2   0.0   198   229    51    81    45    97 0.74 AAA-like domain
AAA_10               PF12846.2    328 3999574352_1         -            350   0.00015   13.4   0.2   1   2     4e-05    0.0028    9.3   0.0     5    35   133   163   130   178 0.85 AAA-like domain
AAA_10               PF12846.2    328 3999574352_1         -            350   0.00015   13.4   0.2   2   2    0.0071      0.49    1.9   0.0   238   257   223   242   185   255 0.80 AAA-like domain
FtsK_SpoIIIE         PF01580.13   205 3999574363_1         -            801   2.7e-63  205.5   2.1   1   2     0.081       1.4    0.7   0.2   100   147   181   228   177   267 0.80 FtsK/SpoIIIE family
FtsK_SpoIIIE         PF01580.13   205 3999574363_1         -            801   2.7e-63  205.5   2.1   2   2   5.6e-64   9.8e-63  203.7   0.0    13   205   449   634   439   634 0.94 FtsK/SpoIIIE family
AAA_10               PF12846.2    328 3999574363_1         -            801   7.9e-10   30.8   3.2   1   3       1.6        28   -3.9   0.1   150   182   212   242   183   263 0.50 AAA-like domain
AAA_10               PF12846.2    328 3999574363_1         -            801   7.9e-10   30.8   3.2   2   3   8.2e-07   1.4e-05   16.8   0.1     2    38   475   515   474   518 0.89 AAA-like domain
AAA_10               PF12846.2    328 3999574363_1         -            801   7.9e-10   30.8   3.2   3   3     5e-06   8.7e-05   14.2   0.0   245   313   583   655   544   666 0.80 AAA-like domain
T2SSE                PF00437.16   277 3999574363_1         -            801   2.7e-05   15.5   0.0   1   1   2.9e-06   5.1e-05   14.6   0.0    58   155   404   499   358   525 0.66 Type II/IV secretion system protein
TrwB_AAD_bind        PF10412.4    386 3999574363_1         -            801   4.9e-05   14.4   0.0   1   2   1.5e-05   0.00027   12.0   0.0    15    42   474   501   470   556 0.81 Type IV secretion-system coupling protein DNA-binding domain
TrwB_AAD_bind        PF10412.4    386 3999574363_1         -            801   4.9e-05   14.4   0.0   2   2      0.16       2.7   -1.2   0.0   247   281   591   631   579   634 0.72 Type IV secretion-system coupling protein DNA-binding domain
AAA_10               PF12846.2    328 3999574366_1         -            241   9.2e-05   14.1   0.0   1   1   6.2e-06   0.00014   13.5   0.0     5    23    32    50    29    64 0.84 AAA-like domain
Pfam-B_3022          PB003022     545 3999574366_1         -            241    0.0004   11.1   0.0   1   1   2.4e-05   0.00056   10.6   0.0   199   221    31    53    21    57 0.89 -
T2SSE                PF00437.16   277 3999574366_1         -            241    0.0005   11.3   0.1   1   1   3.2e-05   0.00074   10.8   0.1   109   157     7    55     1    63 0.79 Type II/IV secretion system protein
DUF2976              PF11190.4     87 3999574382_1         -             83     0.022    6.8   5.8   1   3     0.066       4.7   -0.6   0.1    67    82    12    28     8    32 0.52 Protein of unknown function (DUF2976)
DUF2976              PF11190.4     87 3999574382_1         -             83     0.022    6.8   5.8   2   3     0.039       2.7    0.1   0.0    26    44    30    48    19    53 0.70 Protein of unknown function (DUF2976)
DUF2976              PF11190.4     87 3999574382_1         -             83     0.022    6.8   5.8   3   3   0.00012    0.0085    8.1   1.5    16    47    44    76    33    78 0.76 Protein of unknown function (DUF2976)
DUF3487              PF11990.4    114 3999574389_1         -            235    0.0015   10.7   3.2   1   2     0.033       2.3    0.3   0.2    34    67    93   128    64   166 0.62 Protein of unknown function (DUF3487)
DUF3487              PF11990.4    114 3999574389_1         -            235    0.0015   10.7   3.2   2   2   2.3e-05    0.0016   10.5   0.2    27    64   179   216   173   234 0.84 Protein of unknown function (DUF3487)
T2SSE                PF00437.16   277 3999574400_1         -            211   0.00034   11.8   0.1   1   1   9.2e-06   0.00064   10.9   0.1   131   164     5    39     2    65 0.86 Type II/IV secretion system protein
DUF3487              PF11990.4    114 3999574429_1         -            229      0.32    3.1  14.1   1   2   0.00032     0.022    6.8   1.4     9    61    50   103    44   135 0.70 Protein of unknown function (DUF3487)
DUF3487              PF11990.4    114 3999574429_1         -            229      0.32    3.1  14.1   2   2      0.98        69   -4.4   6.9    30    64   142   176    95   190 0.66 Protein of unknown function (DUF3487)
AAA_10               PF12846.2    328 3999574440_1         -            436     2e-05   16.3   0.0   1   2   1.4e-05   0.00096   10.8   0.0     2    27     4    29     3    61 0.79 AAA-like domain
AAA_10               PF12846.2    328 3999574440_1         -            436     2e-05   16.3   0.0   2   2    0.0036      0.25    2.9   0.0     6    23   179   196   177   213 0.89 AAA-like domain
T4SS                 PF07996.7    197 3999574448_1         -            185   0.00021   13.8   4.5   1   2   4.2e-05    0.0029   10.1   0.2   122   165    52    95    18   105 0.75 Type IV secretion system proteins
T4SS                 PF07996.7    197 3999574448_1         -            185   0.00021   13.8   4.5   2   2   0.00096     0.067    5.7   0.3    13    52   113   151   104   173 0.86 Type IV secretion system proteins
AAA_10               PF12846.2    328 3999574455_1         -            354   2.1e-09   29.4   0.9   1   2   7.9e-06   0.00055   11.6   0.1     6    34    40    68    37    75 0.87 AAA-like domain
AAA_10               PF12846.2    328 3999574455_1         -            354   2.1e-09   29.4   0.9   2   2   3.3e-07   2.3e-05   16.1   0.0   235   287   144   210    74   225 0.71 AAA-like domain
T2SSE                PF00437.16   277 3999574465_1         -            372   0.00036   11.8   0.1   1   1   9.1e-06   0.00063   11.0   0.0   129   162   162   195   122   198 0.80 Type II/IV secretion system protein
