#                                                                            --- full sequence --- -------------- this domain -------------   hmm coord   ali coord   env coord
# target name        accession   tlen query name           accession   qlen   E-value  score  bias   #  of  c-Evalue  i-Evalue  score  bias  from    to  from    to  from    to  acc description of target
#------------------- ---------- ----- -------------------- ---------- ----- --------- ------ ----- --- --- --------- --------- ------ ----- ----- ----- ----- ----- ----- ----- ---- ---------------------
Pfam-B_6973          PB006973     233 3999574663_1         -            108   2.5e-07   22.8   0.2   1   1   7.9e-09   2.8e-07   22.6   0.1    31    91    27    95    13   106 0.78 -
Replic_Relax         PF13814.1    191 3999574663_1         -            108   0.00031   13.0   0.0   1   1     1e-05   0.00035   12.8   0.0    26    69    40    80    27   102 0.84 Replication-relaxation
AAA_10               PF12846.2    328 3999574680_1         -            280   6.7e-05   14.6   0.1   1   2   9.9e-06   0.00069   11.3   0.1     3    24    35    56    33    75 0.84 AAA-like domain
AAA_10               PF12846.2    328 3999574680_1         -            280   6.7e-05   14.6   0.1   2   2     0.011      0.78    1.2   0.0   246   293   165   211   122   227 0.75 AAA-like domain
Pfam-B_3022          PB003022     545 3999574681_1         -            279     6e-05   13.8   0.0   1   1   3.3e-06   0.00012   12.8   0.0   199   226    36    63    34    66 0.89 -
AAA_10               PF12846.2    328 3999574681_1         -            279   0.00036   12.2   0.5   1   2    0.0017     0.058    4.9   0.1     6    21    38    53    36    73 0.87 AAA-like domain
AAA_10               PF12846.2    328 3999574681_1         -            279   0.00036   12.2   0.5   2   2   0.00094     0.033    5.8   0.0   199   290   100   204    67   216 0.69 AAA-like domain
TrbL                 PF04610.9    225 3999574703_1         -            725   3.4e-05   16.0  13.4   1   4     0.012      0.82    1.7   0.3   164   189    21    46     9    60 0.61 TrbL/VirB6 plasmid conjugal transfer protein
TrbL                 PF04610.9    225 3999574703_1         -            725   3.4e-05   16.0  13.4   2   4     0.051       3.6   -0.4   2.8    72   121   125   183    76   201 0.47 TrbL/VirB6 plasmid conjugal transfer protein
TrbL                 PF04610.9    225 3999574703_1         -            725   3.4e-05   16.0  13.4   3   4    0.0015      0.11    4.6   0.7     2    63   160   222   159   255 0.81 TrbL/VirB6 plasmid conjugal transfer protein
TrbL                 PF04610.9    225 3999574703_1         -            725   3.4e-05   16.0  13.4   4   4   4.8e-07   3.4e-05   16.0   9.3    99   214   310   429   275   436 0.84 TrbL/VirB6 plasmid conjugal transfer protein
AAA_10               PF12846.2    328 3999574704_1         -            815   6.9e-36  116.4   1.3   1   2      0.17        12   -2.6   0.0    92   129   167   203   135   285 0.68 AAA-like domain
AAA_10               PF12846.2    328 3999574704_1         -            815   6.9e-36  116.4   1.3   2   2   1.5e-37     1e-35  115.9   0.2     5   327   468   763   466   764 0.88 AAA-like domain
TrbC                 PF04956.9     99 3999574707_1         -             73   0.00012   14.5   2.6   1   1   2.4e-06   0.00017   14.1   1.8    43    93     5    57     2    63 0.82 TrbC/VIRB2 family
Rep_trans            PF02486.14   183 3999574708_1         -            401   8.7e-49  157.8   1.9   1   1   1.9e-50   1.3e-48  157.3   1.3     5   182   169   374   166   375 0.96 Replication initiation factor
FtsK_SpoIIIE         PF01580.13   205 3999574710_1         -            461   7.8e-44  142.0   0.0   1   1   5.8e-45     1e-43  141.6   0.0     4   204   187   365   184   366 0.95 FtsK/SpoIIIE family
AAA_10               PF12846.2    328 3999574710_1         -            461   2.2e-08   26.0   0.1   1   2   4.2e-08   7.3e-07   21.0   0.0     2    39   222   259   221   277 0.95 AAA-like domain
AAA_10               PF12846.2    328 3999574710_1         -            461   2.2e-08   26.0   0.1   2   2     0.014      0.25    2.9   0.0   232   308   285   382   279   388 0.72 AAA-like domain
TrwB_AAD_bind        PF10412.4    386 3999574710_1         -            461   6.8e-06   17.2   0.0   1   1   6.6e-07   1.2e-05   16.5   0.0    16    52   222   258   214   280 0.89 Type IV secretion-system coupling protein DNA-binding domain
T2SSE                PF00437.16   277 3999574710_1         -            461   0.00012   13.3   0.0   1   1   1.1e-05    0.0002   12.6   0.0   132   174   223   264   192   281 0.81 Type II/IV secretion system protein
VirB3                PF05101.8     89 3999574715_1         -            290     0.014    7.8   6.3   1   3     0.065       4.5   -0.2   0.4    31    50    47    66    30    88 0.56 Type IV secretory pathway, VirB3-like protein
VirB3                PF05101.8     89 3999574715_1         -            290     0.014    7.8   6.3   2   3   5.7e-05     0.004    9.6   0.2    18    66   143   204   137   220 0.78 Type IV secretory pathway, VirB3-like protein
VirB3                PF05101.8     89 3999574715_1         -            290     0.014    7.8   6.3   3   3      0.22        15   -1.9   0.0    59    78   251   270   233   281 0.66 Type IV secretory pathway, VirB3-like protein
